<?xml version="1.0"?>
<testsuites><testsuite name="Test_Event" file="/export/users/marcelog/src/sts/Ding/test/event/Test_Event.php" fullPackage="Test.Events" category="Ding" package="Test" subpackage="Events" tests="1" assertions="3" failures="0" errors="0" time="0.259392">
        <testcase name="can_trigger_events" class="Test_Event" file="/export/users/marcelog/src/sts/Ding/test/event/Test_Event.php" line="73" assertions="3" time="0.259392"/>
      </testsuite><testsuite name="Ding\Helpers\TCP\Test_TCP_Mock" file="/export/users/marcelog/src/sts/Ding/test/tcp/Test_TCP_Mock.php" namespace="Ding\Helpers\TCP" fullPackage="Test.Tcp" category="Ding" package="Test" subpackage="Tcp" tests="6" assertions="6" failures="0" errors="0" time="0.774922">
        <testcase name="cannot_socket_create" class="Ding\Helpers\TCP\Test_TCP_Mock" file="/export/users/marcelog/src/sts/Ding/test/tcp/Test_TCP_Mock.php" line="115" assertions="1" time="0.061738"/>
        <testcase name="cannot_socket_select" class="Ding\Helpers\TCP\Test_TCP_Mock" file="/export/users/marcelog/src/sts/Ding/test/tcp/Test_TCP_Mock.php" line="135" assertions="1" time="0.068249"/>
        <testcase name="cannot_socket_select_on_server" class="Ding\Helpers\TCP\Test_TCP_Mock" file="/export/users/marcelog/src/sts/Ding/test/tcp/Test_TCP_Mock.php" line="161" assertions="1" time="0.082159"/>
        <testcase name="cannot_socket_select_on_server_peers" class="Ding\Helpers\TCP\Test_TCP_Mock" file="/export/users/marcelog/src/sts/Ding/test/tcp/Test_TCP_Mock.php" line="184" assertions="1" time="0.396940"/>
        <testcase name="cannot_socket_create_on_server" class="Ding\Helpers\TCP\Test_TCP_Mock" file="/export/users/marcelog/src/sts/Ding/test/tcp/Test_TCP_Mock.php" line="213" assertions="1" time="0.081808"/>
        <testcase name="cannot_socket_listen_on_server" class="Ding\Helpers\TCP\Test_TCP_Mock" file="/export/users/marcelog/src/sts/Ding/test/tcp/Test_TCP_Mock.php" line="232" assertions="1" time="0.084028"/>
      </testsuite><testsuite name="Test_TCP_Client" file="/export/users/marcelog/src/sts/Ding/test/tcp/Test_TCP_Client.php" fullPackage="Test.Tcp" category="Ding" package="Test" subpackage="Tcp" tests="7" assertions="7" failures="0" errors="0" time="22.873705">
        <testcase name="cannot_bind" class="Test_TCP_Client" file="/export/users/marcelog/src/sts/Ding/test/tcp/Test_TCP_Client.php" line="79" assertions="1" time="0.060900"/>
        <testcase name="cannot_connect" class="Test_TCP_Client" file="/export/users/marcelog/src/sts/Ding/test/tcp/Test_TCP_Client.php" line="90" assertions="1" time="0.066646"/>
        <testcase name="can_timeout_on_connect" class="Test_TCP_Client" file="/export/users/marcelog/src/sts/Ding/test/tcp/Test_TCP_Client.php" line="100" assertions="1" time="9.870876"/>
        <testcase name="can_connect_and_receive_nonblocking" class="Test_TCP_Client" file="/export/users/marcelog/src/sts/Ding/test/tcp/Test_TCP_Client.php" line="115" assertions="1" time="0.224529"/>
        <testcase name="can_connect_and_receive_blocking" class="Test_TCP_Client" file="/export/users/marcelog/src/sts/Ding/test/tcp/Test_TCP_Client.php" line="128" assertions="1" time="0.224667"/>
        <testcase name="can_timeout_on_starving_reading" class="Test_TCP_Client" file="/export/users/marcelog/src/sts/Ding/test/tcp/Test_TCP_Client.php" line="142" assertions="1" time="10.081477"/>
        <testcase name="can_close_on_server_disconnect" class="Test_TCP_Client" file="/export/users/marcelog/src/sts/Ding/test/tcp/Test_TCP_Client.php" line="156" assertions="1" time="2.344610"/>
      </testsuite><testsuite name="Test_TCP_Server" file="/export/users/marcelog/src/sts/Ding/test/tcp/Test_TCP_Server.php" fullPackage="Test.Tcp" category="Ding" package="Test" subpackage="Tcp" tests="6" assertions="5" failures="0" errors="0" time="17.504434">
        <testcase name="can_open" class="Test_TCP_Server" file="/export/users/marcelog/src/sts/Ding/test/tcp/Test_TCP_Server.php" line="75" assertions="0" time="0.082441"/>
        <testcase name="cannot_bind" class="Test_TCP_Server" file="/export/users/marcelog/src/sts/Ding/test/tcp/Test_TCP_Server.php" line="87" assertions="1" time="0.082717"/>
        <testcase name="can_accept_connection_and_receive_data" class="Test_TCP_Server" file="/export/users/marcelog/src/sts/Ding/test/tcp/Test_TCP_Server.php" line="98" assertions="1" time="2.334425"/>
        <testcase name="can_accept_connection_and_send_data" class="Test_TCP_Server" file="/export/users/marcelog/src/sts/Ding/test/tcp/Test_TCP_Server.php" line="114" assertions="1" time="2.329546"/>
        <testcase name="can_close_on_client_disconnect" class="Test_TCP_Server" file="/export/users/marcelog/src/sts/Ding/test/tcp/Test_TCP_Server.php" line="130" assertions="1" time="2.329649"/>
        <testcase name="can_timeout_on_starving_reading" class="Test_TCP_Server" file="/export/users/marcelog/src/sts/Ding/test/tcp/Test_TCP_Server.php" line="146" assertions="1" time="10.345656"/>
      </testsuite><testsuite name="Test_XML_Cache" file="/export/users/marcelog/src/sts/Ding/test/aop/cache/Test_Cache_AOP.php" fullPackage="Test.Aop.Cache" category="Ding" package="Test" subpackage="Aop.Cache" tests="2" assertions="4" failures="0" errors="0" time="0.097125">
        <testcase name="can_cache_pointcut" class="Test_XML_Cache" file="/export/users/marcelog/src/sts/Ding/test/aop/cache/Test_Cache_AOP.php" line="75" assertions="2" time="0.050504"/>
        <testcase name="can_return_cached_pointcut" class="Test_XML_Cache" file="/export/users/marcelog/src/sts/Ding/test/aop/cache/Test_Cache_AOP.php" line="89" assertions="2" time="0.046621"/>
      </testsuite><testsuite name="Test_Dispatcher" file="/export/users/marcelog/src/sts/Ding/test/aop/dispatcher/Test_Dispatcher.php" fullPackage="Test.Aop.Dispatcher" category="Ding" package="Test" subpackage="Aop.Dispatcher" tests="2" assertions="5" failures="0" errors="0" time="0.128589">
        <testcase name="can_properly_set_method_invocation" class="Test_Dispatcher" file="/export/users/marcelog/src/sts/Ding/test/aop/dispatcher/Test_Dispatcher.php" line="69" assertions="4" time="0.071931"/>
        <testcase name="can_throw_exception_when_no_exception_interceptors" class="Test_Dispatcher" file="/export/users/marcelog/src/sts/Ding/test/aop/dispatcher/Test_Dispatcher.php" line="86" assertions="1" time="0.056658"/>
      </testsuite><testsuite name="Test_XML_AOP" file="/export/users/marcelog/src/sts/Ding/test/aop/xml/Test_XML_AOP.php" fullPackage="Test.Aop.Xml" category="Ding" package="Test" subpackage="Aop.Xml" tests="7" assertions="12" failures="0" errors="0" time="0.429199">
        <testcase name="can_intercept_exception_from_bean_aop" class="Test_XML_AOP" file="/export/users/marcelog/src/sts/Ding/test/aop/xml/Test_XML_AOP.php" line="69" assertions="1" time="0.064760"/>
        <testcase name="can_intercept_and_proceed_exception_from_bean_aop" class="Test_XML_AOP" file="/export/users/marcelog/src/sts/Ding/test/aop/xml/Test_XML_AOP.php" line="80" assertions="1" time="0.064188"/>
        <testcase name="cannot_invalid_aspect_type" class="Test_XML_AOP" file="/export/users/marcelog/src/sts/Ding/test/aop/xml/Test_XML_AOP.php" line="91" assertions="1" time="0.043438"/>
        <testcase name="can_intercept_method_from_bean_aop" class="Test_XML_AOP" file="/export/users/marcelog/src/sts/Ding/test/aop/xml/Test_XML_AOP.php" line="100" assertions="1" time="0.059341"/>
        <testcase name="can_intercept_multiple_methods_from_bean_aop" class="Test_XML_AOP" file="/export/users/marcelog/src/sts/Ding/test/aop/xml/Test_XML_AOP.php" line="110" assertions="2" time="0.062178"/>
        <testcase name="can_define_global_aspects" class="Test_XML_AOP" file="/export/users/marcelog/src/sts/Ding/test/aop/xml/Test_XML_AOP.php" line="121" assertions="4" time="0.073686"/>
        <testcase name="can_define_global_pointcuts" class="Test_XML_AOP" file="/export/users/marcelog/src/sts/Ding/test/aop/xml/Test_XML_AOP.php" line="135" assertions="2" time="0.061608"/>
      </testsuite><testsuite name="Test_YAML_AOP" file="/export/users/marcelog/src/sts/Ding/test/aop/yaml/Test_YAML_AOP.php" fullPackage="Test.Aop.Yaml" category="Ding" package="Test" subpackage="Aop.Yaml" tests="6" assertions="11" failures="0" errors="0" time="0.377135">
        <testcase name="can_intercept_exception_from_bean_aop" class="Test_YAML_AOP" file="/export/users/marcelog/src/sts/Ding/test/aop/yaml/Test_YAML_AOP.php" line="69" assertions="1" time="0.064845"/>
        <testcase name="cannot_invalid_aspect_type" class="Test_YAML_AOP" file="/export/users/marcelog/src/sts/Ding/test/aop/yaml/Test_YAML_AOP.php" line="80" assertions="1" time="0.041987"/>
        <testcase name="can_intercept_method_from_bean_aop" class="Test_YAML_AOP" file="/export/users/marcelog/src/sts/Ding/test/aop/yaml/Test_YAML_AOP.php" line="89" assertions="1" time="0.058549"/>
        <testcase name="can_intercept_multiple_methods_from_bean_aop" class="Test_YAML_AOP" file="/export/users/marcelog/src/sts/Ding/test/aop/yaml/Test_YAML_AOP.php" line="99" assertions="2" time="0.064887"/>
        <testcase name="can_define_global_aspects" class="Test_YAML_AOP" file="/export/users/marcelog/src/sts/Ding/test/aop/yaml/Test_YAML_AOP.php" line="110" assertions="4" time="0.078189"/>
        <testcase name="can_define_global_pointcuts" class="Test_YAML_AOP" file="/export/users/marcelog/src/sts/Ding/test/aop/yaml/Test_YAML_AOP.php" line="124" assertions="2" time="0.068677"/>
      </testsuite><testsuite name="Test_Annotation_AOP" file="/export/users/marcelog/src/sts/Ding/test/aop/annotation/Test_Annotation_AOP.php" fullPackage="Test.Aop.Annotation" category="Ding" package="Test" subpackage="Aop.Annotation" tests="2" assertions="2" failures="0" errors="0" time="0.446376">
        <testcase name="can_intercept_method" class="Test_Annotation_AOP" file="/export/users/marcelog/src/sts/Ding/test/aop/annotation/Test_Annotation_AOP.php" line="70" assertions="1" time="0.222732"/>
        <testcase name="can_intercept_exception" class="Test_Annotation_AOP" file="/export/users/marcelog/src/sts/Ding/test/aop/annotation/Test_Annotation_AOP.php" line="80" assertions="1" time="0.223644"/>
      </testsuite><testsuite name="Test_Proxy" file="/export/users/marcelog/src/sts/Ding/test/aop/proxy/Test_Proxy.php" fullPackage="Test.Aop.Proxy" category="Ding" package="Test" subpackage="Aop.Proxy" tests="2" assertions="9" failures="0" errors="0" time="0.518240">
        <testcase name="can_intercept_protected_method" class="Test_Proxy" file="/export/users/marcelog/src/sts/Ding/test/aop/proxy/Test_Proxy.php" line="70" assertions="2" time="0.257157"/>
        <testcase name="can_honor_default_values" class="Test_Proxy" file="/export/users/marcelog/src/sts/Ding/test/aop/proxy/Test_Proxy.php" line="82" assertions="7" time="0.261083"/>
      </testsuite><testsuite name="Test_HttpViewResolver" file="/export/users/marcelog/src/sts/Ding/test/mvc/Test_HttpViewResolver.php" fullPackage="Test.mvc" category="Ding" package="Test" subpackage="mvc" tests="2" assertions="4" failures="0" errors="0" time="0.111130">
        <testcase name="can_resolve" class="Test_HttpViewResolver" file="/export/users/marcelog/src/sts/Ding/test/mvc/Test_HttpViewResolver.php" line="67" assertions="2" time="0.055209"/>
        <testcase name="can_resolve_with_slash_at_the_end" class="Test_HttpViewResolver" file="/export/users/marcelog/src/sts/Ding/test/mvc/Test_HttpViewResolver.php" line="82" assertions="2" time="0.055921"/>
      </testsuite><testsuite name="Test_HttpFrontController" file="/export/users/marcelog/src/sts/Ding/test/mvc/Test_HttpFrontController.php" fullPackage="Test.mvc" category="Ding" package="Test" subpackage="mvc" tests="12" assertions="12" failures="0" errors="0" time="2.138518">
        <testcase name="can_accept_get_arguments" class="Test_HttpFrontController" file="/export/users/marcelog/src/sts/Ding/test/mvc/Test_HttpFrontController.php" line="86" assertions="2" time="0.207255"/>
        <testcase name="can_accept_post_arguments" class="Test_HttpFrontController" file="/export/users/marcelog/src/sts/Ding/test/mvc/Test_HttpFrontController.php" line="99" assertions="2" time="0.227097"/>
        <testcase name="can_forward" class="Test_HttpFrontController" file="/export/users/marcelog/src/sts/Ding/test/mvc/Test_HttpFrontController.php" line="115" assertions="1" time="0.205445"/>
        <testcase name="can_redirect" class="Test_HttpFrontController" file="/export/users/marcelog/src/sts/Ding/test/mvc/Test_HttpFrontController.php" line="129" assertions="0" time="0.112875"/>
        <testcase name="can_dispatch_and_render_default_action" class="Test_HttpFrontController" file="/export/users/marcelog/src/sts/Ding/test/mvc/Test_HttpFrontController.php" line="140" assertions="1" time="0.222564"/>
        <testcase name="can_dispatch_and_render" class="Test_HttpFrontController" file="/export/users/marcelog/src/sts/Ding/test/mvc/Test_HttpFrontController.php" line="154" assertions="1" time="0.230577"/>
        <testcase name="can_dispatch_and_render_twig" class="Test_HttpFrontController" file="/export/users/marcelog/src/sts/Ding/test/mvc/Test_HttpFrontController.php" line="168" assertions="1" time="0.203571"/>
        <testcase name="can_dispatch_and_render_smarty" class="Test_HttpFrontController" file="/export/users/marcelog/src/sts/Ding/test/mvc/Test_HttpFrontController.php" line="182" assertions="1" time="0.130087"/>
        <testcase name="can_dispatch_and_render_exceptions" class="Test_HttpFrontController" file="/export/users/marcelog/src/sts/Ding/test/mvc/Test_HttpFrontController.php" line="213" assertions="1" time="0.208280"/>
        <testcase name="cannot_handle_uncatched_exceptions" class="Test_HttpFrontController" file="/export/users/marcelog/src/sts/Ding/test/mvc/Test_HttpFrontController.php" line="228" assertions="1" time="0.125346"/>
        <testcase name="cannot_handle_invalid_base_url" class="Test_HttpFrontController" file="/export/users/marcelog/src/sts/Ding/test/mvc/Test_HttpFrontController.php" line="240" assertions="1" time="0.195040"/>
        <testcase name="can_handle_uncatched_exceptions_with_no_exception_mapper" class="Test_HttpFrontController" file="/export/users/marcelog/src/sts/Ding/test/mvc/Test_HttpFrontController.php" line="251" assertions="0" time="0.070381"/>
      </testsuite><testsuite name="Test_HttpDispatcher" file="/export/users/marcelog/src/sts/Ding/test/mvc/Test_HttpDispatcher.php" fullPackage="Test.mvc" category="Ding" package="Test" subpackage="mvc" tests="6" assertions="10" failures="0" errors="0" time="1.233948">
        <testcase name="can_dispatch" class="Test_HttpDispatcher" file="/export/users/marcelog/src/sts/Ding/test/mvc/Test_HttpDispatcher.php" line="67" assertions="2" time="0.068346"/>
        <testcase name="can_dispatch_to_main" class="Test_HttpDispatcher" file="/export/users/marcelog/src/sts/Ding/test/mvc/Test_HttpDispatcher.php" line="81" assertions="2" time="0.081064"/>
        <testcase name="can_dispatch_without_begin_slash" class="Test_HttpDispatcher" file="/export/users/marcelog/src/sts/Ding/test/mvc/Test_HttpDispatcher.php" line="95" assertions="2" time="0.067776"/>
        <testcase name="cannot_dispatch_to_invalid_action" class="Test_HttpDispatcher" file="/export/users/marcelog/src/sts/Ding/test/mvc/Test_HttpDispatcher.php" line="110" assertions="1" time="0.070908"/>
        <testcase name="cannot_dispatch_to_invalid_controller" class="Test_HttpDispatcher" file="/export/users/marcelog/src/sts/Ding/test/mvc/Test_HttpDispatcher.php" line="123" assertions="1" time="0.065509"/>
        <testcase name="can_dispatch_with_annotations" class="Test_HttpDispatcher" file="/export/users/marcelog/src/sts/Ding/test/mvc/Test_HttpDispatcher.php" line="135" assertions="2" time="0.880345"/>
      </testsuite><testsuite name="Test_HttpView" file="/export/users/marcelog/src/sts/Ding/test/mvc/Test_HttpView.php" fullPackage="Test.mvc" category="Ding" package="Test" subpackage="mvc" tests="1" assertions="1" failures="0" errors="0" time="0.068127">
        <testcase name="can_render" class="Test_HttpView" file="/export/users/marcelog/src/sts/Ding/test/mvc/Test_HttpView.php" line="67" assertions="1" time="0.068127"/>
      </testsuite><testsuite name="Test_ModelAndView" file="/export/users/marcelog/src/sts/Ding/test/mvc/Test_ModelAndView.php" fullPackage="Test.mvc" category="Ding" package="Test" subpackage="mvc" tests="3" assertions="3" failures="0" errors="0" time="0.024690">
        <testcase name="can_get_set_model" class="Test_ModelAndView" file="/export/users/marcelog/src/sts/Ding/test/mvc/Test_ModelAndView.php" line="53" assertions="1" time="0.004585"/>
        <testcase name="can_redirect_mav" class="Test_ModelAndView" file="/export/users/marcelog/src/sts/Ding/test/mvc/Test_ModelAndView.php" line="64" assertions="1" time="0.005180"/>
        <testcase name="can_forward_mav" class="Test_ModelAndView" file="/export/users/marcelog/src/sts/Ding/test/mvc/Test_ModelAndView.php" line="75" assertions="1" time="0.014925"/>
      </testsuite><testsuite name="Test_Syslog" file="/export/users/marcelog/src/sts/Ding/test/syslog/Test_Syslog.php" fullPackage="Test.Syslog" category="Ding" package="Test" subpackage="Syslog" tests="1" assertions="0" failures="0" errors="0" time="0.051872">
        <testcase name="can_use_syslog" class="Test_Syslog" file="/export/users/marcelog/src/sts/Ding/test/syslog/Test_Syslog.php" line="51" assertions="0" time="0.051872"/>
      </testsuite><testsuite name="Test_Timer" file="/export/users/marcelog/src/sts/Ding/test/timer/Test_Timer.php" fullPackage="Test.Timer" category="Ding" package="Test" subpackage="Timer" tests="1" assertions="1" failures="0" errors="0" time="4.508742">
        <testcase name="can_use_timer" class="Test_Timer" file="/export/users/marcelog/src/sts/Ding/test/timer/Test_Timer.php" line="52" assertions="1" time="4.508742"/>
      </testsuite><testsuite name="Test_HttpSession" file="/export/users/marcelog/src/sts/Ding/test/httpsession/Test_HttpSession.php" fullPackage="Test.Httpsession" category="Ding" package="Test" subpackage="Httpsession" tests="3" assertions="2" failures="0" errors="0" time="0.011728">
        <testcase name="can_use_session" class="Test_HttpSession" file="/export/users/marcelog/src/sts/Ding/test/httpsession/Test_HttpSession.php" line="50" assertions="0" time="0.002688"/>
        <testcase name="can_return_false_on_invalid_attribute" class="Test_HttpSession" file="/export/users/marcelog/src/sts/Ding/test/httpsession/Test_HttpSession.php" line="59" assertions="1" time="0.003843"/>
        <testcase name="can_use_attributes" class="Test_HttpSession" file="/export/users/marcelog/src/sts/Ding/test/httpsession/Test_HttpSession.php" line="68" assertions="1" time="0.005197"/>
      </testsuite><testsuite name="Test_XML_IoC" file="/export/users/marcelog/src/sts/Ding/test/ioc/xml/Test_XML_IoC.php" fullPackage="Test.Ioc.Xml" category="Ding" package="Test" subpackage="Ioc.Xml" tests="17" assertions="71" failures="0" errors="0" time="1.049711">
        <testcase name="cannot_read_beans_file" class="Test_XML_IoC" file="/export/users/marcelog/src/sts/Ding/test/ioc/xml/Test_XML_IoC.php" line="71" assertions="1" time="0.037458"/>
        <testcase name="cannot_parse_beans_file" class="Test_XML_IoC" file="/export/users/marcelog/src/sts/Ding/test/ioc/xml/Test_XML_IoC.php" line="93" assertions="1" time="0.054801"/>
        <testcase name="cannot_unknown_bean" class="Test_XML_IoC" file="/export/users/marcelog/src/sts/Ding/test/ioc/xml/Test_XML_IoC.php" line="116" assertions="1" time="0.085637"/>
        <testcase name="cannot_invalid_scope" class="Test_XML_IoC" file="/export/users/marcelog/src/sts/Ding/test/ioc/xml/Test_XML_IoC.php" line="126" assertions="1" time="0.041011"/>
        <testcase name="can_init_method" class="Test_XML_IoC" file="/export/users/marcelog/src/sts/Ding/test/ioc/xml/Test_XML_IoC.php" line="135" assertions="1" time="0.046102"/>
        <testcase name="can_destroy_method" class="Test_XML_IoC" file="/export/users/marcelog/src/sts/Ding/test/ioc/xml/Test_XML_IoC.php" line="145" assertions="1" time="0.046683"/>
        <testcase name="can_constructor_args" class="Test_XML_IoC" file="/export/users/marcelog/src/sts/Ding/test/ioc/xml/Test_XML_IoC.php" line="158" assertions="16" time="0.079840"/>
        <testcase name="can_setter_args" class="Test_XML_IoC" file="/export/users/marcelog/src/sts/Ding/test/ioc/xml/Test_XML_IoC.php" line="184" assertions="16" time="0.076537"/>
        <testcase name="can_singleton" class="Test_XML_IoC" file="/export/users/marcelog/src/sts/Ding/test/ioc/xml/Test_XML_IoC.php" line="209" assertions="3" time="0.047400"/>
        <testcase name="can_prototype" class="Test_XML_IoC" file="/export/users/marcelog/src/sts/Ding/test/ioc/xml/Test_XML_IoC.php" line="228" assertions="3" time="0.048940"/>
        <testcase name="can_import" class="Test_XML_IoC" file="/export/users/marcelog/src/sts/Ding/test/ioc/xml/Test_XML_IoC.php" line="247" assertions="2" time="0.051031"/>
        <testcase name="can_depends_on" class="Test_XML_IoC" file="/export/users/marcelog/src/sts/Ding/test/ioc/xml/Test_XML_IoC.php" line="258" assertions="3" time="0.058921"/>
        <testcase name="can_method_lookup" class="Test_XML_IoC" file="/export/users/marcelog/src/sts/Ding/test/ioc/xml/Test_XML_IoC.php" line="270" assertions="2" time="0.060756"/>
        <testcase name="can_multiple_dirs" class="Test_XML_IoC" file="/export/users/marcelog/src/sts/Ding/test/ioc/xml/Test_XML_IoC.php" line="281" assertions="2" time="0.071248"/>
        <testcase name="can_factory_method" class="Test_XML_IoC" file="/export/users/marcelog/src/sts/Ding/test/ioc/xml/Test_XML_IoC.php" line="305" assertions="8" time="0.056753"/>
        <testcase name="can_factory_bean" class="Test_XML_IoC" file="/export/users/marcelog/src/sts/Ding/test/ioc/xml/Test_XML_IoC.php" line="323" assertions="8" time="0.093389"/>
        <testcase name="can_cache_property_name_for_setter_driver" class="Test_XML_IoC" file="/export/users/marcelog/src/sts/Ding/test/ioc/xml/Test_XML_IoC.php" line="341" assertions="2" time="0.093204"/>
      </testsuite><testsuite name="Test_YAML_IoC" file="/export/users/marcelog/src/sts/Ding/test/ioc/yaml/Test_YAML_IoC.php" fullPackage="Test.Ioc.Yaml" category="Ding" package="Test" subpackage="Ioc.Yaml" tests="17" assertions="70" failures="0" errors="0" time="1.110862">
        <testcase name="cannot_read_beans_file" class="Test_YAML_IoC" file="/export/users/marcelog/src/sts/Ding/test/ioc/yaml/Test_YAML_IoC.php" line="70" assertions="1" time="0.037280"/>
        <testcase name="cannot_invalid_scope" class="Test_YAML_IoC" file="/export/users/marcelog/src/sts/Ding/test/ioc/yaml/Test_YAML_IoC.php" line="92" assertions="1" time="0.075554"/>
        <testcase name="cannot_unknown_bean" class="Test_YAML_IoC" file="/export/users/marcelog/src/sts/Ding/test/ioc/yaml/Test_YAML_IoC.php" line="102" assertions="1" time="0.114992"/>
        <testcase name="cannot_parse_beans_file" class="Test_YAML_IoC" file="/export/users/marcelog/src/sts/Ding/test/ioc/yaml/Test_YAML_IoC.php" line="112" assertions="1" time="0.056283"/>
        <testcase name="can_constructor_args" class="Test_YAML_IoC" file="/export/users/marcelog/src/sts/Ding/test/ioc/yaml/Test_YAML_IoC.php" line="133" assertions="16" time="0.078834"/>
        <testcase name="can_init_method" class="Test_YAML_IoC" file="/export/users/marcelog/src/sts/Ding/test/ioc/yaml/Test_YAML_IoC.php" line="158" assertions="1" time="0.046127"/>
        <testcase name="can_destroy_method" class="Test_YAML_IoC" file="/export/users/marcelog/src/sts/Ding/test/ioc/yaml/Test_YAML_IoC.php" line="168" assertions="1" time="0.051229"/>
        <testcase name="can_setter_args" class="Test_YAML_IoC" file="/export/users/marcelog/src/sts/Ding/test/ioc/yaml/Test_YAML_IoC.php" line="181" assertions="15" time="0.088158"/>
        <testcase name="can_singleton" class="Test_YAML_IoC" file="/export/users/marcelog/src/sts/Ding/test/ioc/yaml/Test_YAML_IoC.php" line="205" assertions="3" time="0.047250"/>
        <testcase name="can_prototype" class="Test_YAML_IoC" file="/export/users/marcelog/src/sts/Ding/test/ioc/yaml/Test_YAML_IoC.php" line="224" assertions="3" time="0.048719"/>
        <testcase name="can_import" class="Test_YAML_IoC" file="/export/users/marcelog/src/sts/Ding/test/ioc/yaml/Test_YAML_IoC.php" line="243" assertions="2" time="0.050491"/>
        <testcase name="can_depends_on" class="Test_YAML_IoC" file="/export/users/marcelog/src/sts/Ding/test/ioc/yaml/Test_YAML_IoC.php" line="254" assertions="3" time="0.058614"/>
        <testcase name="can_multiple_dirs" class="Test_YAML_IoC" file="/export/users/marcelog/src/sts/Ding/test/ioc/yaml/Test_YAML_IoC.php" line="266" assertions="2" time="0.073235"/>
        <testcase name="can_method_lookup" class="Test_YAML_IoC" file="/export/users/marcelog/src/sts/Ding/test/ioc/yaml/Test_YAML_IoC.php" line="290" assertions="2" time="0.064786"/>
        <testcase name="can_factory_method" class="Test_YAML_IoC" file="/export/users/marcelog/src/sts/Ding/test/ioc/yaml/Test_YAML_IoC.php" line="301" assertions="8" time="0.056903"/>
        <testcase name="can_factory_bean" class="Test_YAML_IoC" file="/export/users/marcelog/src/sts/Ding/test/ioc/yaml/Test_YAML_IoC.php" line="319" assertions="8" time="0.063568"/>
        <testcase name="can_cache_property_name_for_setter_driver" class="Test_YAML_IoC" file="/export/users/marcelog/src/sts/Ding/test/ioc/yaml/Test_YAML_IoC.php" line="337" assertions="2" time="0.098839"/>
      </testsuite><testsuite name="Test_Annotation_IoC" file="/export/users/marcelog/src/sts/Ding/test/ioc/annotation/Test_Annotation_IoC.php" fullPackage="Test.Ioc.Annotation" category="Ding" package="Test" subpackage="Ioc.Annotation" tests="12" assertions="18" failures="0" errors="0" time="3.169302">
        <testcase name="can_get_class_with_underscore" class="Test_Annotation_IoC" file="/export/users/marcelog/src/sts/Ding/test/ioc/annotation/Test_Annotation_IoC.php" line="69" assertions="1" time="0.333500"/>
        <testcase name="can_get_from_a_namespaced_class" class="Test_Annotation_IoC" file="/export/users/marcelog/src/sts/Ding/test/ioc/annotation/Test_Annotation_IoC.php" line="79" assertions="1" time="0.260698"/>
        <testcase name="can_singleton" class="Test_Annotation_IoC" file="/export/users/marcelog/src/sts/Ding/test/ioc/annotation/Test_Annotation_IoC.php" line="88" assertions="3" time="0.252272"/>
        <testcase name="can_prototype" class="Test_Annotation_IoC" file="/export/users/marcelog/src/sts/Ding/test/ioc/annotation/Test_Annotation_IoC.php" line="107" assertions="3" time="0.253265"/>
        <testcase name="can_rename" class="Test_Annotation_IoC" file="/export/users/marcelog/src/sts/Ding/test/ioc/annotation/Test_Annotation_IoC.php" line="126" assertions="1" time="0.251562"/>
        <testcase name="can_init_method" class="Test_Annotation_IoC" file="/export/users/marcelog/src/sts/Ding/test/ioc/annotation/Test_Annotation_IoC.php" line="136" assertions="1" time="0.250535"/>
        <testcase name="can_destroy_method" class="Test_Annotation_IoC" file="/export/users/marcelog/src/sts/Ding/test/ioc/annotation/Test_Annotation_IoC.php" line="146" assertions="1" time="0.274783"/>
        <testcase name="can_at_resource" class="Test_Annotation_IoC" file="/export/users/marcelog/src/sts/Ding/test/ioc/annotation/Test_Annotation_IoC.php" line="159" assertions="3" time="0.271484"/>
        <testcase name="can_at_required" class="Test_Annotation_IoC" file="/export/users/marcelog/src/sts/Ding/test/ioc/annotation/Test_Annotation_IoC.php" line="171" assertions="1" time="0.272998"/>
        <testcase name="cannot_at_required_missing_property" class="Test_Annotation_IoC" file="/export/users/marcelog/src/sts/Ding/test/ioc/annotation/Test_Annotation_IoC.php" line="182" assertions="1" time="0.241579"/>
        <testcase name="can_class_init_method" class="Test_Annotation_IoC" file="/export/users/marcelog/src/sts/Ding/test/ioc/annotation/Test_Annotation_IoC.php" line="190" assertions="1" time="0.257310"/>
        <testcase name="can_class_destroy_method" class="Test_Annotation_IoC" file="/export/users/marcelog/src/sts/Ding/test/ioc/annotation/Test_Annotation_IoC.php" line="200" assertions="1" time="0.249316"/>
      </testsuite><testsuite name="Test_Cache_Dummy" file="/export/users/marcelog/src/sts/Ding/test/cache/dummy/Test_Cache_Dummy.php" fullPackage="Test.Cache.Dummy" category="Ding" package="Test" subpackage="Cache.Dummy" tests="1" assertions="0" failures="0" errors="0" time="0.042817">
        <testcase name="can_remove" class="Test_Cache_Dummy" file="/export/users/marcelog/src/sts/Ding/test/cache/dummy/Test_Cache_Dummy.php" line="95" assertions="0" time="0.042817"/>
      </testsuite><testsuite name="Test_IoC_Cache_ZF" file="/export/users/marcelog/src/sts/Ding/test/cache/zfcache/Test_IoC_Cache_ZF.php" fullPackage="Test.Cache.Zfcache" category="Ding" package="Test" subpackage="Cache.Zfcache" tests="15" assertions="78" failures="0" errors="0" time="1.446734">
        <testcase name="can_remove" class="Test_IoC_Cache_ZF" file="/export/users/marcelog/src/sts/Ding/test/cache/zfcache/Test_IoC_Cache_ZF.php" line="101" assertions="3" time="0.180633"/>
        <testcase name="can_init_method" class="Test_IoC_Cache_ZF" file="/export/users/marcelog/src/sts/Ding/test/cache/zfcache/Test_IoC_Cache_ZF.php" line="124" assertions="1" time="0.067146"/>
        <testcase name="can_destroy_method" class="Test_IoC_Cache_ZF" file="/export/users/marcelog/src/sts/Ding/test/cache/zfcache/Test_IoC_Cache_ZF.php" line="134" assertions="1" time="0.068009"/>
        <testcase name="can_constructor_args" class="Test_IoC_Cache_ZF" file="/export/users/marcelog/src/sts/Ding/test/cache/zfcache/Test_IoC_Cache_ZF.php" line="147" assertions="16" time="0.123361"/>
        <testcase name="can_setter_args" class="Test_IoC_Cache_ZF" file="/export/users/marcelog/src/sts/Ding/test/cache/zfcache/Test_IoC_Cache_ZF.php" line="173" assertions="16" time="0.119753"/>
        <testcase name="can_setter_args_cached" class="Test_IoC_Cache_ZF" file="/export/users/marcelog/src/sts/Ding/test/cache/zfcache/Test_IoC_Cache_ZF.php" line="198" assertions="16" time="0.107447"/>
        <testcase name="can_singleton" class="Test_IoC_Cache_ZF" file="/export/users/marcelog/src/sts/Ding/test/cache/zfcache/Test_IoC_Cache_ZF.php" line="223" assertions="3" time="0.074610"/>
        <testcase name="can_prototype" class="Test_IoC_Cache_ZF" file="/export/users/marcelog/src/sts/Ding/test/cache/zfcache/Test_IoC_Cache_ZF.php" line="242" assertions="3" time="0.076398"/>
        <testcase name="can_import" class="Test_IoC_Cache_ZF" file="/export/users/marcelog/src/sts/Ding/test/cache/zfcache/Test_IoC_Cache_ZF.php" line="261" assertions="2" time="0.076589"/>
        <testcase name="can_depends_on" class="Test_IoC_Cache_ZF" file="/export/users/marcelog/src/sts/Ding/test/cache/zfcache/Test_IoC_Cache_ZF.php" line="272" assertions="3" time="0.093303"/>
        <testcase name="can_method_lookup" class="Test_IoC_Cache_ZF" file="/export/users/marcelog/src/sts/Ding/test/cache/zfcache/Test_IoC_Cache_ZF.php" line="284" assertions="2" time="0.106097"/>
        <testcase name="can_multiple_dirs" class="Test_IoC_Cache_ZF" file="/export/users/marcelog/src/sts/Ding/test/cache/zfcache/Test_IoC_Cache_ZF.php" line="295" assertions="2" time="0.061647"/>
        <testcase name="can_factory_method" class="Test_IoC_Cache_ZF" file="/export/users/marcelog/src/sts/Ding/test/cache/zfcache/Test_IoC_Cache_ZF.php" line="319" assertions="4" time="0.072407"/>
        <testcase name="can_factory_bean" class="Test_IoC_Cache_ZF" file="/export/users/marcelog/src/sts/Ding/test/cache/zfcache/Test_IoC_Cache_ZF.php" line="332" assertions="4" time="0.084837"/>
        <testcase name="can_cache_property_name_for_setter_driver" class="Test_IoC_Cache_ZF" file="/export/users/marcelog/src/sts/Ding/test/cache/zfcache/Test_IoC_Cache_ZF.php" line="345" assertions="2" time="0.134498"/>
      </testsuite><testsuite name="Test_IoC_Annotation_Cache_ZF" file="/export/users/marcelog/src/sts/Ding/test/cache/zfcache/Test_IoC_Annotation_Cache_ZF.php" fullPackage="Test.Cache.Zfcache" category="Ding" package="Test" subpackage="Cache.Zfcache" tests="11" assertions="17" failures="0" errors="0" time="1.548135">
        <testcase name="can_get_from_a_namespaced_class" class="Test_IoC_Annotation_Cache_ZF" file="/export/users/marcelog/src/sts/Ding/test/cache/zfcache/Test_IoC_Annotation_Cache_ZF.php" line="86" assertions="1" time="0.450992"/>
        <testcase name="can_singleton" class="Test_IoC_Annotation_Cache_ZF" file="/export/users/marcelog/src/sts/Ding/test/cache/zfcache/Test_IoC_Annotation_Cache_ZF.php" line="95" assertions="3" time="0.101469"/>
        <testcase name="can_prototype" class="Test_IoC_Annotation_Cache_ZF" file="/export/users/marcelog/src/sts/Ding/test/cache/zfcache/Test_IoC_Annotation_Cache_ZF.php" line="114" assertions="3" time="0.163137"/>
        <testcase name="can_rename" class="Test_IoC_Annotation_Cache_ZF" file="/export/users/marcelog/src/sts/Ding/test/cache/zfcache/Test_IoC_Annotation_Cache_ZF.php" line="133" assertions="1" time="0.101200"/>
        <testcase name="can_init_method" class="Test_IoC_Annotation_Cache_ZF" file="/export/users/marcelog/src/sts/Ding/test/cache/zfcache/Test_IoC_Annotation_Cache_ZF.php" line="143" assertions="1" time="0.101310"/>
        <testcase name="can_destroy_method" class="Test_IoC_Annotation_Cache_ZF" file="/export/users/marcelog/src/sts/Ding/test/cache/zfcache/Test_IoC_Annotation_Cache_ZF.php" line="153" assertions="1" time="0.101921"/>
        <testcase name="can_at_resource" class="Test_IoC_Annotation_Cache_ZF" file="/export/users/marcelog/src/sts/Ding/test/cache/zfcache/Test_IoC_Annotation_Cache_ZF.php" line="166" assertions="3" time="0.113980"/>
        <testcase name="can_at_required" class="Test_IoC_Annotation_Cache_ZF" file="/export/users/marcelog/src/sts/Ding/test/cache/zfcache/Test_IoC_Annotation_Cache_ZF.php" line="178" assertions="1" time="0.119692"/>
        <testcase name="cannot_at_required_missing_property" class="Test_IoC_Annotation_Cache_ZF" file="/export/users/marcelog/src/sts/Ding/test/cache/zfcache/Test_IoC_Annotation_Cache_ZF.php" line="189" assertions="1" time="0.091261"/>
        <testcase name="can_class_init_method" class="Test_IoC_Annotation_Cache_ZF" file="/export/users/marcelog/src/sts/Ding/test/cache/zfcache/Test_IoC_Annotation_Cache_ZF.php" line="197" assertions="1" time="0.100471"/>
        <testcase name="can_class_destroy_method" class="Test_IoC_Annotation_Cache_ZF" file="/export/users/marcelog/src/sts/Ding/test/cache/zfcache/Test_IoC_Annotation_Cache_ZF.php" line="207" assertions="1" time="0.102702"/>
      </testsuite><testsuite name="Test_IoC_Annotation_Cache_File" file="/export/users/marcelog/src/sts/Ding/test/cache/file/Test_IoC_Annotation_Cache_File.php" fullPackage="Test.Cache.File" category="Ding" package="Test" subpackage="Cache.File" tests="11" assertions="17" failures="0" errors="0" time="0.891494">
        <testcase name="can_get_from_a_namespaced_class" class="Test_IoC_Annotation_Cache_File" file="/export/users/marcelog/src/sts/Ding/test/cache/file/Test_IoC_Annotation_Cache_File.php" line="77" assertions="1" time="0.267318"/>
        <testcase name="can_singleton" class="Test_IoC_Annotation_Cache_File" file="/export/users/marcelog/src/sts/Ding/test/cache/file/Test_IoC_Annotation_Cache_File.php" line="86" assertions="3" time="0.059005"/>
        <testcase name="can_prototype" class="Test_IoC_Annotation_Cache_File" file="/export/users/marcelog/src/sts/Ding/test/cache/file/Test_IoC_Annotation_Cache_File.php" line="105" assertions="3" time="0.061682"/>
        <testcase name="can_rename" class="Test_IoC_Annotation_Cache_File" file="/export/users/marcelog/src/sts/Ding/test/cache/file/Test_IoC_Annotation_Cache_File.php" line="124" assertions="1" time="0.057559"/>
        <testcase name="can_init_method" class="Test_IoC_Annotation_Cache_File" file="/export/users/marcelog/src/sts/Ding/test/cache/file/Test_IoC_Annotation_Cache_File.php" line="134" assertions="1" time="0.057490"/>
        <testcase name="can_destroy_method" class="Test_IoC_Annotation_Cache_File" file="/export/users/marcelog/src/sts/Ding/test/cache/file/Test_IoC_Annotation_Cache_File.php" line="144" assertions="1" time="0.057775"/>
        <testcase name="can_at_resource" class="Test_IoC_Annotation_Cache_File" file="/export/users/marcelog/src/sts/Ding/test/cache/file/Test_IoC_Annotation_Cache_File.php" line="157" assertions="3" time="0.067896"/>
        <testcase name="can_at_required" class="Test_IoC_Annotation_Cache_File" file="/export/users/marcelog/src/sts/Ding/test/cache/file/Test_IoC_Annotation_Cache_File.php" line="169" assertions="1" time="0.070905"/>
        <testcase name="cannot_at_required_missing_property" class="Test_IoC_Annotation_Cache_File" file="/export/users/marcelog/src/sts/Ding/test/cache/file/Test_IoC_Annotation_Cache_File.php" line="180" assertions="1" time="0.050224"/>
        <testcase name="can_class_init_method" class="Test_IoC_Annotation_Cache_File" file="/export/users/marcelog/src/sts/Ding/test/cache/file/Test_IoC_Annotation_Cache_File.php" line="188" assertions="1" time="0.065258"/>
        <testcase name="can_class_destroy_method" class="Test_IoC_Annotation_Cache_File" file="/export/users/marcelog/src/sts/Ding/test/cache/file/Test_IoC_Annotation_Cache_File.php" line="198" assertions="1" time="0.076383"/>
      </testsuite><testsuite name="Test_IoC_Cache_File" file="/export/users/marcelog/src/sts/Ding/test/cache/file/Test_IoC_Cache_File.php" fullPackage="Test.Cache.File" category="Ding" package="Test" subpackage="Cache.File" tests="16" assertions="80" failures="0" errors="0" time="0.908062">
        <testcase name="can_remove" class="Test_IoC_Cache_File" file="/export/users/marcelog/src/sts/Ding/test/cache/file/Test_IoC_Cache_File.php" line="96" assertions="4" time="0.054345"/>
        <testcase name="cannot_if_not_directory" class="Test_IoC_Cache_File" file="/export/users/marcelog/src/sts/Ding/test/cache/file/Test_IoC_Cache_File.php" line="121" assertions="1" time="0.015003"/>
        <testcase name="can_init_method" class="Test_IoC_Cache_File" file="/export/users/marcelog/src/sts/Ding/test/cache/file/Test_IoC_Cache_File.php" line="151" assertions="1" time="0.053006"/>
        <testcase name="can_destroy_method" class="Test_IoC_Cache_File" file="/export/users/marcelog/src/sts/Ding/test/cache/file/Test_IoC_Cache_File.php" line="161" assertions="1" time="0.047650"/>
        <testcase name="can_constructor_args" class="Test_IoC_Cache_File" file="/export/users/marcelog/src/sts/Ding/test/cache/file/Test_IoC_Cache_File.php" line="174" assertions="16" time="0.079243"/>
        <testcase name="can_setter_args" class="Test_IoC_Cache_File" file="/export/users/marcelog/src/sts/Ding/test/cache/file/Test_IoC_Cache_File.php" line="200" assertions="16" time="0.076610"/>
        <testcase name="can_setter_args_cached" class="Test_IoC_Cache_File" file="/export/users/marcelog/src/sts/Ding/test/cache/file/Test_IoC_Cache_File.php" line="225" assertions="16" time="0.067494"/>
        <testcase name="can_singleton" class="Test_IoC_Cache_File" file="/export/users/marcelog/src/sts/Ding/test/cache/file/Test_IoC_Cache_File.php" line="250" assertions="3" time="0.050887"/>
        <testcase name="can_prototype" class="Test_IoC_Cache_File" file="/export/users/marcelog/src/sts/Ding/test/cache/file/Test_IoC_Cache_File.php" line="269" assertions="3" time="0.049703"/>
        <testcase name="can_import" class="Test_IoC_Cache_File" file="/export/users/marcelog/src/sts/Ding/test/cache/file/Test_IoC_Cache_File.php" line="288" assertions="2" time="0.050235"/>
        <testcase name="can_depends_on" class="Test_IoC_Cache_File" file="/export/users/marcelog/src/sts/Ding/test/cache/file/Test_IoC_Cache_File.php" line="299" assertions="3" time="0.055671"/>
        <testcase name="can_method_lookup" class="Test_IoC_Cache_File" file="/export/users/marcelog/src/sts/Ding/test/cache/file/Test_IoC_Cache_File.php" line="311" assertions="2" time="0.059498"/>
        <testcase name="can_multiple_dirs" class="Test_IoC_Cache_File" file="/export/users/marcelog/src/sts/Ding/test/cache/file/Test_IoC_Cache_File.php" line="322" assertions="2" time="0.053377"/>
        <testcase name="can_factory_method" class="Test_IoC_Cache_File" file="/export/users/marcelog/src/sts/Ding/test/cache/file/Test_IoC_Cache_File.php" line="346" assertions="4" time="0.051423"/>
        <testcase name="can_factory_bean" class="Test_IoC_Cache_File" file="/export/users/marcelog/src/sts/Ding/test/cache/file/Test_IoC_Cache_File.php" line="359" assertions="4" time="0.057529"/>
        <testcase name="can_cache_property_name_for_setter_driver" class="Test_IoC_Cache_File" file="/export/users/marcelog/src/sts/Ding/test/cache/file/Test_IoC_Cache_File.php" line="372" assertions="2" time="0.086388"/>
      </testsuite><testsuite name="Test_IoC_Cache_APC" file="/export/users/marcelog/src/sts/Ding/test/cache/apc/Test_IoC_Cache_APC.php" fullPackage="Test.Cache.Apc" category="Ding" package="Test" subpackage="Cache.Apc" tests="15" assertions="79" failures="0" errors="0" time="0.987447">
        <testcase name="can_remove" class="Test_IoC_Cache_APC" file="/export/users/marcelog/src/sts/Ding/test/cache/apc/Test_IoC_Cache_APC.php" line="93" assertions="4" time="0.053081"/>
        <testcase name="can_init_method" class="Test_IoC_Cache_APC" file="/export/users/marcelog/src/sts/Ding/test/cache/apc/Test_IoC_Cache_APC.php" line="116" assertions="1" time="0.053389"/>
        <testcase name="can_destroy_method" class="Test_IoC_Cache_APC" file="/export/users/marcelog/src/sts/Ding/test/cache/apc/Test_IoC_Cache_APC.php" line="126" assertions="1" time="0.052369"/>
        <testcase name="can_constructor_args" class="Test_IoC_Cache_APC" file="/export/users/marcelog/src/sts/Ding/test/cache/apc/Test_IoC_Cache_APC.php" line="139" assertions="16" time="0.084246"/>
        <testcase name="can_setter_args" class="Test_IoC_Cache_APC" file="/export/users/marcelog/src/sts/Ding/test/cache/apc/Test_IoC_Cache_APC.php" line="165" assertions="16" time="0.084921"/>
        <testcase name="can_setter_args_cached" class="Test_IoC_Cache_APC" file="/export/users/marcelog/src/sts/Ding/test/cache/apc/Test_IoC_Cache_APC.php" line="190" assertions="16" time="0.088386"/>
        <testcase name="can_singleton" class="Test_IoC_Cache_APC" file="/export/users/marcelog/src/sts/Ding/test/cache/apc/Test_IoC_Cache_APC.php" line="215" assertions="3" time="0.051111"/>
        <testcase name="can_prototype" class="Test_IoC_Cache_APC" file="/export/users/marcelog/src/sts/Ding/test/cache/apc/Test_IoC_Cache_APC.php" line="234" assertions="3" time="0.054529"/>
        <testcase name="can_import" class="Test_IoC_Cache_APC" file="/export/users/marcelog/src/sts/Ding/test/cache/apc/Test_IoC_Cache_APC.php" line="253" assertions="2" time="0.057849"/>
        <testcase name="can_depends_on" class="Test_IoC_Cache_APC" file="/export/users/marcelog/src/sts/Ding/test/cache/apc/Test_IoC_Cache_APC.php" line="264" assertions="3" time="0.059354"/>
        <testcase name="can_method_lookup" class="Test_IoC_Cache_APC" file="/export/users/marcelog/src/sts/Ding/test/cache/apc/Test_IoC_Cache_APC.php" line="276" assertions="2" time="0.071961"/>
        <testcase name="can_multiple_dirs" class="Test_IoC_Cache_APC" file="/export/users/marcelog/src/sts/Ding/test/cache/apc/Test_IoC_Cache_APC.php" line="287" assertions="2" time="0.054387"/>
        <testcase name="can_factory_method" class="Test_IoC_Cache_APC" file="/export/users/marcelog/src/sts/Ding/test/cache/apc/Test_IoC_Cache_APC.php" line="311" assertions="4" time="0.055735"/>
        <testcase name="can_factory_bean" class="Test_IoC_Cache_APC" file="/export/users/marcelog/src/sts/Ding/test/cache/apc/Test_IoC_Cache_APC.php" line="324" assertions="4" time="0.062583"/>
        <testcase name="can_cache_property_name_for_setter_driver" class="Test_IoC_Cache_APC" file="/export/users/marcelog/src/sts/Ding/test/cache/apc/Test_IoC_Cache_APC.php" line="337" assertions="2" time="0.103545"/>
      </testsuite><testsuite name="Test_IoC_Annotation" file="/export/users/marcelog/src/sts/Ding/test/cache/apc/Test_IoC_Annotation_Cache_APC.php" fullPackage="Test.Cache.Apc" category="Ding" package="Test" subpackage="Cache.Apc" tests="11" assertions="17" failures="0" errors="0" time="3.007979">
        <testcase name="can_get_from_a_namespaced_class" class="Test_IoC_Annotation" file="/export/users/marcelog/src/sts/Ding/test/cache/apc/Test_IoC_Annotation_Cache_APC.php" line="76" assertions="1" time="0.283987"/>
        <testcase name="can_singleton" class="Test_IoC_Annotation" file="/export/users/marcelog/src/sts/Ding/test/cache/apc/Test_IoC_Annotation_Cache_APC.php" line="85" assertions="3" time="0.264416"/>
        <testcase name="can_prototype" class="Test_IoC_Annotation" file="/export/users/marcelog/src/sts/Ding/test/cache/apc/Test_IoC_Annotation_Cache_APC.php" line="104" assertions="3" time="0.283456"/>
        <testcase name="can_rename" class="Test_IoC_Annotation" file="/export/users/marcelog/src/sts/Ding/test/cache/apc/Test_IoC_Annotation_Cache_APC.php" line="123" assertions="1" time="0.260761"/>
        <testcase name="can_init_method" class="Test_IoC_Annotation" file="/export/users/marcelog/src/sts/Ding/test/cache/apc/Test_IoC_Annotation_Cache_APC.php" line="133" assertions="1" time="0.260121"/>
        <testcase name="can_destroy_method" class="Test_IoC_Annotation" file="/export/users/marcelog/src/sts/Ding/test/cache/apc/Test_IoC_Annotation_Cache_APC.php" line="143" assertions="1" time="0.280104"/>
        <testcase name="can_at_resource" class="Test_IoC_Annotation" file="/export/users/marcelog/src/sts/Ding/test/cache/apc/Test_IoC_Annotation_Cache_APC.php" line="156" assertions="3" time="0.280710"/>
        <testcase name="can_at_required" class="Test_IoC_Annotation" file="/export/users/marcelog/src/sts/Ding/test/cache/apc/Test_IoC_Annotation_Cache_APC.php" line="168" assertions="1" time="0.287376"/>
        <testcase name="cannot_at_required_missing_property" class="Test_IoC_Annotation" file="/export/users/marcelog/src/sts/Ding/test/cache/apc/Test_IoC_Annotation_Cache_APC.php" line="179" assertions="1" time="0.254651"/>
        <testcase name="can_class_init_method" class="Test_IoC_Annotation" file="/export/users/marcelog/src/sts/Ding/test/cache/apc/Test_IoC_Annotation_Cache_APC.php" line="187" assertions="1" time="0.285208"/>
        <testcase name="can_class_destroy_method" class="Test_IoC_Annotation" file="/export/users/marcelog/src/sts/Ding/test/cache/apc/Test_IoC_Annotation_Cache_APC.php" line="197" assertions="1" time="0.267189"/>
      </testsuite><testsuite name="Test_IoC_Cache_Memcached" file="/export/users/marcelog/src/sts/Ding/test/cache/memcached/Test_IoC_Cache_Memcached.php" fullPackage="Test.Cache.Memcached" category="Ding" package="Test" subpackage="Cache.Memcached" tests="15" assertions="79" failures="0" errors="0" time="1.115438">
        <testcase name="can_remove" class="Test_IoC_Cache_Memcached" file="/export/users/marcelog/src/sts/Ding/test/cache/memcached/Test_IoC_Cache_Memcached.php" line="94" assertions="4" time="0.053580"/>
        <testcase name="can_init_method" class="Test_IoC_Cache_Memcached" file="/export/users/marcelog/src/sts/Ding/test/cache/memcached/Test_IoC_Cache_Memcached.php" line="118" assertions="1" time="0.055910"/>
        <testcase name="can_destroy_method" class="Test_IoC_Cache_Memcached" file="/export/users/marcelog/src/sts/Ding/test/cache/memcached/Test_IoC_Cache_Memcached.php" line="128" assertions="1" time="0.056593"/>
        <testcase name="can_constructor_args" class="Test_IoC_Cache_Memcached" file="/export/users/marcelog/src/sts/Ding/test/cache/memcached/Test_IoC_Cache_Memcached.php" line="141" assertions="16" time="0.094750"/>
        <testcase name="can_setter_args" class="Test_IoC_Cache_Memcached" file="/export/users/marcelog/src/sts/Ding/test/cache/memcached/Test_IoC_Cache_Memcached.php" line="167" assertions="16" time="0.089126"/>
        <testcase name="can_setter_args_cached" class="Test_IoC_Cache_Memcached" file="/export/users/marcelog/src/sts/Ding/test/cache/memcached/Test_IoC_Cache_Memcached.php" line="192" assertions="16" time="0.095323"/>
        <testcase name="can_singleton" class="Test_IoC_Cache_Memcached" file="/export/users/marcelog/src/sts/Ding/test/cache/memcached/Test_IoC_Cache_Memcached.php" line="217" assertions="3" time="0.060157"/>
        <testcase name="can_prototype" class="Test_IoC_Cache_Memcached" file="/export/users/marcelog/src/sts/Ding/test/cache/memcached/Test_IoC_Cache_Memcached.php" line="236" assertions="3" time="0.121863"/>
        <testcase name="can_import" class="Test_IoC_Cache_Memcached" file="/export/users/marcelog/src/sts/Ding/test/cache/memcached/Test_IoC_Cache_Memcached.php" line="255" assertions="2" time="0.058358"/>
        <testcase name="can_depends_on" class="Test_IoC_Cache_Memcached" file="/export/users/marcelog/src/sts/Ding/test/cache/memcached/Test_IoC_Cache_Memcached.php" line="266" assertions="3" time="0.066646"/>
        <testcase name="can_method_lookup" class="Test_IoC_Cache_Memcached" file="/export/users/marcelog/src/sts/Ding/test/cache/memcached/Test_IoC_Cache_Memcached.php" line="278" assertions="2" time="0.069552"/>
        <testcase name="can_multiple_dirs" class="Test_IoC_Cache_Memcached" file="/export/users/marcelog/src/sts/Ding/test/cache/memcached/Test_IoC_Cache_Memcached.php" line="289" assertions="2" time="0.054784"/>
        <testcase name="can_factory_method" class="Test_IoC_Cache_Memcached" file="/export/users/marcelog/src/sts/Ding/test/cache/memcached/Test_IoC_Cache_Memcached.php" line="313" assertions="4" time="0.061062"/>
        <testcase name="can_factory_bean" class="Test_IoC_Cache_Memcached" file="/export/users/marcelog/src/sts/Ding/test/cache/memcached/Test_IoC_Cache_Memcached.php" line="326" assertions="4" time="0.065844"/>
        <testcase name="can_cache_property_name_for_setter_driver" class="Test_IoC_Cache_Memcached" file="/export/users/marcelog/src/sts/Ding/test/cache/memcached/Test_IoC_Cache_Memcached.php" line="339" assertions="2" time="0.111891"/>
      </testsuite><testsuite name="Test_IoC_Annotation_Cache_Memcached" file="/export/users/marcelog/src/sts/Ding/test/cache/memcached/Test_IoC_Annotation_Cache_Memcached.php" fullPackage="Test.Cache.Memcached" category="Ding" package="Test" subpackage="Cache.Memcached" tests="11" assertions="17" failures="0" errors="0" time="1.047279">
        <testcase name="can_get_from_a_namespaced_class" class="Test_IoC_Annotation_Cache_Memcached" file="/export/users/marcelog/src/sts/Ding/test/cache/memcached/Test_IoC_Annotation_Cache_Memcached.php" line="77" assertions="1" time="0.293261"/>
        <testcase name="can_singleton" class="Test_IoC_Annotation_Cache_Memcached" file="/export/users/marcelog/src/sts/Ding/test/cache/memcached/Test_IoC_Annotation_Cache_Memcached.php" line="86" assertions="3" time="0.059997"/>
        <testcase name="can_prototype" class="Test_IoC_Annotation_Cache_Memcached" file="/export/users/marcelog/src/sts/Ding/test/cache/memcached/Test_IoC_Annotation_Cache_Memcached.php" line="105" assertions="3" time="0.076725"/>
        <testcase name="can_rename" class="Test_IoC_Annotation_Cache_Memcached" file="/export/users/marcelog/src/sts/Ding/test/cache/memcached/Test_IoC_Annotation_Cache_Memcached.php" line="124" assertions="1" time="0.077777"/>
        <testcase name="can_init_method" class="Test_IoC_Annotation_Cache_Memcached" file="/export/users/marcelog/src/sts/Ding/test/cache/memcached/Test_IoC_Annotation_Cache_Memcached.php" line="134" assertions="1" time="0.057849"/>
        <testcase name="can_destroy_method" class="Test_IoC_Annotation_Cache_Memcached" file="/export/users/marcelog/src/sts/Ding/test/cache/memcached/Test_IoC_Annotation_Cache_Memcached.php" line="144" assertions="1" time="0.064460"/>
        <testcase name="can_at_resource" class="Test_IoC_Annotation_Cache_Memcached" file="/export/users/marcelog/src/sts/Ding/test/cache/memcached/Test_IoC_Annotation_Cache_Memcached.php" line="157" assertions="3" time="0.069858"/>
        <testcase name="can_at_required" class="Test_IoC_Annotation_Cache_Memcached" file="/export/users/marcelog/src/sts/Ding/test/cache/memcached/Test_IoC_Annotation_Cache_Memcached.php" line="169" assertions="1" time="0.080511"/>
        <testcase name="cannot_at_required_missing_property" class="Test_IoC_Annotation_Cache_Memcached" file="/export/users/marcelog/src/sts/Ding/test/cache/memcached/Test_IoC_Annotation_Cache_Memcached.php" line="180" assertions="1" time="0.051284"/>
        <testcase name="can_class_init_method" class="Test_IoC_Annotation_Cache_Memcached" file="/export/users/marcelog/src/sts/Ding/test/cache/memcached/Test_IoC_Annotation_Cache_Memcached.php" line="188" assertions="1" time="0.111676"/>
        <testcase name="can_class_destroy_method" class="Test_IoC_Annotation_Cache_Memcached" file="/export/users/marcelog/src/sts/Ding/test/cache/memcached/Test_IoC_Annotation_Cache_Memcached.php" line="198" assertions="1" time="0.103880"/>
      </testsuite><testsuite name="Test_Cache_Locator" file="/export/users/marcelog/src/sts/Ding/test/cache/locator/Test_Cache_Locator.php" fullPackage="Test.Cache.Locator" category="Ding" package="Test" subpackage="Cache.Locator" tests="1" assertions="1" failures="0" errors="0" time="0.018998">
        <testcase name="cannot_get_invalid_cache" class="Test_Cache_Locator" file="/export/users/marcelog/src/sts/Ding/test/cache/locator/Test_Cache_Locator.php" line="52" assertions="1" time="0.018998"/>
      </testsuite><testsuite name="Test_XML_Filter" file="/export/users/marcelog/src/sts/Ding/test/filter/xml/Test_XML_Filter.php" fullPackage="Test.Filter.Xml" category="Ding" package="Test" subpackage="Filter.Xml" tests="3" assertions="14" failures="0" errors="0" time="0.310783">
        <testcase name="can_use_properties" class="Test_XML_Filter" file="/export/users/marcelog/src/sts/Ding/test/filter/xml/Test_XML_Filter.php" line="53" assertions="5" time="0.076808"/>
        <testcase name="can_use_properties_from_holder" class="Test_XML_Filter" file="/export/users/marcelog/src/sts/Ding/test/filter/xml/Test_XML_Filter.php" line="83" assertions="4" time="0.156733"/>
        <testcase name="can_use_properties_from_holder_string" class="Test_XML_Filter" file="/export/users/marcelog/src/sts/Ding/test/filter/xml/Test_XML_Filter.php" line="113" assertions="5" time="0.077242"/>
      </testsuite><testsuite name="Test_Signal" file="/export/users/marcelog/src/sts/Ding/test/signal/Test_Signal.php" fullPackage="Test.Signal" category="Ding" package="Test" subpackage="Signal" tests="3" assertions="2" failures="0" errors="0" time="0.391331">
        <testcase name="can_set_signal_handler" class="Test_Signal" file="/export/users/marcelog/src/sts/Ding/test/signal/Test_Signal.php" line="52" assertions="1" time="0.068146"/>
        <testcase name="can_set_annotated_signal_handler" class="Test_Signal" file="/export/users/marcelog/src/sts/Ding/test/signal/Test_Signal.php" line="73" assertions="1" time="0.201267"/>
        <testcase name="can_do_nothing_if_no_handlers" class="Test_Signal" file="/export/users/marcelog/src/sts/Ding/test/signal/Test_Signal.php" line="94" assertions="0" time="0.121918"/>
      </testsuite><testsuite name="Test_Shutdown" file="/export/users/marcelog/src/sts/Ding/test/shutdown/Test_Shutdown.php" fullPackage="Test.Shutdown" category="Ding" package="Test" subpackage="Shutdown" tests="5" assertions="4" failures="0" errors="0" time="0.333303">
        <testcase name="can_set_shutdown_handler" class="Test_Shutdown" file="/export/users/marcelog/src/sts/Ding/test/shutdown/Test_Shutdown.php" line="53" assertions="1" time="0.076993"/>
        <testcase name="can_call_shutdown" class="Test_Shutdown" file="/export/users/marcelog/src/sts/Ding/test/shutdown/Test_Shutdown.php" line="75" assertions="1" time="0.008941"/>
        <testcase name="can_set_annotated_shutdown_handler" class="Test_Shutdown" file="/export/users/marcelog/src/sts/Ding/test/shutdown/Test_Shutdown.php" line="83" assertions="1" time="0.207405"/>
        <testcase name="can_call_annotated_shutdown" class="Test_Shutdown" file="/export/users/marcelog/src/sts/Ding/test/shutdown/Test_Shutdown.php" line="105" assertions="1" time="0.003842"/>
        <testcase name="can_do_nothing_if_no_handlers" class="Test_Shutdown" file="/export/users/marcelog/src/sts/Ding/test/shutdown/Test_Shutdown.php" line="113" assertions="0" time="0.036122"/>
      </testsuite><testsuite name="Test_Error" file="/export/users/marcelog/src/sts/Ding/test/error/Test_Error.php" fullPackage="Test.Error" category="Ding" package="Test" subpackage="Error" tests="4" assertions="23" failures="0" errors="0" time="0.323049">
        <testcase name="can_set_error_handler" class="Test_Error" file="/export/users/marcelog/src/sts/Ding/test/error/Test_Error.php" line="52" assertions="6" time="0.058910"/>
        <testcase name="can_set_annotated_error_handler" class="Test_Error" file="/export/users/marcelog/src/sts/Ding/test/error/Test_Error.php" line="86" assertions="6" time="0.221807"/>
        <testcase name="can_do_nothing_if_no_handlers" class="Test_Error" file="/export/users/marcelog/src/sts/Ding/test/error/Test_Error.php" line="120" assertions="0" time="0.032830"/>
        <testcase name="can_discriminate_errors" class="Test_Error" file="/export/users/marcelog/src/sts/Ding/test/error/Test_Error.php" line="136" assertions="11" time="0.009502"/>
      </testsuite><testsuite name="Test_MessageSource_Aware" file="/export/users/marcelog/src/sts/Ding/test/aware/Test_MessageSource_Aware.php" fullPackage="Test.Aware" category="Ding" package="Test" subpackage="Aware" tests="1" assertions="1" failures="0" errors="0" time="1.103991">
        <testcase name="can_be_message_source_aware" class="Test_MessageSource_Aware" file="/export/users/marcelog/src/sts/Ding/test/aware/Test_MessageSource_Aware.php" line="70" assertions="1" time="1.103991"/>
      </testsuite><testsuite name="Test_Lifecycle_Aware" file="/export/users/marcelog/src/sts/Ding/test/aware/Test_Lifecycle_Aware.php" fullPackage="Test.Aware" category="Ding" package="Test" subpackage="Aware" tests="1" assertions="5" failures="0" errors="0" time="1.125616">
        <testcase name="can_be_lifecycle_aware" class="Test_Lifecycle_Aware" file="/export/users/marcelog/src/sts/Ding/test/aware/Test_Lifecycle_Aware.php" line="76" assertions="5" time="1.125616"/>
      </testsuite><testsuite name="Test_AspectManager_Aware" file="/export/users/marcelog/src/sts/Ding/test/aware/Test_AspectManager_Aware.php" fullPackage="Test.Aware" category="Ding" package="Test" subpackage="Aware" tests="1" assertions="1" failures="0" errors="0" time="1.133845">
        <testcase name="can_be_aspect_manager_aware" class="Test_AspectManager_Aware" file="/export/users/marcelog/src/sts/Ding/test/aware/Test_AspectManager_Aware.php" line="70" assertions="1" time="1.133845"/>
      </testsuite><testsuite name="Test_ResourceLoader_Aware" file="/export/users/marcelog/src/sts/Ding/test/aware/Test_ResourceLoader_Aware.php" fullPackage="Test.Aware" category="Ding" package="Test" subpackage="Aware" tests="1" assertions="1" failures="0" errors="0" time="1.123619">
        <testcase name="can_be_resource_loader_aware" class="Test_ResourceLoader_Aware" file="/export/users/marcelog/src/sts/Ding/test/aware/Test_ResourceLoader_Aware.php" line="70" assertions="1" time="1.123619"/>
      </testsuite><testsuite name="Test_Logger_Aware" file="/export/users/marcelog/src/sts/Ding/test/aware/Test_Logger_Aware.php" fullPackage="Test.Aware" category="Ding" package="Test" subpackage="Aware" tests="1" assertions="1" failures="0" errors="0" time="1.130610">
        <testcase name="can_be_logger_aware" class="Test_Logger_Aware" file="/export/users/marcelog/src/sts/Ding/test/aware/Test_Logger_Aware.php" line="69" assertions="1" time="1.130610"/>
      </testsuite><testsuite name="Test_BeanName_Aware" file="/export/users/marcelog/src/sts/Ding/test/aware/Test_BeanName_Aware.php" fullPackage="Test.Aware" category="Ding" package="Test" subpackage="Aware" tests="1" assertions="1" failures="0" errors="0" time="1.196652">
        <testcase name="can_be_bean_name_aware" class="Test_BeanName_Aware" file="/export/users/marcelog/src/sts/Ding/test/aware/Test_BeanName_Aware.php" line="70" assertions="1" time="1.196652"/>
      </testsuite><testsuite name="Test_Container_Aware" file="/export/users/marcelog/src/sts/Ding/test/aware/Test_Container_Aware.php" fullPackage="Test.Aware" category="Ding" package="Test" subpackage="Aware" tests="1" assertions="1" failures="0" errors="0" time="1.125000">
        <testcase name="can_be_container_aware" class="Test_Container_Aware" file="/export/users/marcelog/src/sts/Ding/test/aware/Test_Container_Aware.php" line="70" assertions="1" time="1.125000"/>
      </testsuite><testsuite name="Test_Reflection" file="/export/users/marcelog/src/sts/Ding/test/reflection/Test_Reflection.php" fullPackage="Test.Reflection" category="Ding" package="Test" subpackage="Reflection" tests="1" assertions="1" failures="0" errors="0" time="0.042871">
        <testcase name="can_return_nothing_if_no_annotations_driver" class="Test_Reflection" file="/export/users/marcelog/src/sts/Ding/test/reflection/Test_Reflection.php" line="70" assertions="1" time="0.042871"/>
      </testsuite><testsuite name="Test_Autoloader" file="/export/users/marcelog/src/sts/Ding/test/autoloader/Test_Autoloader.php" fullPackage="Test.Autoloader" category="Ding" package="Test" subpackage="Autoloader" tests="1" assertions="1" failures="0" errors="0" time="0.003705">
        <testcase name="can_register" class="Test_Autoloader" file="/export/users/marcelog/src/sts/Ding/test/autoloader/Test_Autoloader.php" line="53" assertions="1" time="0.003705"/>
      </testsuite><testsuite name="Test_Logger" file="/export/users/marcelog/src/sts/Ding/test/logger/Test_Logger.php" fullPackage="Test.Logger" category="Ding" package="Test" subpackage="Logger" tests="1" assertions="2" failures="0" errors="0" time="0.003615">
        <testcase name="can_use_dummy_logger" class="Test_Logger" file="/export/users/marcelog/src/sts/Ding/test/logger/Test_Logger.php" line="51" assertions="2" time="0.003615"/>
      </testsuite><testsuite name="Test_URL_Resource" file="/export/users/marcelog/src/sts/Ding/test/resources-feature/Test_URL_Resource.php" fullPackage="Test.Resources" category="Ding" package="Test" subpackage="Resources" tests="6" assertions="10" failures="0" errors="0" time="0.734746">
        <testcase name="can_work_with_and_without_scheme" class="Test_URL_Resource" file="/export/users/marcelog/src/sts/Ding/test/resources-feature/Test_URL_Resource.php" line="62" assertions="5" time="0.370307"/>
        <testcase name="can_open" class="Test_URL_Resource" file="/export/users/marcelog/src/sts/Ding/test/resources-feature/Test_URL_Resource.php" line="75" assertions="1" time="0.345222"/>
        <testcase name="can_create_relative" class="Test_URL_Resource" file="/export/users/marcelog/src/sts/Ding/test/resources-feature/Test_URL_Resource.php" line="85" assertions="1" time="0.005660"/>
        <testcase name="cannot_open_invalid_file" class="Test_URL_Resource" file="/export/users/marcelog/src/sts/Ding/test/resources-feature/Test_URL_Resource.php" line="95" assertions="1" time="0.003881"/>
        <testcase name="cannot_open_invalid_url" class="Test_URL_Resource" file="/export/users/marcelog/src/sts/Ding/test/resources-feature/Test_URL_Resource.php" line="104" assertions="1" time="0.004158"/>
        <testcase name="cannot_check_exists_on_invalid_file" class="Test_URL_Resource" file="/export/users/marcelog/src/sts/Ding/test/resources-feature/Test_URL_Resource.php" line="112" assertions="1" time="0.005518"/>
      </testsuite><testsuite name="Test_IncludePath_Resource" file="/export/users/marcelog/src/sts/Ding/test/resources-feature/Test_IncludePath_Resource.php" fullPackage="Test.Resources" category="Ding" package="Test" subpackage="Resources" tests="1" assertions="6" failures="0" errors="0" time="0.009440">
        <testcase name="can_work_with_and_without_scheme" class="Test_IncludePath_Resource" file="/export/users/marcelog/src/sts/Ding/test/resources-feature/Test_IncludePath_Resource.php" line="62" assertions="6" time="0.009440"/>
      </testsuite><testsuite name="Test_Filesystem_Resource" file="/export/users/marcelog/src/sts/Ding/test/resources-feature/Test_Filesystem_Resource.php" fullPackage="Test.Resources" category="Ding" package="Test" subpackage="Resources" tests="5" assertions="18" failures="0" errors="0" time="0.129516">
        <testcase name="can_work_with_and_without_scheme" class="Test_Filesystem_Resource" file="/export/users/marcelog/src/sts/Ding/test/resources-feature/Test_Filesystem_Resource.php" line="63" assertions="8" time="0.009683"/>
        <testcase name="can_inject" class="Test_Filesystem_Resource" file="/export/users/marcelog/src/sts/Ding/test/resources-feature/Test_Filesystem_Resource.php" line="82" assertions="4" time="0.097454"/>
        <testcase name="can_open" class="Test_Filesystem_Resource" file="/export/users/marcelog/src/sts/Ding/test/resources-feature/Test_Filesystem_Resource.php" line="108" assertions="4" time="0.012221"/>
        <testcase name="can_create_relative" class="Test_Filesystem_Resource" file="/export/users/marcelog/src/sts/Ding/test/resources-feature/Test_Filesystem_Resource.php" line="123" assertions="1" time="0.005945"/>
        <testcase name="cannot_open_invalid_file" class="Test_Filesystem_Resource" file="/export/users/marcelog/src/sts/Ding/test/resources-feature/Test_Filesystem_Resource.php" line="133" assertions="1" time="0.004213"/>
      </testsuite><testsuite name="Test_i18n" file="/export/users/marcelog/src/sts/Ding/test/i18n/Test_i18n.php" fullPackage="Test.i18n" category="Ding" package="Test" subpackage="i18n" tests="2" assertions="2" failures="0" errors="0" time="0.166302">
        <testcase name="can_resolve_message_with_arguments" class="Test_i18n" file="/export/users/marcelog/src/sts/Ding/test/i18n/Test_i18n.php" line="66" assertions="1" time="0.110653"/>
        <testcase name="can_resolve_unknown_message_with_arguments" class="Test_i18n" file="/export/users/marcelog/src/sts/Ding/test/i18n/Test_i18n.php" line="79" assertions="1" time="0.055649"/>
      </testsuite><testsuite name="Test_Container" file="/export/users/marcelog/src/sts/Ding/test/container/Test_Container.php" fullPackage="Test.Container" category="Ding" package="Test" subpackage="Container" tests="4" assertions="4" failures="0" errors="0" time="0.616067">
        <testcase name="cannot_get_inexistant_pointcut" class="Test_Container" file="/export/users/marcelog/src/sts/Ding/test/container/Test_Container.php" line="74" assertions="1" time="0.086327"/>
        <testcase name="can_get_url_resource" class="Test_Container" file="/export/users/marcelog/src/sts/Ding/test/container/Test_Container.php" line="83" assertions="1" time="0.433091"/>
        <testcase name="can_get_resource_without_scheme" class="Test_Container" file="/export/users/marcelog/src/sts/Ding/test/container/Test_Container.php" line="94" assertions="2" time="0.049610"/>
        <testcase name="can_serialize" class="Test_Container" file="/export/users/marcelog/src/sts/Ding/test/container/Test_Container.php" line="105" assertions="0" time="0.047039"/>
      </testsuite></testsuites>
