<?xml version="1.0"?>
<testsuites><testsuite name="Test_Event" file="/export/users/marcelog/src/sts/Ding/test/event/Test_Event.php" fullPackage="Test.Events" category="Ding" package="Test" subpackage="Events" tests="1" assertions="3" failures="0" errors="0" time="0.238982">
        <testcase name="can_trigger_events" class="Test_Event" file="/export/users/marcelog/src/sts/Ding/test/event/Test_Event.php" line="73" assertions="3" time="0.238982"/>
      </testsuite><testsuite name="Test_TCP_Peer" file="/export/users/marcelog/src/sts/Ding/test/tcp/Test_TCP_Peer.php" fullPackage="Test.Tcp" category="Ding" package="Test" subpackage="Tcp" tests="1" assertions="5" failures="0" errors="0" time="0.006948">
        <testcase name="can_use_peer" class="Test_TCP_Peer" file="/export/users/marcelog/src/sts/Ding/test/tcp/Test_TCP_Peer.php" line="50" assertions="5" time="0.006948"/>
      </testsuite><testsuite name="Ding\Helpers\TCP\Test_TCP_Mock" file="/export/users/marcelog/src/sts/Ding/test/tcp/Test_TCP_Mock.php" namespace="Ding\Helpers\TCP" fullPackage="Test.Tcp" category="Ding" package="Test" subpackage="Tcp" tests="6" assertions="6" failures="0" errors="0" time="0.858769">
        <testcase name="cannot_socket_create" class="Ding\Helpers\TCP\Test_TCP_Mock" file="/export/users/marcelog/src/sts/Ding/test/tcp/Test_TCP_Mock.php" line="115" assertions="1" time="0.058638"/>
        <testcase name="cannot_socket_select" class="Ding\Helpers\TCP\Test_TCP_Mock" file="/export/users/marcelog/src/sts/Ding/test/tcp/Test_TCP_Mock.php" line="135" assertions="1" time="0.089701"/>
        <testcase name="cannot_socket_select_on_server" class="Ding\Helpers\TCP\Test_TCP_Mock" file="/export/users/marcelog/src/sts/Ding/test/tcp/Test_TCP_Mock.php" line="161" assertions="1" time="0.079932"/>
        <testcase name="cannot_socket_select_on_server_peers" class="Ding\Helpers\TCP\Test_TCP_Mock" file="/export/users/marcelog/src/sts/Ding/test/tcp/Test_TCP_Mock.php" line="184" assertions="1" time="0.447566"/>
        <testcase name="cannot_socket_create_on_server" class="Ding\Helpers\TCP\Test_TCP_Mock" file="/export/users/marcelog/src/sts/Ding/test/tcp/Test_TCP_Mock.php" line="213" assertions="1" time="0.077879"/>
        <testcase name="cannot_socket_listen_on_server" class="Ding\Helpers\TCP\Test_TCP_Mock" file="/export/users/marcelog/src/sts/Ding/test/tcp/Test_TCP_Mock.php" line="232" assertions="1" time="0.105053"/>
      </testsuite><testsuite name="Test_TCP_Client" file="/export/users/marcelog/src/sts/Ding/test/tcp/Test_TCP_Client.php" fullPackage="Test.Tcp" category="Ding" package="Test" subpackage="Tcp" tests="7" assertions="7" failures="0" errors="0" time="22.889199">
        <testcase name="cannot_bind" class="Test_TCP_Client" file="/export/users/marcelog/src/sts/Ding/test/tcp/Test_TCP_Client.php" line="79" assertions="1" time="0.058646"/>
        <testcase name="cannot_connect" class="Test_TCP_Client" file="/export/users/marcelog/src/sts/Ding/test/tcp/Test_TCP_Client.php" line="90" assertions="1" time="0.060678"/>
        <testcase name="can_timeout_on_connect" class="Test_TCP_Client" file="/export/users/marcelog/src/sts/Ding/test/tcp/Test_TCP_Client.php" line="100" assertions="1" time="9.874169"/>
        <testcase name="can_connect_and_receive_nonblocking" class="Test_TCP_Client" file="/export/users/marcelog/src/sts/Ding/test/tcp/Test_TCP_Client.php" line="115" assertions="1" time="0.220010"/>
        <testcase name="can_connect_and_receive_blocking" class="Test_TCP_Client" file="/export/users/marcelog/src/sts/Ding/test/tcp/Test_TCP_Client.php" line="128" assertions="1" time="0.229230"/>
        <testcase name="can_timeout_on_starving_reading" class="Test_TCP_Client" file="/export/users/marcelog/src/sts/Ding/test/tcp/Test_TCP_Client.php" line="142" assertions="1" time="10.070371"/>
        <testcase name="can_close_on_server_disconnect" class="Test_TCP_Client" file="/export/users/marcelog/src/sts/Ding/test/tcp/Test_TCP_Client.php" line="156" assertions="1" time="2.376095"/>
      </testsuite><testsuite name="Test_TCP_Server" file="/export/users/marcelog/src/sts/Ding/test/tcp/Test_TCP_Server.php" fullPackage="Test.Tcp" category="Ding" package="Test" subpackage="Tcp" tests="6" assertions="5" failures="0" errors="0" time="17.614486">
        <testcase name="can_open" class="Test_TCP_Server" file="/export/users/marcelog/src/sts/Ding/test/tcp/Test_TCP_Server.php" line="75" assertions="0" time="0.081102"/>
        <testcase name="cannot_bind" class="Test_TCP_Server" file="/export/users/marcelog/src/sts/Ding/test/tcp/Test_TCP_Server.php" line="87" assertions="1" time="0.078280"/>
        <testcase name="can_accept_connection_and_receive_data" class="Test_TCP_Server" file="/export/users/marcelog/src/sts/Ding/test/tcp/Test_TCP_Server.php" line="98" assertions="1" time="2.363727"/>
        <testcase name="can_accept_connection_and_send_data" class="Test_TCP_Server" file="/export/users/marcelog/src/sts/Ding/test/tcp/Test_TCP_Server.php" line="114" assertions="1" time="2.384203"/>
        <testcase name="can_close_on_client_disconnect" class="Test_TCP_Server" file="/export/users/marcelog/src/sts/Ding/test/tcp/Test_TCP_Server.php" line="130" assertions="1" time="2.356389"/>
        <testcase name="can_timeout_on_starving_reading" class="Test_TCP_Server" file="/export/users/marcelog/src/sts/Ding/test/tcp/Test_TCP_Server.php" line="146" assertions="1" time="10.350785"/>
      </testsuite><testsuite name="Test_XML_Cache" file="/export/users/marcelog/src/sts/Ding/test/aop/cache/Test_Cache_AOP.php" fullPackage="Test.Aop.Cache" category="Ding" package="Test" subpackage="Aop.Cache" tests="2" assertions="4" failures="0" errors="0" time="0.089542">
        <testcase name="can_cache_pointcut" class="Test_XML_Cache" file="/export/users/marcelog/src/sts/Ding/test/aop/cache/Test_Cache_AOP.php" line="75" assertions="2" time="0.044873"/>
        <testcase name="can_return_cached_pointcut" class="Test_XML_Cache" file="/export/users/marcelog/src/sts/Ding/test/aop/cache/Test_Cache_AOP.php" line="89" assertions="2" time="0.044669"/>
      </testsuite><testsuite name="Test_Dispatcher" file="/export/users/marcelog/src/sts/Ding/test/aop/dispatcher/Test_Dispatcher.php" fullPackage="Test.Aop.Dispatcher" category="Ding" package="Test" subpackage="Aop.Dispatcher" tests="2" assertions="5" failures="0" errors="0" time="0.119089">
        <testcase name="can_properly_set_method_invocation" class="Test_Dispatcher" file="/export/users/marcelog/src/sts/Ding/test/aop/dispatcher/Test_Dispatcher.php" line="69" assertions="4" time="0.063125"/>
        <testcase name="can_throw_exception_when_no_exception_interceptors" class="Test_Dispatcher" file="/export/users/marcelog/src/sts/Ding/test/aop/dispatcher/Test_Dispatcher.php" line="86" assertions="1" time="0.055964"/>
      </testsuite><testsuite name="Test_XML_AOP" file="/export/users/marcelog/src/sts/Ding/test/aop/xml/Test_XML_AOP.php" fullPackage="Test.Aop.Xml" category="Ding" package="Test" subpackage="Aop.Xml" tests="7" assertions="12" failures="0" errors="0" time="0.426071">
        <testcase name="can_intercept_exception_from_bean_aop" class="Test_XML_AOP" file="/export/users/marcelog/src/sts/Ding/test/aop/xml/Test_XML_AOP.php" line="69" assertions="1" time="0.058765"/>
        <testcase name="can_intercept_and_proceed_exception_from_bean_aop" class="Test_XML_AOP" file="/export/users/marcelog/src/sts/Ding/test/aop/xml/Test_XML_AOP.php" line="80" assertions="1" time="0.055922"/>
        <testcase name="cannot_invalid_aspect_type" class="Test_XML_AOP" file="/export/users/marcelog/src/sts/Ding/test/aop/xml/Test_XML_AOP.php" line="91" assertions="1" time="0.045494"/>
        <testcase name="can_intercept_method_from_bean_aop" class="Test_XML_AOP" file="/export/users/marcelog/src/sts/Ding/test/aop/xml/Test_XML_AOP.php" line="100" assertions="1" time="0.057608"/>
        <testcase name="can_intercept_multiple_methods_from_bean_aop" class="Test_XML_AOP" file="/export/users/marcelog/src/sts/Ding/test/aop/xml/Test_XML_AOP.php" line="110" assertions="2" time="0.059350"/>
        <testcase name="can_define_global_aspects" class="Test_XML_AOP" file="/export/users/marcelog/src/sts/Ding/test/aop/xml/Test_XML_AOP.php" line="121" assertions="4" time="0.089015"/>
        <testcase name="can_define_global_pointcuts" class="Test_XML_AOP" file="/export/users/marcelog/src/sts/Ding/test/aop/xml/Test_XML_AOP.php" line="135" assertions="2" time="0.059917"/>
      </testsuite><testsuite name="Test_YAML_AOP" file="/export/users/marcelog/src/sts/Ding/test/aop/yaml/Test_YAML_AOP.php" fullPackage="Test.Aop.Yaml" category="Ding" package="Test" subpackage="Aop.Yaml" tests="6" assertions="11" failures="0" errors="0" time="0.346858">
        <testcase name="can_intercept_exception_from_bean_aop" class="Test_YAML_AOP" file="/export/users/marcelog/src/sts/Ding/test/aop/yaml/Test_YAML_AOP.php" line="69" assertions="1" time="0.057391"/>
        <testcase name="cannot_invalid_aspect_type" class="Test_YAML_AOP" file="/export/users/marcelog/src/sts/Ding/test/aop/yaml/Test_YAML_AOP.php" line="80" assertions="1" time="0.040825"/>
        <testcase name="can_intercept_method_from_bean_aop" class="Test_YAML_AOP" file="/export/users/marcelog/src/sts/Ding/test/aop/yaml/Test_YAML_AOP.php" line="89" assertions="1" time="0.057021"/>
        <testcase name="can_intercept_multiple_methods_from_bean_aop" class="Test_YAML_AOP" file="/export/users/marcelog/src/sts/Ding/test/aop/yaml/Test_YAML_AOP.php" line="99" assertions="2" time="0.058792"/>
        <testcase name="can_define_global_aspects" class="Test_YAML_AOP" file="/export/users/marcelog/src/sts/Ding/test/aop/yaml/Test_YAML_AOP.php" line="110" assertions="4" time="0.073549"/>
        <testcase name="can_define_global_pointcuts" class="Test_YAML_AOP" file="/export/users/marcelog/src/sts/Ding/test/aop/yaml/Test_YAML_AOP.php" line="124" assertions="2" time="0.059280"/>
      </testsuite><testsuite name="Test_Annotation_AOP" file="/export/users/marcelog/src/sts/Ding/test/aop/annotation/Test_Annotation_AOP.php" fullPackage="Test.Aop.Annotation" category="Ding" package="Test" subpackage="Aop.Annotation" tests="2" assertions="2" failures="0" errors="0" time="0.454749">
        <testcase name="can_intercept_method" class="Test_Annotation_AOP" file="/export/users/marcelog/src/sts/Ding/test/aop/annotation/Test_Annotation_AOP.php" line="70" assertions="1" time="0.222290"/>
        <testcase name="can_intercept_exception" class="Test_Annotation_AOP" file="/export/users/marcelog/src/sts/Ding/test/aop/annotation/Test_Annotation_AOP.php" line="80" assertions="1" time="0.232459"/>
      </testsuite><testsuite name="Test_Proxy" file="/export/users/marcelog/src/sts/Ding/test/aop/proxy/Test_Proxy.php" fullPackage="Test.Aop.Proxy" category="Ding" package="Test" subpackage="Aop.Proxy" tests="2" assertions="9" failures="0" errors="0" time="0.483814">
        <testcase name="can_intercept_protected_method" class="Test_Proxy" file="/export/users/marcelog/src/sts/Ding/test/aop/proxy/Test_Proxy.php" line="70" assertions="2" time="0.240745"/>
        <testcase name="can_honor_default_values" class="Test_Proxy" file="/export/users/marcelog/src/sts/Ding/test/aop/proxy/Test_Proxy.php" line="82" assertions="7" time="0.243069"/>
      </testsuite><testsuite name="Test_HttpViewResolver" file="/export/users/marcelog/src/sts/Ding/test/mvc/Test_HttpViewResolver.php" fullPackage="Test.mvc" category="Ding" package="Test" subpackage="mvc" tests="2" assertions="4" failures="0" errors="0" time="0.110600">
        <testcase name="can_resolve" class="Test_HttpViewResolver" file="/export/users/marcelog/src/sts/Ding/test/mvc/Test_HttpViewResolver.php" line="67" assertions="2" time="0.055334"/>
        <testcase name="can_resolve_with_slash_at_the_end" class="Test_HttpViewResolver" file="/export/users/marcelog/src/sts/Ding/test/mvc/Test_HttpViewResolver.php" line="82" assertions="2" time="0.055266"/>
      </testsuite><testsuite name="Test_HttpFrontController" file="/export/users/marcelog/src/sts/Ding/test/mvc/Test_HttpFrontController.php" fullPackage="Test.mvc" category="Ding" package="Test" subpackage="mvc" tests="12" assertions="12" failures="0" errors="0" time="1.957100">
        <testcase name="can_accept_get_arguments" class="Test_HttpFrontController" file="/export/users/marcelog/src/sts/Ding/test/mvc/Test_HttpFrontController.php" line="86" assertions="2" time="0.211666"/>
        <testcase name="can_accept_post_arguments" class="Test_HttpFrontController" file="/export/users/marcelog/src/sts/Ding/test/mvc/Test_HttpFrontController.php" line="99" assertions="2" time="0.198238"/>
        <testcase name="can_forward" class="Test_HttpFrontController" file="/export/users/marcelog/src/sts/Ding/test/mvc/Test_HttpFrontController.php" line="115" assertions="1" time="0.203739"/>
        <testcase name="can_redirect" class="Test_HttpFrontController" file="/export/users/marcelog/src/sts/Ding/test/mvc/Test_HttpFrontController.php" line="129" assertions="0" time="0.109335"/>
        <testcase name="can_dispatch_and_render_default_action" class="Test_HttpFrontController" file="/export/users/marcelog/src/sts/Ding/test/mvc/Test_HttpFrontController.php" line="140" assertions="1" time="0.198324"/>
        <testcase name="can_dispatch_and_render" class="Test_HttpFrontController" file="/export/users/marcelog/src/sts/Ding/test/mvc/Test_HttpFrontController.php" line="154" assertions="1" time="0.198520"/>
        <testcase name="can_dispatch_and_render_twig" class="Test_HttpFrontController" file="/export/users/marcelog/src/sts/Ding/test/mvc/Test_HttpFrontController.php" line="168" assertions="1" time="0.201804"/>
        <testcase name="can_dispatch_and_render_smarty" class="Test_HttpFrontController" file="/export/users/marcelog/src/sts/Ding/test/mvc/Test_HttpFrontController.php" line="182" assertions="1" time="0.126513"/>
        <testcase name="can_dispatch_and_render_exceptions" class="Test_HttpFrontController" file="/export/users/marcelog/src/sts/Ding/test/mvc/Test_HttpFrontController.php" line="213" assertions="1" time="0.227405"/>
        <testcase name="cannot_handle_uncatched_exceptions" class="Test_HttpFrontController" file="/export/users/marcelog/src/sts/Ding/test/mvc/Test_HttpFrontController.php" line="228" assertions="1" time="0.119071"/>
        <testcase name="cannot_handle_invalid_base_url" class="Test_HttpFrontController" file="/export/users/marcelog/src/sts/Ding/test/mvc/Test_HttpFrontController.php" line="240" assertions="1" time="0.099127"/>
        <testcase name="can_handle_uncatched_exceptions_with_no_exception_mapper" class="Test_HttpFrontController" file="/export/users/marcelog/src/sts/Ding/test/mvc/Test_HttpFrontController.php" line="251" assertions="0" time="0.063358"/>
      </testsuite><testsuite name="Test_HttpDispatcher" file="/export/users/marcelog/src/sts/Ding/test/mvc/Test_HttpDispatcher.php" fullPackage="Test.mvc" category="Ding" package="Test" subpackage="mvc" tests="6" assertions="10" failures="0" errors="0" time="1.175326">
        <testcase name="can_dispatch" class="Test_HttpDispatcher" file="/export/users/marcelog/src/sts/Ding/test/mvc/Test_HttpDispatcher.php" line="67" assertions="2" time="0.065623"/>
        <testcase name="can_dispatch_to_main" class="Test_HttpDispatcher" file="/export/users/marcelog/src/sts/Ding/test/mvc/Test_HttpDispatcher.php" line="81" assertions="2" time="0.065661"/>
        <testcase name="can_dispatch_without_begin_slash" class="Test_HttpDispatcher" file="/export/users/marcelog/src/sts/Ding/test/mvc/Test_HttpDispatcher.php" line="95" assertions="2" time="0.066720"/>
        <testcase name="cannot_dispatch_to_invalid_action" class="Test_HttpDispatcher" file="/export/users/marcelog/src/sts/Ding/test/mvc/Test_HttpDispatcher.php" line="110" assertions="1" time="0.062335"/>
        <testcase name="cannot_dispatch_to_invalid_controller" class="Test_HttpDispatcher" file="/export/users/marcelog/src/sts/Ding/test/mvc/Test_HttpDispatcher.php" line="123" assertions="1" time="0.062491"/>
        <testcase name="can_dispatch_with_annotations" class="Test_HttpDispatcher" file="/export/users/marcelog/src/sts/Ding/test/mvc/Test_HttpDispatcher.php" line="135" assertions="2" time="0.852496"/>
      </testsuite><testsuite name="Test_HttpView" file="/export/users/marcelog/src/sts/Ding/test/mvc/Test_HttpView.php" fullPackage="Test.mvc" category="Ding" package="Test" subpackage="mvc" tests="1" assertions="1" failures="0" errors="0" time="0.065980">
        <testcase name="can_render" class="Test_HttpView" file="/export/users/marcelog/src/sts/Ding/test/mvc/Test_HttpView.php" line="67" assertions="1" time="0.065980"/>
      </testsuite><testsuite name="Test_ModelAndView" file="/export/users/marcelog/src/sts/Ding/test/mvc/Test_ModelAndView.php" fullPackage="Test.mvc" category="Ding" package="Test" subpackage="mvc" tests="3" assertions="3" failures="0" errors="0" time="0.014372">
        <testcase name="can_get_set_model" class="Test_ModelAndView" file="/export/users/marcelog/src/sts/Ding/test/mvc/Test_ModelAndView.php" line="53" assertions="1" time="0.004533"/>
        <testcase name="can_redirect_mav" class="Test_ModelAndView" file="/export/users/marcelog/src/sts/Ding/test/mvc/Test_ModelAndView.php" line="64" assertions="1" time="0.004914"/>
        <testcase name="can_forward_mav" class="Test_ModelAndView" file="/export/users/marcelog/src/sts/Ding/test/mvc/Test_ModelAndView.php" line="75" assertions="1" time="0.004925"/>
      </testsuite><testsuite name="Test_Syslog" file="/export/users/marcelog/src/sts/Ding/test/syslog/Test_Syslog.php" fullPackage="Test.Syslog" category="Ding" package="Test" subpackage="Syslog" tests="1" assertions="0" failures="0" errors="0" time="0.051419">
        <testcase name="can_use_syslog" class="Test_Syslog" file="/export/users/marcelog/src/sts/Ding/test/syslog/Test_Syslog.php" line="51" assertions="0" time="0.051419"/>
      </testsuite><testsuite name="Test_Timer" file="/export/users/marcelog/src/sts/Ding/test/timer/Test_Timer.php" fullPackage="Test.Timer" category="Ding" package="Test" subpackage="Timer" tests="1" assertions="1" failures="0" errors="0" time="4.595680">
        <testcase name="can_use_timer" class="Test_Timer" file="/export/users/marcelog/src/sts/Ding/test/timer/Test_Timer.php" line="52" assertions="1" time="4.595680"/>
      </testsuite><testsuite name="Test_HttpSession" file="/export/users/marcelog/src/sts/Ding/test/httpsession/Test_HttpSession.php" fullPackage="Test.Httpsession" category="Ding" package="Test" subpackage="Httpsession" tests="3" assertions="2" failures="0" errors="0" time="0.010961">
        <testcase name="can_use_session" class="Test_HttpSession" file="/export/users/marcelog/src/sts/Ding/test/httpsession/Test_HttpSession.php" line="50" assertions="0" time="0.002554"/>
        <testcase name="can_return_false_on_invalid_attribute" class="Test_HttpSession" file="/export/users/marcelog/src/sts/Ding/test/httpsession/Test_HttpSession.php" line="59" assertions="1" time="0.003576"/>
        <testcase name="can_use_attributes" class="Test_HttpSession" file="/export/users/marcelog/src/sts/Ding/test/httpsession/Test_HttpSession.php" line="68" assertions="1" time="0.004831"/>
      </testsuite><testsuite name="Test_XML_IoC" file="/export/users/marcelog/src/sts/Ding/test/ioc/xml/Test_XML_IoC.php" fullPackage="Test.Ioc.Xml" category="Ding" package="Test" subpackage="Ioc.Xml" tests="17" assertions="71" failures="0" errors="0" time="0.972797">
        <testcase name="cannot_read_beans_file" class="Test_XML_IoC" file="/export/users/marcelog/src/sts/Ding/test/ioc/xml/Test_XML_IoC.php" line="71" assertions="1" time="0.034245"/>
        <testcase name="cannot_parse_beans_file" class="Test_XML_IoC" file="/export/users/marcelog/src/sts/Ding/test/ioc/xml/Test_XML_IoC.php" line="93" assertions="1" time="0.035280"/>
        <testcase name="cannot_unknown_bean" class="Test_XML_IoC" file="/export/users/marcelog/src/sts/Ding/test/ioc/xml/Test_XML_IoC.php" line="116" assertions="1" time="0.040694"/>
        <testcase name="cannot_invalid_scope" class="Test_XML_IoC" file="/export/users/marcelog/src/sts/Ding/test/ioc/xml/Test_XML_IoC.php" line="126" assertions="1" time="0.041141"/>
        <testcase name="can_init_method" class="Test_XML_IoC" file="/export/users/marcelog/src/sts/Ding/test/ioc/xml/Test_XML_IoC.php" line="135" assertions="1" time="0.047213"/>
        <testcase name="can_destroy_method" class="Test_XML_IoC" file="/export/users/marcelog/src/sts/Ding/test/ioc/xml/Test_XML_IoC.php" line="145" assertions="1" time="0.046002"/>
        <testcase name="can_constructor_args" class="Test_XML_IoC" file="/export/users/marcelog/src/sts/Ding/test/ioc/xml/Test_XML_IoC.php" line="158" assertions="16" time="0.078860"/>
        <testcase name="can_setter_args" class="Test_XML_IoC" file="/export/users/marcelog/src/sts/Ding/test/ioc/xml/Test_XML_IoC.php" line="184" assertions="16" time="0.080822"/>
        <testcase name="can_singleton" class="Test_XML_IoC" file="/export/users/marcelog/src/sts/Ding/test/ioc/xml/Test_XML_IoC.php" line="209" assertions="3" time="0.047929"/>
        <testcase name="can_prototype" class="Test_XML_IoC" file="/export/users/marcelog/src/sts/Ding/test/ioc/xml/Test_XML_IoC.php" line="228" assertions="3" time="0.049084"/>
        <testcase name="can_import" class="Test_XML_IoC" file="/export/users/marcelog/src/sts/Ding/test/ioc/xml/Test_XML_IoC.php" line="247" assertions="2" time="0.065710"/>
        <testcase name="can_depends_on" class="Test_XML_IoC" file="/export/users/marcelog/src/sts/Ding/test/ioc/xml/Test_XML_IoC.php" line="258" assertions="3" time="0.054915"/>
        <testcase name="can_method_lookup" class="Test_XML_IoC" file="/export/users/marcelog/src/sts/Ding/test/ioc/xml/Test_XML_IoC.php" line="270" assertions="2" time="0.060450"/>
        <testcase name="can_multiple_dirs" class="Test_XML_IoC" file="/export/users/marcelog/src/sts/Ding/test/ioc/xml/Test_XML_IoC.php" line="281" assertions="2" time="0.053266"/>
        <testcase name="can_factory_method" class="Test_XML_IoC" file="/export/users/marcelog/src/sts/Ding/test/ioc/xml/Test_XML_IoC.php" line="305" assertions="8" time="0.058342"/>
        <testcase name="can_factory_bean" class="Test_XML_IoC" file="/export/users/marcelog/src/sts/Ding/test/ioc/xml/Test_XML_IoC.php" line="323" assertions="8" time="0.069020"/>
        <testcase name="can_cache_property_name_for_setter_driver" class="Test_XML_IoC" file="/export/users/marcelog/src/sts/Ding/test/ioc/xml/Test_XML_IoC.php" line="341" assertions="2" time="0.109824"/>
      </testsuite><testsuite name="Test_YAML_IoC" file="/export/users/marcelog/src/sts/Ding/test/ioc/yaml/Test_YAML_IoC.php" fullPackage="Test.Ioc.Yaml" category="Ding" package="Test" subpackage="Ioc.Yaml" tests="17" assertions="70" failures="0" errors="0" time="0.953305">
        <testcase name="cannot_read_beans_file" class="Test_YAML_IoC" file="/export/users/marcelog/src/sts/Ding/test/ioc/yaml/Test_YAML_IoC.php" line="70" assertions="1" time="0.034429"/>
        <testcase name="cannot_invalid_scope" class="Test_YAML_IoC" file="/export/users/marcelog/src/sts/Ding/test/ioc/yaml/Test_YAML_IoC.php" line="92" assertions="1" time="0.040619"/>
        <testcase name="cannot_unknown_bean" class="Test_YAML_IoC" file="/export/users/marcelog/src/sts/Ding/test/ioc/yaml/Test_YAML_IoC.php" line="102" assertions="1" time="0.041235"/>
        <testcase name="cannot_parse_beans_file" class="Test_YAML_IoC" file="/export/users/marcelog/src/sts/Ding/test/ioc/yaml/Test_YAML_IoC.php" line="112" assertions="1" time="0.034232"/>
        <testcase name="can_constructor_args" class="Test_YAML_IoC" file="/export/users/marcelog/src/sts/Ding/test/ioc/yaml/Test_YAML_IoC.php" line="133" assertions="16" time="0.074054"/>
        <testcase name="can_init_method" class="Test_YAML_IoC" file="/export/users/marcelog/src/sts/Ding/test/ioc/yaml/Test_YAML_IoC.php" line="158" assertions="1" time="0.045448"/>
        <testcase name="can_destroy_method" class="Test_YAML_IoC" file="/export/users/marcelog/src/sts/Ding/test/ioc/yaml/Test_YAML_IoC.php" line="168" assertions="1" time="0.045814"/>
        <testcase name="can_setter_args" class="Test_YAML_IoC" file="/export/users/marcelog/src/sts/Ding/test/ioc/yaml/Test_YAML_IoC.php" line="181" assertions="15" time="0.079699"/>
        <testcase name="can_singleton" class="Test_YAML_IoC" file="/export/users/marcelog/src/sts/Ding/test/ioc/yaml/Test_YAML_IoC.php" line="205" assertions="3" time="0.048062"/>
        <testcase name="can_prototype" class="Test_YAML_IoC" file="/export/users/marcelog/src/sts/Ding/test/ioc/yaml/Test_YAML_IoC.php" line="224" assertions="3" time="0.063110"/>
        <testcase name="can_import" class="Test_YAML_IoC" file="/export/users/marcelog/src/sts/Ding/test/ioc/yaml/Test_YAML_IoC.php" line="243" assertions="2" time="0.055231"/>
        <testcase name="can_depends_on" class="Test_YAML_IoC" file="/export/users/marcelog/src/sts/Ding/test/ioc/yaml/Test_YAML_IoC.php" line="254" assertions="3" time="0.054369"/>
        <testcase name="can_multiple_dirs" class="Test_YAML_IoC" file="/export/users/marcelog/src/sts/Ding/test/ioc/yaml/Test_YAML_IoC.php" line="266" assertions="2" time="0.051512"/>
        <testcase name="can_method_lookup" class="Test_YAML_IoC" file="/export/users/marcelog/src/sts/Ding/test/ioc/yaml/Test_YAML_IoC.php" line="290" assertions="2" time="0.065414"/>
        <testcase name="can_factory_method" class="Test_YAML_IoC" file="/export/users/marcelog/src/sts/Ding/test/ioc/yaml/Test_YAML_IoC.php" line="301" assertions="8" time="0.056689"/>
        <testcase name="can_factory_bean" class="Test_YAML_IoC" file="/export/users/marcelog/src/sts/Ding/test/ioc/yaml/Test_YAML_IoC.php" line="319" assertions="8" time="0.063464"/>
        <testcase name="can_cache_property_name_for_setter_driver" class="Test_YAML_IoC" file="/export/users/marcelog/src/sts/Ding/test/ioc/yaml/Test_YAML_IoC.php" line="337" assertions="2" time="0.099923"/>
      </testsuite><testsuite name="Test_Annotation_IoC" file="/export/users/marcelog/src/sts/Ding/test/ioc/annotation/Test_Annotation_IoC.php" fullPackage="Test.Ioc.Annotation" category="Ding" package="Test" subpackage="Ioc.Annotation" tests="12" assertions="18" failures="0" errors="0" time="3.065762">
        <testcase name="can_get_class_with_underscore" class="Test_Annotation_IoC" file="/export/users/marcelog/src/sts/Ding/test/ioc/annotation/Test_Annotation_IoC.php" line="69" assertions="1" time="0.247791"/>
        <testcase name="can_get_from_a_namespaced_class" class="Test_Annotation_IoC" file="/export/users/marcelog/src/sts/Ding/test/ioc/annotation/Test_Annotation_IoC.php" line="79" assertions="1" time="0.269923"/>
        <testcase name="can_singleton" class="Test_Annotation_IoC" file="/export/users/marcelog/src/sts/Ding/test/ioc/annotation/Test_Annotation_IoC.php" line="88" assertions="3" time="0.249385"/>
        <testcase name="can_prototype" class="Test_Annotation_IoC" file="/export/users/marcelog/src/sts/Ding/test/ioc/annotation/Test_Annotation_IoC.php" line="107" assertions="3" time="0.253553"/>
        <testcase name="can_rename" class="Test_Annotation_IoC" file="/export/users/marcelog/src/sts/Ding/test/ioc/annotation/Test_Annotation_IoC.php" line="126" assertions="1" time="0.256777"/>
        <testcase name="can_init_method" class="Test_Annotation_IoC" file="/export/users/marcelog/src/sts/Ding/test/ioc/annotation/Test_Annotation_IoC.php" line="136" assertions="1" time="0.248515"/>
        <testcase name="can_destroy_method" class="Test_Annotation_IoC" file="/export/users/marcelog/src/sts/Ding/test/ioc/annotation/Test_Annotation_IoC.php" line="146" assertions="1" time="0.250090"/>
        <testcase name="can_at_resource" class="Test_Annotation_IoC" file="/export/users/marcelog/src/sts/Ding/test/ioc/annotation/Test_Annotation_IoC.php" line="159" assertions="3" time="0.267075"/>
        <testcase name="can_at_required" class="Test_Annotation_IoC" file="/export/users/marcelog/src/sts/Ding/test/ioc/annotation/Test_Annotation_IoC.php" line="171" assertions="1" time="0.274020"/>
        <testcase name="cannot_at_required_missing_property" class="Test_Annotation_IoC" file="/export/users/marcelog/src/sts/Ding/test/ioc/annotation/Test_Annotation_IoC.php" line="182" assertions="1" time="0.245657"/>
        <testcase name="can_class_init_method" class="Test_Annotation_IoC" file="/export/users/marcelog/src/sts/Ding/test/ioc/annotation/Test_Annotation_IoC.php" line="190" assertions="1" time="0.249004"/>
        <testcase name="can_class_destroy_method" class="Test_Annotation_IoC" file="/export/users/marcelog/src/sts/Ding/test/ioc/annotation/Test_Annotation_IoC.php" line="200" assertions="1" time="0.253972"/>
      </testsuite><testsuite name="Test_Cache_Dummy" file="/export/users/marcelog/src/sts/Ding/test/cache/dummy/Test_Cache_Dummy.php" fullPackage="Test.Cache.Dummy" category="Ding" package="Test" subpackage="Cache.Dummy" tests="1" assertions="0" failures="0" errors="0" time="0.042301">
        <testcase name="can_remove" class="Test_Cache_Dummy" file="/export/users/marcelog/src/sts/Ding/test/cache/dummy/Test_Cache_Dummy.php" line="95" assertions="0" time="0.042301"/>
      </testsuite><testsuite name="Test_IoC_Cache_ZF" file="/export/users/marcelog/src/sts/Ding/test/cache/zfcache/Test_IoC_Cache_ZF.php" fullPackage="Test.Cache.Zfcache" category="Ding" package="Test" subpackage="Cache.Zfcache" tests="15" assertions="78" failures="0" errors="0" time="1.317721">
        <testcase name="can_remove" class="Test_IoC_Cache_ZF" file="/export/users/marcelog/src/sts/Ding/test/cache/zfcache/Test_IoC_Cache_ZF.php" line="101" assertions="3" time="0.066781"/>
        <testcase name="can_init_method" class="Test_IoC_Cache_ZF" file="/export/users/marcelog/src/sts/Ding/test/cache/zfcache/Test_IoC_Cache_ZF.php" line="124" assertions="1" time="0.067510"/>
        <testcase name="can_destroy_method" class="Test_IoC_Cache_ZF" file="/export/users/marcelog/src/sts/Ding/test/cache/zfcache/Test_IoC_Cache_ZF.php" line="134" assertions="1" time="0.068961"/>
        <testcase name="can_constructor_args" class="Test_IoC_Cache_ZF" file="/export/users/marcelog/src/sts/Ding/test/cache/zfcache/Test_IoC_Cache_ZF.php" line="147" assertions="16" time="0.115027"/>
        <testcase name="can_setter_args" class="Test_IoC_Cache_ZF" file="/export/users/marcelog/src/sts/Ding/test/cache/zfcache/Test_IoC_Cache_ZF.php" line="173" assertions="16" time="0.121598"/>
        <testcase name="can_setter_args_cached" class="Test_IoC_Cache_ZF" file="/export/users/marcelog/src/sts/Ding/test/cache/zfcache/Test_IoC_Cache_ZF.php" line="198" assertions="16" time="0.107324"/>
        <testcase name="can_singleton" class="Test_IoC_Cache_ZF" file="/export/users/marcelog/src/sts/Ding/test/cache/zfcache/Test_IoC_Cache_ZF.php" line="223" assertions="3" time="0.068375"/>
        <testcase name="can_prototype" class="Test_IoC_Cache_ZF" file="/export/users/marcelog/src/sts/Ding/test/cache/zfcache/Test_IoC_Cache_ZF.php" line="242" assertions="3" time="0.070977"/>
        <testcase name="can_import" class="Test_IoC_Cache_ZF" file="/export/users/marcelog/src/sts/Ding/test/cache/zfcache/Test_IoC_Cache_ZF.php" line="261" assertions="2" time="0.079056"/>
        <testcase name="can_depends_on" class="Test_IoC_Cache_ZF" file="/export/users/marcelog/src/sts/Ding/test/cache/zfcache/Test_IoC_Cache_ZF.php" line="272" assertions="3" time="0.085673"/>
        <testcase name="can_method_lookup" class="Test_IoC_Cache_ZF" file="/export/users/marcelog/src/sts/Ding/test/cache/zfcache/Test_IoC_Cache_ZF.php" line="284" assertions="2" time="0.100688"/>
        <testcase name="can_multiple_dirs" class="Test_IoC_Cache_ZF" file="/export/users/marcelog/src/sts/Ding/test/cache/zfcache/Test_IoC_Cache_ZF.php" line="295" assertions="2" time="0.054797"/>
        <testcase name="can_factory_method" class="Test_IoC_Cache_ZF" file="/export/users/marcelog/src/sts/Ding/test/cache/zfcache/Test_IoC_Cache_ZF.php" line="319" assertions="4" time="0.079378"/>
        <testcase name="can_factory_bean" class="Test_IoC_Cache_ZF" file="/export/users/marcelog/src/sts/Ding/test/cache/zfcache/Test_IoC_Cache_ZF.php" line="332" assertions="4" time="0.097505"/>
        <testcase name="can_cache_property_name_for_setter_driver" class="Test_IoC_Cache_ZF" file="/export/users/marcelog/src/sts/Ding/test/cache/zfcache/Test_IoC_Cache_ZF.php" line="345" assertions="2" time="0.134072"/>
      </testsuite><testsuite name="Test_IoC_Annotation_Cache_ZF" file="/export/users/marcelog/src/sts/Ding/test/cache/zfcache/Test_IoC_Annotation_Cache_ZF.php" fullPackage="Test.Cache.Zfcache" category="Ding" package="Test" subpackage="Cache.Zfcache" tests="11" assertions="17" failures="0" errors="0" time="1.541384">
        <testcase name="can_get_from_a_namespaced_class" class="Test_IoC_Annotation_Cache_ZF" file="/export/users/marcelog/src/sts/Ding/test/cache/zfcache/Test_IoC_Annotation_Cache_ZF.php" line="86" assertions="1" time="0.449681"/>
        <testcase name="can_singleton" class="Test_IoC_Annotation_Cache_ZF" file="/export/users/marcelog/src/sts/Ding/test/cache/zfcache/Test_IoC_Annotation_Cache_ZF.php" line="95" assertions="3" time="0.138058"/>
        <testcase name="can_prototype" class="Test_IoC_Annotation_Cache_ZF" file="/export/users/marcelog/src/sts/Ding/test/cache/zfcache/Test_IoC_Annotation_Cache_ZF.php" line="114" assertions="3" time="0.104988"/>
        <testcase name="can_rename" class="Test_IoC_Annotation_Cache_ZF" file="/export/users/marcelog/src/sts/Ding/test/cache/zfcache/Test_IoC_Annotation_Cache_ZF.php" line="133" assertions="1" time="0.100820"/>
        <testcase name="can_init_method" class="Test_IoC_Annotation_Cache_ZF" file="/export/users/marcelog/src/sts/Ding/test/cache/zfcache/Test_IoC_Annotation_Cache_ZF.php" line="143" assertions="1" time="0.107047"/>
        <testcase name="can_destroy_method" class="Test_IoC_Annotation_Cache_ZF" file="/export/users/marcelog/src/sts/Ding/test/cache/zfcache/Test_IoC_Annotation_Cache_ZF.php" line="153" assertions="1" time="0.100646"/>
        <testcase name="can_at_resource" class="Test_IoC_Annotation_Cache_ZF" file="/export/users/marcelog/src/sts/Ding/test/cache/zfcache/Test_IoC_Annotation_Cache_ZF.php" line="166" assertions="3" time="0.128709"/>
        <testcase name="can_at_required" class="Test_IoC_Annotation_Cache_ZF" file="/export/users/marcelog/src/sts/Ding/test/cache/zfcache/Test_IoC_Annotation_Cache_ZF.php" line="178" assertions="1" time="0.118587"/>
        <testcase name="cannot_at_required_missing_property" class="Test_IoC_Annotation_Cache_ZF" file="/export/users/marcelog/src/sts/Ding/test/cache/zfcache/Test_IoC_Annotation_Cache_ZF.php" line="189" assertions="1" time="0.090893"/>
        <testcase name="can_class_init_method" class="Test_IoC_Annotation_Cache_ZF" file="/export/users/marcelog/src/sts/Ding/test/cache/zfcache/Test_IoC_Annotation_Cache_ZF.php" line="197" assertions="1" time="0.100860"/>
        <testcase name="can_class_destroy_method" class="Test_IoC_Annotation_Cache_ZF" file="/export/users/marcelog/src/sts/Ding/test/cache/zfcache/Test_IoC_Annotation_Cache_ZF.php" line="207" assertions="1" time="0.101095"/>
      </testsuite><testsuite name="Test_IoC_Annotation_Cache_File" file="/export/users/marcelog/src/sts/Ding/test/cache/file/Test_IoC_Annotation_Cache_File.php" fullPackage="Test.Cache.File" category="Ding" package="Test" subpackage="Cache.File" tests="11" assertions="17" failures="0" errors="0" time="0.900689">
        <testcase name="can_get_from_a_namespaced_class" class="Test_IoC_Annotation_Cache_File" file="/export/users/marcelog/src/sts/Ding/test/cache/file/Test_IoC_Annotation_Cache_File.php" line="77" assertions="1" time="0.264926"/>
        <testcase name="can_singleton" class="Test_IoC_Annotation_Cache_File" file="/export/users/marcelog/src/sts/Ding/test/cache/file/Test_IoC_Annotation_Cache_File.php" line="86" assertions="3" time="0.059635"/>
        <testcase name="can_prototype" class="Test_IoC_Annotation_Cache_File" file="/export/users/marcelog/src/sts/Ding/test/cache/file/Test_IoC_Annotation_Cache_File.php" line="105" assertions="3" time="0.062314"/>
        <testcase name="can_rename" class="Test_IoC_Annotation_Cache_File" file="/export/users/marcelog/src/sts/Ding/test/cache/file/Test_IoC_Annotation_Cache_File.php" line="124" assertions="1" time="0.058638"/>
        <testcase name="can_init_method" class="Test_IoC_Annotation_Cache_File" file="/export/users/marcelog/src/sts/Ding/test/cache/file/Test_IoC_Annotation_Cache_File.php" line="134" assertions="1" time="0.072724"/>
        <testcase name="can_destroy_method" class="Test_IoC_Annotation_Cache_File" file="/export/users/marcelog/src/sts/Ding/test/cache/file/Test_IoC_Annotation_Cache_File.php" line="144" assertions="1" time="0.057474"/>
        <testcase name="can_at_resource" class="Test_IoC_Annotation_Cache_File" file="/export/users/marcelog/src/sts/Ding/test/cache/file/Test_IoC_Annotation_Cache_File.php" line="157" assertions="3" time="0.069118"/>
        <testcase name="can_at_required" class="Test_IoC_Annotation_Cache_File" file="/export/users/marcelog/src/sts/Ding/test/cache/file/Test_IoC_Annotation_Cache_File.php" line="169" assertions="1" time="0.084417"/>
        <testcase name="cannot_at_required_missing_property" class="Test_IoC_Annotation_Cache_File" file="/export/users/marcelog/src/sts/Ding/test/cache/file/Test_IoC_Annotation_Cache_File.php" line="180" assertions="1" time="0.054906"/>
        <testcase name="can_class_init_method" class="Test_IoC_Annotation_Cache_File" file="/export/users/marcelog/src/sts/Ding/test/cache/file/Test_IoC_Annotation_Cache_File.php" line="188" assertions="1" time="0.057896"/>
        <testcase name="can_class_destroy_method" class="Test_IoC_Annotation_Cache_File" file="/export/users/marcelog/src/sts/Ding/test/cache/file/Test_IoC_Annotation_Cache_File.php" line="198" assertions="1" time="0.058641"/>
      </testsuite><testsuite name="Test_IoC_Cache_File" file="/export/users/marcelog/src/sts/Ding/test/cache/file/Test_IoC_Cache_File.php" fullPackage="Test.Cache.File" category="Ding" package="Test" subpackage="Cache.File" tests="16" assertions="80" failures="0" errors="0" time="0.935934">
        <testcase name="can_remove" class="Test_IoC_Cache_File" file="/export/users/marcelog/src/sts/Ding/test/cache/file/Test_IoC_Cache_File.php" line="96" assertions="4" time="0.049783"/>
        <testcase name="cannot_if_not_directory" class="Test_IoC_Cache_File" file="/export/users/marcelog/src/sts/Ding/test/cache/file/Test_IoC_Cache_File.php" line="121" assertions="1" time="0.013489"/>
        <testcase name="can_init_method" class="Test_IoC_Cache_File" file="/export/users/marcelog/src/sts/Ding/test/cache/file/Test_IoC_Cache_File.php" line="151" assertions="1" time="0.046691"/>
        <testcase name="can_destroy_method" class="Test_IoC_Cache_File" file="/export/users/marcelog/src/sts/Ding/test/cache/file/Test_IoC_Cache_File.php" line="161" assertions="1" time="0.046584"/>
        <testcase name="can_constructor_args" class="Test_IoC_Cache_File" file="/export/users/marcelog/src/sts/Ding/test/cache/file/Test_IoC_Cache_File.php" line="174" assertions="16" time="0.080631"/>
        <testcase name="can_setter_args" class="Test_IoC_Cache_File" file="/export/users/marcelog/src/sts/Ding/test/cache/file/Test_IoC_Cache_File.php" line="200" assertions="16" time="0.076463"/>
        <testcase name="can_setter_args_cached" class="Test_IoC_Cache_File" file="/export/users/marcelog/src/sts/Ding/test/cache/file/Test_IoC_Cache_File.php" line="225" assertions="16" time="0.077762"/>
        <testcase name="can_singleton" class="Test_IoC_Cache_File" file="/export/users/marcelog/src/sts/Ding/test/cache/file/Test_IoC_Cache_File.php" line="250" assertions="3" time="0.050288"/>
        <testcase name="can_prototype" class="Test_IoC_Cache_File" file="/export/users/marcelog/src/sts/Ding/test/cache/file/Test_IoC_Cache_File.php" line="269" assertions="3" time="0.050736"/>
        <testcase name="can_import" class="Test_IoC_Cache_File" file="/export/users/marcelog/src/sts/Ding/test/cache/file/Test_IoC_Cache_File.php" line="288" assertions="2" time="0.050274"/>
        <testcase name="can_depends_on" class="Test_IoC_Cache_File" file="/export/users/marcelog/src/sts/Ding/test/cache/file/Test_IoC_Cache_File.php" line="299" assertions="3" time="0.056097"/>
        <testcase name="can_method_lookup" class="Test_IoC_Cache_File" file="/export/users/marcelog/src/sts/Ding/test/cache/file/Test_IoC_Cache_File.php" line="311" assertions="2" time="0.060950"/>
        <testcase name="can_multiple_dirs" class="Test_IoC_Cache_File" file="/export/users/marcelog/src/sts/Ding/test/cache/file/Test_IoC_Cache_File.php" line="322" assertions="2" time="0.053717"/>
        <testcase name="can_factory_method" class="Test_IoC_Cache_File" file="/export/users/marcelog/src/sts/Ding/test/cache/file/Test_IoC_Cache_File.php" line="346" assertions="4" time="0.052032"/>
        <testcase name="can_factory_bean" class="Test_IoC_Cache_File" file="/export/users/marcelog/src/sts/Ding/test/cache/file/Test_IoC_Cache_File.php" line="359" assertions="4" time="0.076080"/>
        <testcase name="can_cache_property_name_for_setter_driver" class="Test_IoC_Cache_File" file="/export/users/marcelog/src/sts/Ding/test/cache/file/Test_IoC_Cache_File.php" line="372" assertions="2" time="0.094357"/>
      </testsuite><testsuite name="Test_IoC_Cache_APC" file="/export/users/marcelog/src/sts/Ding/test/cache/apc/Test_IoC_Cache_APC.php" fullPackage="Test.Cache.Apc" category="Ding" package="Test" subpackage="Cache.Apc" tests="15" assertions="79" failures="0" errors="0" time="0.948246">
        <testcase name="can_remove" class="Test_IoC_Cache_APC" file="/export/users/marcelog/src/sts/Ding/test/cache/apc/Test_IoC_Cache_APC.php" line="93" assertions="4" time="0.046991"/>
        <testcase name="can_init_method" class="Test_IoC_Cache_APC" file="/export/users/marcelog/src/sts/Ding/test/cache/apc/Test_IoC_Cache_APC.php" line="116" assertions="1" time="0.049102"/>
        <testcase name="can_destroy_method" class="Test_IoC_Cache_APC" file="/export/users/marcelog/src/sts/Ding/test/cache/apc/Test_IoC_Cache_APC.php" line="126" assertions="1" time="0.052643"/>
        <testcase name="can_constructor_args" class="Test_IoC_Cache_APC" file="/export/users/marcelog/src/sts/Ding/test/cache/apc/Test_IoC_Cache_APC.php" line="139" assertions="16" time="0.088741"/>
        <testcase name="can_setter_args" class="Test_IoC_Cache_APC" file="/export/users/marcelog/src/sts/Ding/test/cache/apc/Test_IoC_Cache_APC.php" line="165" assertions="16" time="0.082647"/>
        <testcase name="can_setter_args_cached" class="Test_IoC_Cache_APC" file="/export/users/marcelog/src/sts/Ding/test/cache/apc/Test_IoC_Cache_APC.php" line="190" assertions="16" time="0.079562"/>
        <testcase name="can_singleton" class="Test_IoC_Cache_APC" file="/export/users/marcelog/src/sts/Ding/test/cache/apc/Test_IoC_Cache_APC.php" line="215" assertions="3" time="0.050387"/>
        <testcase name="can_prototype" class="Test_IoC_Cache_APC" file="/export/users/marcelog/src/sts/Ding/test/cache/apc/Test_IoC_Cache_APC.php" line="234" assertions="3" time="0.051970"/>
        <testcase name="can_import" class="Test_IoC_Cache_APC" file="/export/users/marcelog/src/sts/Ding/test/cache/apc/Test_IoC_Cache_APC.php" line="253" assertions="2" time="0.053927"/>
        <testcase name="can_depends_on" class="Test_IoC_Cache_APC" file="/export/users/marcelog/src/sts/Ding/test/cache/apc/Test_IoC_Cache_APC.php" line="264" assertions="3" time="0.062906"/>
        <testcase name="can_method_lookup" class="Test_IoC_Cache_APC" file="/export/users/marcelog/src/sts/Ding/test/cache/apc/Test_IoC_Cache_APC.php" line="276" assertions="2" time="0.063098"/>
        <testcase name="can_multiple_dirs" class="Test_IoC_Cache_APC" file="/export/users/marcelog/src/sts/Ding/test/cache/apc/Test_IoC_Cache_APC.php" line="287" assertions="2" time="0.054732"/>
        <testcase name="can_factory_method" class="Test_IoC_Cache_APC" file="/export/users/marcelog/src/sts/Ding/test/cache/apc/Test_IoC_Cache_APC.php" line="311" assertions="4" time="0.053828"/>
        <testcase name="can_factory_bean" class="Test_IoC_Cache_APC" file="/export/users/marcelog/src/sts/Ding/test/cache/apc/Test_IoC_Cache_APC.php" line="324" assertions="4" time="0.061673"/>
        <testcase name="can_cache_property_name_for_setter_driver" class="Test_IoC_Cache_APC" file="/export/users/marcelog/src/sts/Ding/test/cache/apc/Test_IoC_Cache_APC.php" line="337" assertions="2" time="0.096039"/>
      </testsuite><testsuite name="Test_IoC_Annotation" file="/export/users/marcelog/src/sts/Ding/test/cache/apc/Test_IoC_Annotation_Cache_APC.php" fullPackage="Test.Cache.Apc" category="Ding" package="Test" subpackage="Cache.Apc" tests="11" assertions="17" failures="0" errors="0" time="2.883404">
        <testcase name="can_get_from_a_namespaced_class" class="Test_IoC_Annotation" file="/export/users/marcelog/src/sts/Ding/test/cache/apc/Test_IoC_Annotation_Cache_APC.php" line="76" assertions="1" time="0.258064"/>
        <testcase name="can_singleton" class="Test_IoC_Annotation" file="/export/users/marcelog/src/sts/Ding/test/cache/apc/Test_IoC_Annotation_Cache_APC.php" line="85" assertions="3" time="0.259693"/>
        <testcase name="can_prototype" class="Test_IoC_Annotation" file="/export/users/marcelog/src/sts/Ding/test/cache/apc/Test_IoC_Annotation_Cache_APC.php" line="104" assertions="3" time="0.266946"/>
        <testcase name="can_rename" class="Test_IoC_Annotation" file="/export/users/marcelog/src/sts/Ding/test/cache/apc/Test_IoC_Annotation_Cache_APC.php" line="123" assertions="1" time="0.254038"/>
        <testcase name="can_init_method" class="Test_IoC_Annotation" file="/export/users/marcelog/src/sts/Ding/test/cache/apc/Test_IoC_Annotation_Cache_APC.php" line="133" assertions="1" time="0.252762"/>
        <testcase name="can_destroy_method" class="Test_IoC_Annotation" file="/export/users/marcelog/src/sts/Ding/test/cache/apc/Test_IoC_Annotation_Cache_APC.php" line="143" assertions="1" time="0.259747"/>
        <testcase name="can_at_resource" class="Test_IoC_Annotation" file="/export/users/marcelog/src/sts/Ding/test/cache/apc/Test_IoC_Annotation_Cache_APC.php" line="156" assertions="3" time="0.270366"/>
        <testcase name="can_at_required" class="Test_IoC_Annotation" file="/export/users/marcelog/src/sts/Ding/test/cache/apc/Test_IoC_Annotation_Cache_APC.php" line="168" assertions="1" time="0.284147"/>
        <testcase name="cannot_at_required_missing_property" class="Test_IoC_Annotation" file="/export/users/marcelog/src/sts/Ding/test/cache/apc/Test_IoC_Annotation_Cache_APC.php" line="179" assertions="1" time="0.245093"/>
        <testcase name="can_class_init_method" class="Test_IoC_Annotation" file="/export/users/marcelog/src/sts/Ding/test/cache/apc/Test_IoC_Annotation_Cache_APC.php" line="187" assertions="1" time="0.279724"/>
        <testcase name="can_class_destroy_method" class="Test_IoC_Annotation" file="/export/users/marcelog/src/sts/Ding/test/cache/apc/Test_IoC_Annotation_Cache_APC.php" line="197" assertions="1" time="0.252824"/>
      </testsuite><testsuite name="Test_IoC_Cache_Memcached" file="/export/users/marcelog/src/sts/Ding/test/cache/memcached/Test_IoC_Cache_Memcached.php" fullPackage="Test.Cache.Memcached" category="Ding" package="Test" subpackage="Cache.Memcached" tests="15" assertions="79" failures="0" errors="0" time="0.990524">
        <testcase name="can_remove" class="Test_IoC_Cache_Memcached" file="/export/users/marcelog/src/sts/Ding/test/cache/memcached/Test_IoC_Cache_Memcached.php" line="94" assertions="4" time="0.052142"/>
        <testcase name="can_init_method" class="Test_IoC_Cache_Memcached" file="/export/users/marcelog/src/sts/Ding/test/cache/memcached/Test_IoC_Cache_Memcached.php" line="118" assertions="1" time="0.052262"/>
        <testcase name="can_destroy_method" class="Test_IoC_Cache_Memcached" file="/export/users/marcelog/src/sts/Ding/test/cache/memcached/Test_IoC_Cache_Memcached.php" line="128" assertions="1" time="0.051788"/>
        <testcase name="can_constructor_args" class="Test_IoC_Cache_Memcached" file="/export/users/marcelog/src/sts/Ding/test/cache/memcached/Test_IoC_Cache_Memcached.php" line="141" assertions="16" time="0.085888"/>
        <testcase name="can_setter_args" class="Test_IoC_Cache_Memcached" file="/export/users/marcelog/src/sts/Ding/test/cache/memcached/Test_IoC_Cache_Memcached.php" line="167" assertions="16" time="0.083766"/>
        <testcase name="can_setter_args_cached" class="Test_IoC_Cache_Memcached" file="/export/users/marcelog/src/sts/Ding/test/cache/memcached/Test_IoC_Cache_Memcached.php" line="192" assertions="16" time="0.083060"/>
        <testcase name="can_singleton" class="Test_IoC_Cache_Memcached" file="/export/users/marcelog/src/sts/Ding/test/cache/memcached/Test_IoC_Cache_Memcached.php" line="217" assertions="3" time="0.052790"/>
        <testcase name="can_prototype" class="Test_IoC_Cache_Memcached" file="/export/users/marcelog/src/sts/Ding/test/cache/memcached/Test_IoC_Cache_Memcached.php" line="236" assertions="3" time="0.055674"/>
        <testcase name="can_import" class="Test_IoC_Cache_Memcached" file="/export/users/marcelog/src/sts/Ding/test/cache/memcached/Test_IoC_Cache_Memcached.php" line="255" assertions="2" time="0.058759"/>
        <testcase name="can_depends_on" class="Test_IoC_Cache_Memcached" file="/export/users/marcelog/src/sts/Ding/test/cache/memcached/Test_IoC_Cache_Memcached.php" line="266" assertions="3" time="0.061476"/>
        <testcase name="can_method_lookup" class="Test_IoC_Cache_Memcached" file="/export/users/marcelog/src/sts/Ding/test/cache/memcached/Test_IoC_Cache_Memcached.php" line="278" assertions="2" time="0.068107"/>
        <testcase name="can_multiple_dirs" class="Test_IoC_Cache_Memcached" file="/export/users/marcelog/src/sts/Ding/test/cache/memcached/Test_IoC_Cache_Memcached.php" line="289" assertions="2" time="0.053540"/>
        <testcase name="can_factory_method" class="Test_IoC_Cache_Memcached" file="/export/users/marcelog/src/sts/Ding/test/cache/memcached/Test_IoC_Cache_Memcached.php" line="313" assertions="4" time="0.059687"/>
        <testcase name="can_factory_bean" class="Test_IoC_Cache_Memcached" file="/export/users/marcelog/src/sts/Ding/test/cache/memcached/Test_IoC_Cache_Memcached.php" line="326" assertions="4" time="0.063820"/>
        <testcase name="can_cache_property_name_for_setter_driver" class="Test_IoC_Cache_Memcached" file="/export/users/marcelog/src/sts/Ding/test/cache/memcached/Test_IoC_Cache_Memcached.php" line="339" assertions="2" time="0.107765"/>
      </testsuite><testsuite name="Test_IoC_Annotation_Cache_Memcached" file="/export/users/marcelog/src/sts/Ding/test/cache/memcached/Test_IoC_Annotation_Cache_Memcached.php" fullPackage="Test.Cache.Memcached" category="Ding" package="Test" subpackage="Cache.Memcached" tests="11" assertions="17" failures="0" errors="0" time="0.881783">
        <testcase name="can_get_from_a_namespaced_class" class="Test_IoC_Annotation_Cache_Memcached" file="/export/users/marcelog/src/sts/Ding/test/cache/memcached/Test_IoC_Annotation_Cache_Memcached.php" line="77" assertions="1" time="0.270120"/>
        <testcase name="can_singleton" class="Test_IoC_Annotation_Cache_Memcached" file="/export/users/marcelog/src/sts/Ding/test/cache/memcached/Test_IoC_Annotation_Cache_Memcached.php" line="86" assertions="3" time="0.058822"/>
        <testcase name="can_prototype" class="Test_IoC_Annotation_Cache_Memcached" file="/export/users/marcelog/src/sts/Ding/test/cache/memcached/Test_IoC_Annotation_Cache_Memcached.php" line="105" assertions="3" time="0.076250"/>
        <testcase name="can_rename" class="Test_IoC_Annotation_Cache_Memcached" file="/export/users/marcelog/src/sts/Ding/test/cache/memcached/Test_IoC_Annotation_Cache_Memcached.php" line="124" assertions="1" time="0.057592"/>
        <testcase name="can_init_method" class="Test_IoC_Annotation_Cache_Memcached" file="/export/users/marcelog/src/sts/Ding/test/cache/memcached/Test_IoC_Annotation_Cache_Memcached.php" line="134" assertions="1" time="0.056934"/>
        <testcase name="can_destroy_method" class="Test_IoC_Annotation_Cache_Memcached" file="/export/users/marcelog/src/sts/Ding/test/cache/memcached/Test_IoC_Annotation_Cache_Memcached.php" line="144" assertions="1" time="0.057977"/>
        <testcase name="can_at_resource" class="Test_IoC_Annotation_Cache_Memcached" file="/export/users/marcelog/src/sts/Ding/test/cache/memcached/Test_IoC_Annotation_Cache_Memcached.php" line="157" assertions="3" time="0.068037"/>
        <testcase name="can_at_required" class="Test_IoC_Annotation_Cache_Memcached" file="/export/users/marcelog/src/sts/Ding/test/cache/memcached/Test_IoC_Annotation_Cache_Memcached.php" line="169" assertions="1" time="0.070906"/>
        <testcase name="cannot_at_required_missing_property" class="Test_IoC_Annotation_Cache_Memcached" file="/export/users/marcelog/src/sts/Ding/test/cache/memcached/Test_IoC_Annotation_Cache_Memcached.php" line="180" assertions="1" time="0.050099"/>
        <testcase name="can_class_init_method" class="Test_IoC_Annotation_Cache_Memcached" file="/export/users/marcelog/src/sts/Ding/test/cache/memcached/Test_IoC_Annotation_Cache_Memcached.php" line="188" assertions="1" time="0.057266"/>
        <testcase name="can_class_destroy_method" class="Test_IoC_Annotation_Cache_Memcached" file="/export/users/marcelog/src/sts/Ding/test/cache/memcached/Test_IoC_Annotation_Cache_Memcached.php" line="198" assertions="1" time="0.057780"/>
      </testsuite><testsuite name="Test_Cache_Locator" file="/export/users/marcelog/src/sts/Ding/test/cache/locator/Test_Cache_Locator.php" fullPackage="Test.Cache.Locator" category="Ding" package="Test" subpackage="Cache.Locator" tests="1" assertions="1" failures="0" errors="0" time="0.003127">
        <testcase name="cannot_get_invalid_cache" class="Test_Cache_Locator" file="/export/users/marcelog/src/sts/Ding/test/cache/locator/Test_Cache_Locator.php" line="52" assertions="1" time="0.003127"/>
      </testsuite><testsuite name="Test_XML_Filter" file="/export/users/marcelog/src/sts/Ding/test/filter/xml/Test_XML_Filter.php" fullPackage="Test.Filter.Xml" category="Ding" package="Test" subpackage="Filter.Xml" tests="3" assertions="14" failures="0" errors="0" time="0.205237">
        <testcase name="can_use_properties" class="Test_XML_Filter" file="/export/users/marcelog/src/sts/Ding/test/filter/xml/Test_XML_Filter.php" line="53" assertions="5" time="0.075994"/>
        <testcase name="can_use_properties_from_holder" class="Test_XML_Filter" file="/export/users/marcelog/src/sts/Ding/test/filter/xml/Test_XML_Filter.php" line="83" assertions="4" time="0.065508"/>
        <testcase name="can_use_properties_from_holder_string" class="Test_XML_Filter" file="/export/users/marcelog/src/sts/Ding/test/filter/xml/Test_XML_Filter.php" line="113" assertions="5" time="0.063735"/>
      </testsuite><testsuite name="Test_Signal" file="/export/users/marcelog/src/sts/Ding/test/signal/Test_Signal.php" fullPackage="Test.Signal" category="Ding" package="Test" subpackage="Signal" tests="3" assertions="2" failures="0" errors="0" time="0.288516">
        <testcase name="can_set_signal_handler" class="Test_Signal" file="/export/users/marcelog/src/sts/Ding/test/signal/Test_Signal.php" line="52" assertions="1" time="0.053787"/>
        <testcase name="can_set_annotated_signal_handler" class="Test_Signal" file="/export/users/marcelog/src/sts/Ding/test/signal/Test_Signal.php" line="73" assertions="1" time="0.203173"/>
        <testcase name="can_do_nothing_if_no_handlers" class="Test_Signal" file="/export/users/marcelog/src/sts/Ding/test/signal/Test_Signal.php" line="94" assertions="0" time="0.031556"/>
      </testsuite><testsuite name="Test_Shutdown" file="/export/users/marcelog/src/sts/Ding/test/shutdown/Test_Shutdown.php" fullPackage="Test.Shutdown" category="Ding" package="Test" subpackage="Shutdown" tests="5" assertions="4" failures="0" errors="0" time="0.294306">
        <testcase name="can_set_shutdown_handler" class="Test_Shutdown" file="/export/users/marcelog/src/sts/Ding/test/shutdown/Test_Shutdown.php" line="53" assertions="1" time="0.052534"/>
        <testcase name="can_call_shutdown" class="Test_Shutdown" file="/export/users/marcelog/src/sts/Ding/test/shutdown/Test_Shutdown.php" line="75" assertions="1" time="0.003551"/>
        <testcase name="can_set_annotated_shutdown_handler" class="Test_Shutdown" file="/export/users/marcelog/src/sts/Ding/test/shutdown/Test_Shutdown.php" line="83" assertions="1" time="0.203066"/>
        <testcase name="can_call_annotated_shutdown" class="Test_Shutdown" file="/export/users/marcelog/src/sts/Ding/test/shutdown/Test_Shutdown.php" line="105" assertions="1" time="0.003567"/>
        <testcase name="can_do_nothing_if_no_handlers" class="Test_Shutdown" file="/export/users/marcelog/src/sts/Ding/test/shutdown/Test_Shutdown.php" line="113" assertions="0" time="0.031588"/>
      </testsuite><testsuite name="Test_Error" file="/export/users/marcelog/src/sts/Ding/test/error/Test_Error.php" fullPackage="Test.Error" category="Ding" package="Test" subpackage="Error" tests="4" assertions="23" failures="0" errors="0" time="0.320504">
        <testcase name="can_set_error_handler" class="Test_Error" file="/export/users/marcelog/src/sts/Ding/test/error/Test_Error.php" line="52" assertions="6" time="0.057355"/>
        <testcase name="can_set_annotated_error_handler" class="Test_Error" file="/export/users/marcelog/src/sts/Ding/test/error/Test_Error.php" line="86" assertions="6" time="0.222665"/>
        <testcase name="can_do_nothing_if_no_handlers" class="Test_Error" file="/export/users/marcelog/src/sts/Ding/test/error/Test_Error.php" line="120" assertions="0" time="0.031546"/>
        <testcase name="can_discriminate_errors" class="Test_Error" file="/export/users/marcelog/src/sts/Ding/test/error/Test_Error.php" line="136" assertions="11" time="0.008938"/>
      </testsuite><testsuite name="Test_MessageSource_Aware" file="/export/users/marcelog/src/sts/Ding/test/aware/Test_MessageSource_Aware.php" fullPackage="Test.Aware" category="Ding" package="Test" subpackage="Aware" tests="1" assertions="1" failures="0" errors="0" time="1.077683">
        <testcase name="can_be_message_source_aware" class="Test_MessageSource_Aware" file="/export/users/marcelog/src/sts/Ding/test/aware/Test_MessageSource_Aware.php" line="70" assertions="1" time="1.077683"/>
      </testsuite><testsuite name="Test_Lifecycle_Aware" file="/export/users/marcelog/src/sts/Ding/test/aware/Test_Lifecycle_Aware.php" fullPackage="Test.Aware" category="Ding" package="Test" subpackage="Aware" tests="1" assertions="5" failures="0" errors="0" time="1.116428">
        <testcase name="can_be_lifecycle_aware" class="Test_Lifecycle_Aware" file="/export/users/marcelog/src/sts/Ding/test/aware/Test_Lifecycle_Aware.php" line="76" assertions="5" time="1.116428"/>
      </testsuite><testsuite name="Test_AspectManager_Aware" file="/export/users/marcelog/src/sts/Ding/test/aware/Test_AspectManager_Aware.php" fullPackage="Test.Aware" category="Ding" package="Test" subpackage="Aware" tests="1" assertions="1" failures="0" errors="0" time="1.078099">
        <testcase name="can_be_aspect_manager_aware" class="Test_AspectManager_Aware" file="/export/users/marcelog/src/sts/Ding/test/aware/Test_AspectManager_Aware.php" line="70" assertions="1" time="1.078099"/>
      </testsuite><testsuite name="Test_ResourceLoader_Aware" file="/export/users/marcelog/src/sts/Ding/test/aware/Test_ResourceLoader_Aware.php" fullPackage="Test.Aware" category="Ding" package="Test" subpackage="Aware" tests="1" assertions="1" failures="0" errors="0" time="1.079271">
        <testcase name="can_be_resource_loader_aware" class="Test_ResourceLoader_Aware" file="/export/users/marcelog/src/sts/Ding/test/aware/Test_ResourceLoader_Aware.php" line="70" assertions="1" time="1.079271"/>
      </testsuite><testsuite name="Test_Logger_Aware" file="/export/users/marcelog/src/sts/Ding/test/aware/Test_Logger_Aware.php" fullPackage="Test.Aware" category="Ding" package="Test" subpackage="Aware" tests="1" assertions="1" failures="0" errors="0" time="1.079838">
        <testcase name="can_be_logger_aware" class="Test_Logger_Aware" file="/export/users/marcelog/src/sts/Ding/test/aware/Test_Logger_Aware.php" line="69" assertions="1" time="1.079838"/>
      </testsuite><testsuite name="Test_BeanName_Aware" file="/export/users/marcelog/src/sts/Ding/test/aware/Test_BeanName_Aware.php" fullPackage="Test.Aware" category="Ding" package="Test" subpackage="Aware" tests="1" assertions="1" failures="0" errors="0" time="1.087935">
        <testcase name="can_be_bean_name_aware" class="Test_BeanName_Aware" file="/export/users/marcelog/src/sts/Ding/test/aware/Test_BeanName_Aware.php" line="70" assertions="1" time="1.087935"/>
      </testsuite><testsuite name="Test_Container_Aware" file="/export/users/marcelog/src/sts/Ding/test/aware/Test_Container_Aware.php" fullPackage="Test.Aware" category="Ding" package="Test" subpackage="Aware" tests="1" assertions="1" failures="0" errors="0" time="1.083200">
        <testcase name="can_be_container_aware" class="Test_Container_Aware" file="/export/users/marcelog/src/sts/Ding/test/aware/Test_Container_Aware.php" line="70" assertions="1" time="1.083200"/>
      </testsuite><testsuite name="Test_Reflection" file="/export/users/marcelog/src/sts/Ding/test/reflection/Test_Reflection.php" fullPackage="Test.Reflection" category="Ding" package="Test" subpackage="Reflection" tests="1" assertions="1" failures="0" errors="0" time="0.041390">
        <testcase name="can_return_nothing_if_no_annotations_driver" class="Test_Reflection" file="/export/users/marcelog/src/sts/Ding/test/reflection/Test_Reflection.php" line="70" assertions="1" time="0.041390"/>
      </testsuite><testsuite name="Test_Autoloader" file="/export/users/marcelog/src/sts/Ding/test/autoloader/Test_Autoloader.php" fullPackage="Test.Autoloader" category="Ding" package="Test" subpackage="Autoloader" tests="1" assertions="1" failures="0" errors="0" time="0.003705">
        <testcase name="can_register" class="Test_Autoloader" file="/export/users/marcelog/src/sts/Ding/test/autoloader/Test_Autoloader.php" line="53" assertions="1" time="0.003705"/>
      </testsuite><testsuite name="Test_Logger" file="/export/users/marcelog/src/sts/Ding/test/logger/Test_Logger.php" fullPackage="Test.Logger" category="Ding" package="Test" subpackage="Logger" tests="1" assertions="2" failures="0" errors="0" time="0.003552">
        <testcase name="can_use_dummy_logger" class="Test_Logger" file="/export/users/marcelog/src/sts/Ding/test/logger/Test_Logger.php" line="51" assertions="2" time="0.003552"/>
      </testsuite><testsuite name="Test_URL_Resource" file="/export/users/marcelog/src/sts/Ding/test/resources-feature/Test_URL_Resource.php" fullPackage="Test.Resources" category="Ding" package="Test" subpackage="Resources" tests="6" assertions="10" failures="0" errors="0" time="0.712803">
        <testcase name="can_work_with_and_without_scheme" class="Test_URL_Resource" file="/export/users/marcelog/src/sts/Ding/test/resources-feature/Test_URL_Resource.php" line="62" assertions="5" time="0.348569"/>
        <testcase name="can_open" class="Test_URL_Resource" file="/export/users/marcelog/src/sts/Ding/test/resources-feature/Test_URL_Resource.php" line="75" assertions="1" time="0.337605"/>
        <testcase name="can_create_relative" class="Test_URL_Resource" file="/export/users/marcelog/src/sts/Ding/test/resources-feature/Test_URL_Resource.php" line="85" assertions="1" time="0.013729"/>
        <testcase name="cannot_open_invalid_file" class="Test_URL_Resource" file="/export/users/marcelog/src/sts/Ding/test/resources-feature/Test_URL_Resource.php" line="95" assertions="1" time="0.003880"/>
        <testcase name="cannot_open_invalid_url" class="Test_URL_Resource" file="/export/users/marcelog/src/sts/Ding/test/resources-feature/Test_URL_Resource.php" line="104" assertions="1" time="0.003818"/>
        <testcase name="cannot_check_exists_on_invalid_file" class="Test_URL_Resource" file="/export/users/marcelog/src/sts/Ding/test/resources-feature/Test_URL_Resource.php" line="112" assertions="1" time="0.005202"/>
      </testsuite><testsuite name="Test_IncludePath_Resource" file="/export/users/marcelog/src/sts/Ding/test/resources-feature/Test_IncludePath_Resource.php" fullPackage="Test.Resources" category="Ding" package="Test" subpackage="Resources" tests="1" assertions="6" failures="0" errors="0" time="0.008792">
        <testcase name="can_work_with_and_without_scheme" class="Test_IncludePath_Resource" file="/export/users/marcelog/src/sts/Ding/test/resources-feature/Test_IncludePath_Resource.php" line="62" assertions="6" time="0.008792"/>
      </testsuite><testsuite name="Test_Filesystem_Resource" file="/export/users/marcelog/src/sts/Ding/test/resources-feature/Test_Filesystem_Resource.php" fullPackage="Test.Resources" category="Ding" package="Test" subpackage="Resources" tests="5" assertions="18" failures="0" errors="0" time="0.086259">
        <testcase name="can_work_with_and_without_scheme" class="Test_Filesystem_Resource" file="/export/users/marcelog/src/sts/Ding/test/resources-feature/Test_Filesystem_Resource.php" line="63" assertions="8" time="0.009192"/>
        <testcase name="can_inject" class="Test_Filesystem_Resource" file="/export/users/marcelog/src/sts/Ding/test/resources-feature/Test_Filesystem_Resource.php" line="82" assertions="4" time="0.060540"/>
        <testcase name="can_open" class="Test_Filesystem_Resource" file="/export/users/marcelog/src/sts/Ding/test/resources-feature/Test_Filesystem_Resource.php" line="108" assertions="4" time="0.007051"/>
        <testcase name="can_create_relative" class="Test_Filesystem_Resource" file="/export/users/marcelog/src/sts/Ding/test/resources-feature/Test_Filesystem_Resource.php" line="123" assertions="1" time="0.005448"/>
        <testcase name="cannot_open_invalid_file" class="Test_Filesystem_Resource" file="/export/users/marcelog/src/sts/Ding/test/resources-feature/Test_Filesystem_Resource.php" line="133" assertions="1" time="0.004028"/>
      </testsuite><testsuite name="Test_i18n" file="/export/users/marcelog/src/sts/Ding/test/i18n/Test_i18n.php" fullPackage="Test.i18n" category="Ding" package="Test" subpackage="i18n" tests="2" assertions="2" failures="0" errors="0" time="0.102760">
        <testcase name="can_resolve_message_with_arguments" class="Test_i18n" file="/export/users/marcelog/src/sts/Ding/test/i18n/Test_i18n.php" line="66" assertions="1" time="0.051552"/>
        <testcase name="can_resolve_unknown_message_with_arguments" class="Test_i18n" file="/export/users/marcelog/src/sts/Ding/test/i18n/Test_i18n.php" line="79" assertions="1" time="0.051208"/>
      </testsuite><testsuite name="Test_Container" file="/export/users/marcelog/src/sts/Ding/test/container/Test_Container.php" fullPackage="Test.Container" category="Ding" package="Test" subpackage="Container" tests="4" assertions="4" failures="0" errors="0" time="0.588963">
        <testcase name="cannot_get_inexistant_pointcut" class="Test_Container" file="/export/users/marcelog/src/sts/Ding/test/container/Test_Container.php" line="74" assertions="1" time="0.052586"/>
        <testcase name="can_get_url_resource" class="Test_Container" file="/export/users/marcelog/src/sts/Ding/test/container/Test_Container.php" line="83" assertions="1" time="0.442494"/>
        <testcase name="can_get_resource_without_scheme" class="Test_Container" file="/export/users/marcelog/src/sts/Ding/test/container/Test_Container.php" line="94" assertions="2" time="0.049143"/>
        <testcase name="can_serialize" class="Test_Container" file="/export/users/marcelog/src/sts/Ding/test/container/Test_Container.php" line="105" assertions="0" time="0.044740"/>
      </testsuite></testsuites>
