<?xml version="1.0"?>
<testsuites><testsuite name="Test_Event" file="/export/users/marcelog/src/sts/Ding/test/event/Test_Event.php" fullPackage="Test.Events" category="Ding" package="Test" subpackage="Events" tests="1" assertions="3" failures="0" errors="0" time="0.344576">
        <testcase name="can_trigger_events" class="Test_Event" file="/export/users/marcelog/src/sts/Ding/test/event/Test_Event.php" line="73" assertions="3" time="0.344576"/>
      </testsuite><testsuite name="Test_TCP_Peer" file="/export/users/marcelog/src/sts/Ding/test/tcp/Test_TCP_Peer.php" fullPackage="Test.Tcp" category="Ding" package="Test" subpackage="Tcp" tests="1" assertions="5" failures="0" errors="0" time="0.006940">
        <testcase name="can_use_peer" class="Test_TCP_Peer" file="/export/users/marcelog/src/sts/Ding/test/tcp/Test_TCP_Peer.php" line="50" assertions="5" time="0.006940"/>
      </testsuite><testsuite name="Ding\Helpers\TCP\Test_TCP_Mock" file="/export/users/marcelog/src/sts/Ding/test/tcp/Test_TCP_Mock.php" namespace="Ding\Helpers\TCP" fullPackage="Test.Tcp" category="Ding" package="Test" subpackage="Tcp" tests="6" assertions="6" failures="0" errors="0" time="1.846889">
        <testcase name="cannot_socket_create" class="Ding\Helpers\TCP\Test_TCP_Mock" file="/export/users/marcelog/src/sts/Ding/test/tcp/Test_TCP_Mock.php" line="115" assertions="1" time="0.133401"/>
        <testcase name="cannot_socket_select" class="Ding\Helpers\TCP\Test_TCP_Mock" file="/export/users/marcelog/src/sts/Ding/test/tcp/Test_TCP_Mock.php" line="135" assertions="1" time="0.277493"/>
        <testcase name="cannot_socket_select_on_server" class="Ding\Helpers\TCP\Test_TCP_Mock" file="/export/users/marcelog/src/sts/Ding/test/tcp/Test_TCP_Mock.php" line="161" assertions="1" time="0.184318"/>
        <testcase name="cannot_socket_select_on_server_peers" class="Ding\Helpers\TCP\Test_TCP_Mock" file="/export/users/marcelog/src/sts/Ding/test/tcp/Test_TCP_Mock.php" line="184" assertions="1" time="0.884572"/>
        <testcase name="cannot_socket_create_on_server" class="Ding\Helpers\TCP\Test_TCP_Mock" file="/export/users/marcelog/src/sts/Ding/test/tcp/Test_TCP_Mock.php" line="213" assertions="1" time="0.182828"/>
        <testcase name="cannot_socket_listen_on_server" class="Ding\Helpers\TCP\Test_TCP_Mock" file="/export/users/marcelog/src/sts/Ding/test/tcp/Test_TCP_Mock.php" line="232" assertions="1" time="0.184277"/>
      </testsuite><testsuite name="Test_TCP_Client" file="/export/users/marcelog/src/sts/Ding/test/tcp/Test_TCP_Client.php" fullPackage="Test.Tcp" category="Ding" package="Test" subpackage="Tcp" tests="7" assertions="7" failures="0" errors="0" time="24.103407">
        <testcase name="cannot_bind" class="Test_TCP_Client" file="/export/users/marcelog/src/sts/Ding/test/tcp/Test_TCP_Client.php" line="79" assertions="1" time="0.123047"/>
        <testcase name="cannot_connect" class="Test_TCP_Client" file="/export/users/marcelog/src/sts/Ding/test/tcp/Test_TCP_Client.php" line="90" assertions="1" time="0.123350"/>
        <testcase name="can_timeout_on_connect" class="Test_TCP_Client" file="/export/users/marcelog/src/sts/Ding/test/tcp/Test_TCP_Client.php" line="100" assertions="1" time="9.904509"/>
        <testcase name="can_connect_and_receive_nonblocking" class="Test_TCP_Client" file="/export/users/marcelog/src/sts/Ding/test/tcp/Test_TCP_Client.php" line="115" assertions="1" time="0.433092"/>
        <testcase name="can_connect_and_receive_blocking" class="Test_TCP_Client" file="/export/users/marcelog/src/sts/Ding/test/tcp/Test_TCP_Client.php" line="128" assertions="1" time="0.431286"/>
        <testcase name="can_timeout_on_starving_reading" class="Test_TCP_Client" file="/export/users/marcelog/src/sts/Ding/test/tcp/Test_TCP_Client.php" line="142" assertions="1" time="10.284009"/>
        <testcase name="can_close_on_server_disconnect" class="Test_TCP_Client" file="/export/users/marcelog/src/sts/Ding/test/tcp/Test_TCP_Client.php" line="156" assertions="1" time="2.804114"/>
      </testsuite><testsuite name="Test_TCP_Server" file="/export/users/marcelog/src/sts/Ding/test/tcp/Test_TCP_Server.php" fullPackage="Test.Tcp" category="Ding" package="Test" subpackage="Tcp" tests="6" assertions="5" failures="0" errors="0" time="19.638378">
        <testcase name="can_open" class="Test_TCP_Server" file="/export/users/marcelog/src/sts/Ding/test/tcp/Test_TCP_Server.php" line="75" assertions="0" time="0.207515"/>
        <testcase name="cannot_bind" class="Test_TCP_Server" file="/export/users/marcelog/src/sts/Ding/test/tcp/Test_TCP_Server.php" line="87" assertions="1" time="0.183811"/>
        <testcase name="can_accept_connection_and_receive_data" class="Test_TCP_Server" file="/export/users/marcelog/src/sts/Ding/test/tcp/Test_TCP_Server.php" line="98" assertions="1" time="2.824867"/>
        <testcase name="can_accept_connection_and_send_data" class="Test_TCP_Server" file="/export/users/marcelog/src/sts/Ding/test/tcp/Test_TCP_Server.php" line="114" assertions="1" time="2.812864"/>
        <testcase name="can_close_on_client_disconnect" class="Test_TCP_Server" file="/export/users/marcelog/src/sts/Ding/test/tcp/Test_TCP_Server.php" line="130" assertions="1" time="2.808914"/>
        <testcase name="can_timeout_on_starving_reading" class="Test_TCP_Server" file="/export/users/marcelog/src/sts/Ding/test/tcp/Test_TCP_Server.php" line="146" assertions="1" time="10.800407"/>
      </testsuite><testsuite name="Test_XML_Cache" file="/export/users/marcelog/src/sts/Ding/test/aop/cache/Test_Cache_AOP.php" fullPackage="Test.Aop.Cache" category="Ding" package="Test" subpackage="Aop.Cache" tests="2" assertions="4" failures="0" errors="0" time="0.192906">
        <testcase name="can_cache_pointcut" class="Test_XML_Cache" file="/export/users/marcelog/src/sts/Ding/test/aop/cache/Test_Cache_AOP.php" line="76" assertions="2" time="0.100616"/>
        <testcase name="can_return_cached_pointcut" class="Test_XML_Cache" file="/export/users/marcelog/src/sts/Ding/test/aop/cache/Test_Cache_AOP.php" line="90" assertions="2" time="0.092290"/>
      </testsuite><testsuite name="Test_Dispatcher" file="/export/users/marcelog/src/sts/Ding/test/aop/dispatcher/Test_Dispatcher.php" fullPackage="Test.Aop.Dispatcher" category="Ding" package="Test" subpackage="Aop.Dispatcher" tests="2" assertions="5" failures="0" errors="0" time="0.270280">
        <testcase name="can_properly_set_method_invocation" class="Test_Dispatcher" file="/export/users/marcelog/src/sts/Ding/test/aop/dispatcher/Test_Dispatcher.php" line="69" assertions="4" time="0.143710"/>
        <testcase name="can_throw_exception_when_no_exception_interceptors" class="Test_Dispatcher" file="/export/users/marcelog/src/sts/Ding/test/aop/dispatcher/Test_Dispatcher.php" line="86" assertions="1" time="0.126570"/>
      </testsuite><testsuite name="Test_XML_AOP" file="/export/users/marcelog/src/sts/Ding/test/aop/xml/Test_XML_AOP.php" fullPackage="Test.Aop.Xml" category="Ding" package="Test" subpackage="Aop.Xml" tests="8" assertions="13" failures="0" errors="0" time="2.487812">
        <testcase name="can_intercept_exception_from_bean_aop" class="Test_XML_AOP" file="/export/users/marcelog/src/sts/Ding/test/aop/xml/Test_XML_AOP.php" line="72" assertions="1" time="0.312619"/>
        <testcase name="can_intercept_and_proceed_exception_from_bean_aop" class="Test_XML_AOP" file="/export/users/marcelog/src/sts/Ding/test/aop/xml/Test_XML_AOP.php" line="83" assertions="1" time="0.308450"/>
        <testcase name="cannot_invalid_aspect_type" class="Test_XML_AOP" file="/export/users/marcelog/src/sts/Ding/test/aop/xml/Test_XML_AOP.php" line="94" assertions="1" time="0.272024"/>
        <testcase name="can_intercept_method_from_bean_aop" class="Test_XML_AOP" file="/export/users/marcelog/src/sts/Ding/test/aop/xml/Test_XML_AOP.php" line="103" assertions="1" time="0.321382"/>
        <testcase name="can_intercept_method_from_parent_class" class="Test_XML_AOP" file="/export/users/marcelog/src/sts/Ding/test/aop/xml/Test_XML_AOP.php" line="113" assertions="1" time="0.308777"/>
        <testcase name="can_intercept_multiple_methods_from_bean_aop" class="Test_XML_AOP" file="/export/users/marcelog/src/sts/Ding/test/aop/xml/Test_XML_AOP.php" line="122" assertions="2" time="0.311766"/>
        <testcase name="can_define_global_aspects" class="Test_XML_AOP" file="/export/users/marcelog/src/sts/Ding/test/aop/xml/Test_XML_AOP.php" line="133" assertions="4" time="0.338511"/>
        <testcase name="can_define_global_pointcuts" class="Test_XML_AOP" file="/export/users/marcelog/src/sts/Ding/test/aop/xml/Test_XML_AOP.php" line="147" assertions="2" time="0.314283"/>
      </testsuite><testsuite name="Test_YAML_AOP" file="/export/users/marcelog/src/sts/Ding/test/aop/yaml/Test_YAML_AOP.php" fullPackage="Test.Aop.Yaml" category="Ding" package="Test" subpackage="Aop.Yaml" tests="6" assertions="11" failures="0" errors="0" time="0.763826">
        <testcase name="can_intercept_exception_from_bean_aop" class="Test_YAML_AOP" file="/export/users/marcelog/src/sts/Ding/test/aop/yaml/Test_YAML_AOP.php" line="69" assertions="1" time="0.125630"/>
        <testcase name="cannot_invalid_aspect_type" class="Test_YAML_AOP" file="/export/users/marcelog/src/sts/Ding/test/aop/yaml/Test_YAML_AOP.php" line="80" assertions="1" time="0.090276"/>
        <testcase name="can_intercept_method_from_bean_aop" class="Test_YAML_AOP" file="/export/users/marcelog/src/sts/Ding/test/aop/yaml/Test_YAML_AOP.php" line="89" assertions="1" time="0.137180"/>
        <testcase name="can_intercept_multiple_methods_from_bean_aop" class="Test_YAML_AOP" file="/export/users/marcelog/src/sts/Ding/test/aop/yaml/Test_YAML_AOP.php" line="99" assertions="2" time="0.127219"/>
        <testcase name="can_define_global_aspects" class="Test_YAML_AOP" file="/export/users/marcelog/src/sts/Ding/test/aop/yaml/Test_YAML_AOP.php" line="110" assertions="4" time="0.152749"/>
        <testcase name="can_define_global_pointcuts" class="Test_YAML_AOP" file="/export/users/marcelog/src/sts/Ding/test/aop/yaml/Test_YAML_AOP.php" line="124" assertions="2" time="0.130772"/>
      </testsuite><testsuite name="Test_Annotation_AOP" file="/export/users/marcelog/src/sts/Ding/test/aop/annotation/Test_Annotation_AOP.php" fullPackage="Test.Aop.Annotation" category="Ding" package="Test" subpackage="Aop.Annotation" tests="2" assertions="2" failures="0" errors="0" time="0.600283">
        <testcase name="can_intercept_method" class="Test_Annotation_AOP" file="/export/users/marcelog/src/sts/Ding/test/aop/annotation/Test_Annotation_AOP.php" line="70" assertions="1" time="0.299355"/>
        <testcase name="can_intercept_exception" class="Test_Annotation_AOP" file="/export/users/marcelog/src/sts/Ding/test/aop/annotation/Test_Annotation_AOP.php" line="80" assertions="1" time="0.300928"/>
      </testsuite><testsuite name="Test_Proxy" file="/export/users/marcelog/src/sts/Ding/test/aop/proxy/Test_Proxy.php" fullPackage="Test.Aop.Proxy" category="Ding" package="Test" subpackage="Aop.Proxy" tests="2" assertions="10" failures="0" errors="0" time="0.702614">
        <testcase name="can_intercept_protected_method" class="Test_Proxy" file="/export/users/marcelog/src/sts/Ding/test/aop/proxy/Test_Proxy.php" line="70" assertions="2" time="0.343381"/>
        <testcase name="can_honor_default_values" class="Test_Proxy" file="/export/users/marcelog/src/sts/Ding/test/aop/proxy/Test_Proxy.php" line="82" assertions="8" time="0.359233"/>
      </testsuite><testsuite name="Test_HttpViewResolver" file="/export/users/marcelog/src/sts/Ding/test/mvc/Test_HttpViewResolver.php" fullPackage="Test.mvc" category="Ding" package="Test" subpackage="mvc" tests="2" assertions="4" failures="0" errors="0" time="0.227985">
        <testcase name="can_resolve" class="Test_HttpViewResolver" file="/export/users/marcelog/src/sts/Ding/test/mvc/Test_HttpViewResolver.php" line="67" assertions="2" time="0.114083"/>
        <testcase name="can_resolve_with_slash_at_the_end" class="Test_HttpViewResolver" file="/export/users/marcelog/src/sts/Ding/test/mvc/Test_HttpViewResolver.php" line="82" assertions="2" time="0.113902"/>
      </testsuite><testsuite name="Test_HttpFrontController" file="/export/users/marcelog/src/sts/Ding/test/mvc/Test_HttpFrontController.php" fullPackage="Test.mvc" category="Ding" package="Test" subpackage="mvc" tests="12" assertions="12" failures="0" errors="0" time="3.636634">
        <testcase name="can_accept_get_arguments" class="Test_HttpFrontController" file="/export/users/marcelog/src/sts/Ding/test/mvc/Test_HttpFrontController.php" line="86" assertions="2" time="0.350099"/>
        <testcase name="can_accept_post_arguments" class="Test_HttpFrontController" file="/export/users/marcelog/src/sts/Ding/test/mvc/Test_HttpFrontController.php" line="99" assertions="2" time="0.350601"/>
        <testcase name="can_forward" class="Test_HttpFrontController" file="/export/users/marcelog/src/sts/Ding/test/mvc/Test_HttpFrontController.php" line="115" assertions="1" time="0.358357"/>
        <testcase name="can_redirect" class="Test_HttpFrontController" file="/export/users/marcelog/src/sts/Ding/test/mvc/Test_HttpFrontController.php" line="129" assertions="0" time="0.256029"/>
        <testcase name="can_dispatch_and_render_default_action" class="Test_HttpFrontController" file="/export/users/marcelog/src/sts/Ding/test/mvc/Test_HttpFrontController.php" line="140" assertions="1" time="0.366990"/>
        <testcase name="can_dispatch_and_render" class="Test_HttpFrontController" file="/export/users/marcelog/src/sts/Ding/test/mvc/Test_HttpFrontController.php" line="154" assertions="1" time="0.349635"/>
        <testcase name="can_dispatch_and_render_twig" class="Test_HttpFrontController" file="/export/users/marcelog/src/sts/Ding/test/mvc/Test_HttpFrontController.php" line="168" assertions="1" time="0.350461"/>
        <testcase name="can_dispatch_and_render_smarty" class="Test_HttpFrontController" file="/export/users/marcelog/src/sts/Ding/test/mvc/Test_HttpFrontController.php" line="182" assertions="1" time="0.271120"/>
        <testcase name="can_dispatch_and_render_exceptions" class="Test_HttpFrontController" file="/export/users/marcelog/src/sts/Ding/test/mvc/Test_HttpFrontController.php" line="213" assertions="1" time="0.357678"/>
        <testcase name="cannot_handle_uncatched_exceptions" class="Test_HttpFrontController" file="/export/users/marcelog/src/sts/Ding/test/mvc/Test_HttpFrontController.php" line="228" assertions="1" time="0.256487"/>
        <testcase name="cannot_handle_invalid_base_url" class="Test_HttpFrontController" file="/export/users/marcelog/src/sts/Ding/test/mvc/Test_HttpFrontController.php" line="240" assertions="1" time="0.224193"/>
        <testcase name="can_handle_uncatched_exceptions_with_no_exception_mapper" class="Test_HttpFrontController" file="/export/users/marcelog/src/sts/Ding/test/mvc/Test_HttpFrontController.php" line="251" assertions="0" time="0.144984"/>
      </testsuite><testsuite name="Test_HttpDispatcher" file="/export/users/marcelog/src/sts/Ding/test/mvc/Test_HttpDispatcher.php" fullPackage="Test.mvc" category="Ding" package="Test" subpackage="mvc" tests="6" assertions="10" failures="0" errors="0" time="1.731024">
        <testcase name="can_dispatch" class="Test_HttpDispatcher" file="/export/users/marcelog/src/sts/Ding/test/mvc/Test_HttpDispatcher.php" line="67" assertions="2" time="0.156680"/>
        <testcase name="can_dispatch_to_main" class="Test_HttpDispatcher" file="/export/users/marcelog/src/sts/Ding/test/mvc/Test_HttpDispatcher.php" line="81" assertions="2" time="0.156938"/>
        <testcase name="can_dispatch_without_begin_slash" class="Test_HttpDispatcher" file="/export/users/marcelog/src/sts/Ding/test/mvc/Test_HttpDispatcher.php" line="95" assertions="2" time="0.156907"/>
        <testcase name="cannot_dispatch_to_invalid_action" class="Test_HttpDispatcher" file="/export/users/marcelog/src/sts/Ding/test/mvc/Test_HttpDispatcher.php" line="110" assertions="1" time="0.153873"/>
        <testcase name="cannot_dispatch_to_invalid_controller" class="Test_HttpDispatcher" file="/export/users/marcelog/src/sts/Ding/test/mvc/Test_HttpDispatcher.php" line="123" assertions="1" time="0.151383"/>
        <testcase name="can_dispatch_with_annotations" class="Test_HttpDispatcher" file="/export/users/marcelog/src/sts/Ding/test/mvc/Test_HttpDispatcher.php" line="135" assertions="2" time="0.955243"/>
      </testsuite><testsuite name="Test_HttpView" file="/export/users/marcelog/src/sts/Ding/test/mvc/Test_HttpView.php" fullPackage="Test.mvc" category="Ding" package="Test" subpackage="mvc" tests="1" assertions="1" failures="0" errors="0" time="0.144471">
        <testcase name="can_render" class="Test_HttpView" file="/export/users/marcelog/src/sts/Ding/test/mvc/Test_HttpView.php" line="67" assertions="1" time="0.144471"/>
      </testsuite><testsuite name="Test_ModelAndView" file="/export/users/marcelog/src/sts/Ding/test/mvc/Test_ModelAndView.php" fullPackage="Test.mvc" category="Ding" package="Test" subpackage="mvc" tests="3" assertions="3" failures="0" errors="0" time="0.014355">
        <testcase name="can_get_set_model" class="Test_ModelAndView" file="/export/users/marcelog/src/sts/Ding/test/mvc/Test_ModelAndView.php" line="53" assertions="1" time="0.004499"/>
        <testcase name="can_redirect_mav" class="Test_ModelAndView" file="/export/users/marcelog/src/sts/Ding/test/mvc/Test_ModelAndView.php" line="64" assertions="1" time="0.004921"/>
        <testcase name="can_forward_mav" class="Test_ModelAndView" file="/export/users/marcelog/src/sts/Ding/test/mvc/Test_ModelAndView.php" line="75" assertions="1" time="0.004935"/>
      </testsuite><testsuite name="Test_Syslog" file="/export/users/marcelog/src/sts/Ding/test/syslog/Test_Syslog.php" fullPackage="Test.Syslog" category="Ding" package="Test" subpackage="Syslog" tests="1" assertions="0" failures="0" errors="0" time="0.107123">
        <testcase name="can_use_syslog" class="Test_Syslog" file="/export/users/marcelog/src/sts/Ding/test/syslog/Test_Syslog.php" line="51" assertions="0" time="0.107123"/>
      </testsuite><testsuite name="Test_Timer" file="/export/users/marcelog/src/sts/Ding/test/timer/Test_Timer.php" fullPackage="Test.Timer" category="Ding" package="Test" subpackage="Timer" tests="1" assertions="1" failures="0" errors="0" time="4.639066">
        <testcase name="can_use_timer" class="Test_Timer" file="/export/users/marcelog/src/sts/Ding/test/timer/Test_Timer.php" line="52" assertions="1" time="4.639066"/>
      </testsuite><testsuite name="Test_HttpSession" file="/export/users/marcelog/src/sts/Ding/test/httpsession/Test_HttpSession.php" fullPackage="Test.Httpsession" category="Ding" package="Test" subpackage="Httpsession" tests="3" assertions="2" failures="0" errors="0" time="0.010793">
        <testcase name="can_use_session" class="Test_HttpSession" file="/export/users/marcelog/src/sts/Ding/test/httpsession/Test_HttpSession.php" line="50" assertions="0" time="0.002452"/>
        <testcase name="can_return_false_on_invalid_attribute" class="Test_HttpSession" file="/export/users/marcelog/src/sts/Ding/test/httpsession/Test_HttpSession.php" line="59" assertions="1" time="0.003585"/>
        <testcase name="can_use_attributes" class="Test_HttpSession" file="/export/users/marcelog/src/sts/Ding/test/httpsession/Test_HttpSession.php" line="68" assertions="1" time="0.004756"/>
      </testsuite><testsuite name="Test_XML_IoC" file="/export/users/marcelog/src/sts/Ding/test/ioc/xml/Test_XML_IoC.php" fullPackage="Test.Ioc.Xml" category="Ding" package="Test" subpackage="Ioc.Xml" tests="20" assertions="74" failures="0" errors="0" time="2.556323">
        <testcase name="cannot_read_beans_file" class="Test_XML_IoC" file="/export/users/marcelog/src/sts/Ding/test/ioc/xml/Test_XML_IoC.php" line="71" assertions="1" time="0.079570"/>
        <testcase name="cannot_parse_beans_file" class="Test_XML_IoC" file="/export/users/marcelog/src/sts/Ding/test/ioc/xml/Test_XML_IoC.php" line="96" assertions="1" time="0.074814"/>
        <testcase name="cannot_unknown_bean" class="Test_XML_IoC" file="/export/users/marcelog/src/sts/Ding/test/ioc/xml/Test_XML_IoC.php" line="119" assertions="1" time="0.092622"/>
        <testcase name="cannot_invalid_scope" class="Test_XML_IoC" file="/export/users/marcelog/src/sts/Ding/test/ioc/xml/Test_XML_IoC.php" line="129" assertions="1" time="0.093525"/>
        <testcase name="can_init_method" class="Test_XML_IoC" file="/export/users/marcelog/src/sts/Ding/test/ioc/xml/Test_XML_IoC.php" line="138" assertions="1" time="0.105552"/>
        <testcase name="can_destroy_method" class="Test_XML_IoC" file="/export/users/marcelog/src/sts/Ding/test/ioc/xml/Test_XML_IoC.php" line="148" assertions="1" time="0.105324"/>
        <testcase name="can_constructor_args" class="Test_XML_IoC" file="/export/users/marcelog/src/sts/Ding/test/ioc/xml/Test_XML_IoC.php" line="161" assertions="16" time="0.189382"/>
        <testcase name="can_setter_args" class="Test_XML_IoC" file="/export/users/marcelog/src/sts/Ding/test/ioc/xml/Test_XML_IoC.php" line="187" assertions="16" time="0.169650"/>
        <testcase name="can_singleton" class="Test_XML_IoC" file="/export/users/marcelog/src/sts/Ding/test/ioc/xml/Test_XML_IoC.php" line="212" assertions="3" time="0.111366"/>
        <testcase name="can_prototype" class="Test_XML_IoC" file="/export/users/marcelog/src/sts/Ding/test/ioc/xml/Test_XML_IoC.php" line="231" assertions="3" time="0.109389"/>
        <testcase name="can_import" class="Test_XML_IoC" file="/export/users/marcelog/src/sts/Ding/test/ioc/xml/Test_XML_IoC.php" line="250" assertions="2" time="0.122880"/>
        <testcase name="can_depends_on" class="Test_XML_IoC" file="/export/users/marcelog/src/sts/Ding/test/ioc/xml/Test_XML_IoC.php" line="261" assertions="3" time="0.138864"/>
        <testcase name="can_method_lookup" class="Test_XML_IoC" file="/export/users/marcelog/src/sts/Ding/test/ioc/xml/Test_XML_IoC.php" line="273" assertions="2" time="0.138385"/>
        <testcase name="can_multiple_dirs" class="Test_XML_IoC" file="/export/users/marcelog/src/sts/Ding/test/ioc/xml/Test_XML_IoC.php" line="284" assertions="2" time="0.126349"/>
        <testcase name="can_factory_method" class="Test_XML_IoC" file="/export/users/marcelog/src/sts/Ding/test/ioc/xml/Test_XML_IoC.php" line="308" assertions="8" time="0.128994"/>
        <testcase name="can_factory_bean" class="Test_XML_IoC" file="/export/users/marcelog/src/sts/Ding/test/ioc/xml/Test_XML_IoC.php" line="326" assertions="8" time="0.151647"/>
        <testcase name="can_cache_property_name_for_setter_driver" class="Test_XML_IoC" file="/export/users/marcelog/src/sts/Ding/test/ioc/xml/Test_XML_IoC.php" line="344" assertions="2" time="0.223194"/>
        <testcase name="can_inherit_from_bean" class="Test_XML_IoC" file="/export/users/marcelog/src/sts/Ding/test/ioc/xml/Test_XML_IoC.php" line="357" assertions="1" time="0.118947"/>
        <testcase name="can_get_globally_aliased_bean" class="Test_XML_IoC" file="/export/users/marcelog/src/sts/Ding/test/ioc/xml/Test_XML_IoC.php" line="367" assertions="1" time="0.172099"/>
        <testcase name="can_get_aliased_bean" class="Test_XML_IoC" file="/export/users/marcelog/src/sts/Ding/test/ioc/xml/Test_XML_IoC.php" line="377" assertions="1" time="0.103771"/>
      </testsuite><testsuite name="Test_YAML_IoC" file="/export/users/marcelog/src/sts/Ding/test/ioc/yaml/Test_YAML_IoC.php" fullPackage="Test.Ioc.Yaml" category="Ding" package="Test" subpackage="Ioc.Yaml" tests="20" assertions="73" failures="0" errors="0" time="6.693055">
        <testcase name="cannot_read_beans_file" class="Test_YAML_IoC" file="/export/users/marcelog/src/sts/Ding/test/ioc/yaml/Test_YAML_IoC.php" line="73" assertions="1" time="0.069817"/>
        <testcase name="cannot_invalid_scope" class="Test_YAML_IoC" file="/export/users/marcelog/src/sts/Ding/test/ioc/yaml/Test_YAML_IoC.php" line="95" assertions="1" time="0.330199"/>
        <testcase name="cannot_unknown_bean" class="Test_YAML_IoC" file="/export/users/marcelog/src/sts/Ding/test/ioc/yaml/Test_YAML_IoC.php" line="105" assertions="1" time="0.327083"/>
        <testcase name="cannot_parse_beans_file" class="Test_YAML_IoC" file="/export/users/marcelog/src/sts/Ding/test/ioc/yaml/Test_YAML_IoC.php" line="115" assertions="1" time="0.074288"/>
        <testcase name="can_constructor_args" class="Test_YAML_IoC" file="/export/users/marcelog/src/sts/Ding/test/ioc/yaml/Test_YAML_IoC.php" line="136" assertions="16" time="0.405772"/>
        <testcase name="can_init_method" class="Test_YAML_IoC" file="/export/users/marcelog/src/sts/Ding/test/ioc/yaml/Test_YAML_IoC.php" line="161" assertions="1" time="0.341033"/>
        <testcase name="can_destroy_method" class="Test_YAML_IoC" file="/export/users/marcelog/src/sts/Ding/test/ioc/yaml/Test_YAML_IoC.php" line="171" assertions="1" time="0.342929"/>
        <testcase name="can_setter_args" class="Test_YAML_IoC" file="/export/users/marcelog/src/sts/Ding/test/ioc/yaml/Test_YAML_IoC.php" line="184" assertions="15" time="0.422502"/>
        <testcase name="can_singleton" class="Test_YAML_IoC" file="/export/users/marcelog/src/sts/Ding/test/ioc/yaml/Test_YAML_IoC.php" line="208" assertions="3" time="0.348830"/>
        <testcase name="can_prototype" class="Test_YAML_IoC" file="/export/users/marcelog/src/sts/Ding/test/ioc/yaml/Test_YAML_IoC.php" line="227" assertions="3" time="0.357083"/>
        <testcase name="can_import" class="Test_YAML_IoC" file="/export/users/marcelog/src/sts/Ding/test/ioc/yaml/Test_YAML_IoC.php" line="246" assertions="2" time="0.362825"/>
        <testcase name="can_depends_on" class="Test_YAML_IoC" file="/export/users/marcelog/src/sts/Ding/test/ioc/yaml/Test_YAML_IoC.php" line="257" assertions="3" time="0.378720"/>
        <testcase name="can_multiple_dirs" class="Test_YAML_IoC" file="/export/users/marcelog/src/sts/Ding/test/ioc/yaml/Test_YAML_IoC.php" line="269" assertions="2" time="0.125539"/>
        <testcase name="can_method_lookup" class="Test_YAML_IoC" file="/export/users/marcelog/src/sts/Ding/test/ioc/yaml/Test_YAML_IoC.php" line="293" assertions="2" time="0.376715"/>
        <testcase name="can_factory_method" class="Test_YAML_IoC" file="/export/users/marcelog/src/sts/Ding/test/ioc/yaml/Test_YAML_IoC.php" line="304" assertions="8" time="0.367163"/>
        <testcase name="can_factory_bean" class="Test_YAML_IoC" file="/export/users/marcelog/src/sts/Ding/test/ioc/yaml/Test_YAML_IoC.php" line="322" assertions="8" time="0.406524"/>
        <testcase name="can_cache_property_name_for_setter_driver" class="Test_YAML_IoC" file="/export/users/marcelog/src/sts/Ding/test/ioc/yaml/Test_YAML_IoC.php" line="340" assertions="2" time="0.519898"/>
        <testcase name="can_inherit_from_bean" class="Test_YAML_IoC" file="/export/users/marcelog/src/sts/Ding/test/ioc/yaml/Test_YAML_IoC.php" line="353" assertions="1" time="0.355887"/>
        <testcase name="can_get_globally_aliased_bean" class="Test_YAML_IoC" file="/export/users/marcelog/src/sts/Ding/test/ioc/yaml/Test_YAML_IoC.php" line="362" assertions="1" time="0.355105"/>
        <testcase name="can_get_aliased_bean" class="Test_YAML_IoC" file="/export/users/marcelog/src/sts/Ding/test/ioc/yaml/Test_YAML_IoC.php" line="371" assertions="1" time="0.425143"/>
      </testsuite><testsuite name="Test_Annotation_IoC" file="/export/users/marcelog/src/sts/Ding/test/ioc/annotation/Test_Annotation_IoC.php" fullPackage="Test.Ioc.Annotation" category="Ding" package="Test" subpackage="Ioc.Annotation" tests="17" assertions="24" failures="0" errors="0" time="5.932360">
        <testcase name="can_get_class_with_underscore" class="Test_Annotation_IoC" file="/export/users/marcelog/src/sts/Ding/test/ioc/annotation/Test_Annotation_IoC.php" line="69" assertions="1" time="0.342038"/>
        <testcase name="can_get_from_a_namespaced_class" class="Test_Annotation_IoC" file="/export/users/marcelog/src/sts/Ding/test/ioc/annotation/Test_Annotation_IoC.php" line="79" assertions="1" time="0.361467"/>
        <testcase name="can_singleton" class="Test_Annotation_IoC" file="/export/users/marcelog/src/sts/Ding/test/ioc/annotation/Test_Annotation_IoC.php" line="88" assertions="3" time="0.348733"/>
        <testcase name="can_prototype" class="Test_Annotation_IoC" file="/export/users/marcelog/src/sts/Ding/test/ioc/annotation/Test_Annotation_IoC.php" line="107" assertions="3" time="0.353400"/>
        <testcase name="can_rename" class="Test_Annotation_IoC" file="/export/users/marcelog/src/sts/Ding/test/ioc/annotation/Test_Annotation_IoC.php" line="126" assertions="1" time="0.341995"/>
        <testcase name="can_init_method" class="Test_Annotation_IoC" file="/export/users/marcelog/src/sts/Ding/test/ioc/annotation/Test_Annotation_IoC.php" line="136" assertions="1" time="0.342462"/>
        <testcase name="can_destroy_method" class="Test_Annotation_IoC" file="/export/users/marcelog/src/sts/Ding/test/ioc/annotation/Test_Annotation_IoC.php" line="146" assertions="1" time="0.342613"/>
        <testcase name="can_at_resource" class="Test_Annotation_IoC" file="/export/users/marcelog/src/sts/Ding/test/ioc/annotation/Test_Annotation_IoC.php" line="159" assertions="3" time="0.390056"/>
        <testcase name="can_at_required" class="Test_Annotation_IoC" file="/export/users/marcelog/src/sts/Ding/test/ioc/annotation/Test_Annotation_IoC.php" line="171" assertions="1" time="0.411959"/>
        <testcase name="cannot_at_required_missing_property" class="Test_Annotation_IoC" file="/export/users/marcelog/src/sts/Ding/test/ioc/annotation/Test_Annotation_IoC.php" line="182" assertions="1" time="0.318811"/>
        <testcase name="can_class_init_method" class="Test_Annotation_IoC" file="/export/users/marcelog/src/sts/Ding/test/ioc/annotation/Test_Annotation_IoC.php" line="190" assertions="1" time="0.354148"/>
        <testcase name="can_class_destroy_method" class="Test_Annotation_IoC" file="/export/users/marcelog/src/sts/Ding/test/ioc/annotation/Test_Annotation_IoC.php" line="200" assertions="1" time="0.342399"/>
        <testcase name="can_get_component" class="Test_Annotation_IoC" file="/export/users/marcelog/src/sts/Ding/test/ioc/annotation/Test_Annotation_IoC.php" line="212" assertions="2" time="0.346461"/>
        <testcase name="cannot_invalid_scope" class="Test_Annotation_IoC" file="/export/users/marcelog/src/sts/Ding/test/ioc/annotation/Test_Annotation_IoC.php" line="224" assertions="1" time="0.316019"/>
        <testcase name="can_inherit_from_bean" class="Test_Annotation_IoC" file="/export/users/marcelog/src/sts/Ding/test/ioc/annotation/Test_Annotation_IoC.php" line="233" assertions="1" time="0.349203"/>
        <testcase name="can_get_component_aliased" class="Test_Annotation_IoC" file="/export/users/marcelog/src/sts/Ding/test/ioc/annotation/Test_Annotation_IoC.php" line="243" assertions="1" time="0.327931"/>
        <testcase name="can_get_bean_aliased" class="Test_Annotation_IoC" file="/export/users/marcelog/src/sts/Ding/test/ioc/annotation/Test_Annotation_IoC.php" line="252" assertions="1" time="0.342665"/>
      </testsuite><testsuite name="Test_Cache_Dummy" file="/export/users/marcelog/src/sts/Ding/test/cache/dummy/Test_Cache_Dummy.php" fullPackage="Test.Cache.Dummy" category="Ding" package="Test" subpackage="Cache.Dummy" tests="1" assertions="0" failures="0" errors="0" time="0.089228">
        <testcase name="can_remove" class="Test_Cache_Dummy" file="/export/users/marcelog/src/sts/Ding/test/cache/dummy/Test_Cache_Dummy.php" line="95" assertions="0" time="0.089228"/>
      </testsuite><testsuite name="Test_IoC_Cache_ZF" file="/export/users/marcelog/src/sts/Ding/test/cache/zfcache/Test_IoC_Cache_ZF.php" fullPackage="Test.Cache.Zfcache" category="Ding" package="Test" subpackage="Cache.Zfcache" tests="15" assertions="78" failures="0" errors="0" time="2.453689">
        <testcase name="can_remove" class="Test_IoC_Cache_ZF" file="/export/users/marcelog/src/sts/Ding/test/cache/zfcache/Test_IoC_Cache_ZF.php" line="101" assertions="3" time="0.113374"/>
        <testcase name="can_init_method" class="Test_IoC_Cache_ZF" file="/export/users/marcelog/src/sts/Ding/test/cache/zfcache/Test_IoC_Cache_ZF.php" line="124" assertions="1" time="0.129233"/>
        <testcase name="can_destroy_method" class="Test_IoC_Cache_ZF" file="/export/users/marcelog/src/sts/Ding/test/cache/zfcache/Test_IoC_Cache_ZF.php" line="134" assertions="1" time="0.127313"/>
        <testcase name="can_constructor_args" class="Test_IoC_Cache_ZF" file="/export/users/marcelog/src/sts/Ding/test/cache/zfcache/Test_IoC_Cache_ZF.php" line="147" assertions="16" time="0.213583"/>
        <testcase name="can_setter_args" class="Test_IoC_Cache_ZF" file="/export/users/marcelog/src/sts/Ding/test/cache/zfcache/Test_IoC_Cache_ZF.php" line="173" assertions="16" time="0.215184"/>
        <testcase name="can_setter_args_cached" class="Test_IoC_Cache_ZF" file="/export/users/marcelog/src/sts/Ding/test/cache/zfcache/Test_IoC_Cache_ZF.php" line="198" assertions="16" time="0.201544"/>
        <testcase name="can_singleton" class="Test_IoC_Cache_ZF" file="/export/users/marcelog/src/sts/Ding/test/cache/zfcache/Test_IoC_Cache_ZF.php" line="223" assertions="3" time="0.133731"/>
        <testcase name="can_prototype" class="Test_IoC_Cache_ZF" file="/export/users/marcelog/src/sts/Ding/test/cache/zfcache/Test_IoC_Cache_ZF.php" line="242" assertions="3" time="0.130648"/>
        <testcase name="can_import" class="Test_IoC_Cache_ZF" file="/export/users/marcelog/src/sts/Ding/test/cache/zfcache/Test_IoC_Cache_ZF.php" line="261" assertions="2" time="0.148984"/>
        <testcase name="can_depends_on" class="Test_IoC_Cache_ZF" file="/export/users/marcelog/src/sts/Ding/test/cache/zfcache/Test_IoC_Cache_ZF.php" line="272" assertions="3" time="0.170140"/>
        <testcase name="can_method_lookup" class="Test_IoC_Cache_ZF" file="/export/users/marcelog/src/sts/Ding/test/cache/zfcache/Test_IoC_Cache_ZF.php" line="284" assertions="2" time="0.178066"/>
        <testcase name="can_multiple_dirs" class="Test_IoC_Cache_ZF" file="/export/users/marcelog/src/sts/Ding/test/cache/zfcache/Test_IoC_Cache_ZF.php" line="295" assertions="2" time="0.127936"/>
        <testcase name="can_factory_method" class="Test_IoC_Cache_ZF" file="/export/users/marcelog/src/sts/Ding/test/cache/zfcache/Test_IoC_Cache_ZF.php" line="319" assertions="4" time="0.143729"/>
        <testcase name="can_factory_bean" class="Test_IoC_Cache_ZF" file="/export/users/marcelog/src/sts/Ding/test/cache/zfcache/Test_IoC_Cache_ZF.php" line="332" assertions="4" time="0.156347"/>
        <testcase name="can_cache_property_name_for_setter_driver" class="Test_IoC_Cache_ZF" file="/export/users/marcelog/src/sts/Ding/test/cache/zfcache/Test_IoC_Cache_ZF.php" line="345" assertions="2" time="0.263877"/>
      </testsuite><testsuite name="Test_IoC_Annotation_Cache_ZF" file="/export/users/marcelog/src/sts/Ding/test/cache/zfcache/Test_IoC_Annotation_Cache_ZF.php" fullPackage="Test.Cache.Zfcache" category="Ding" package="Test" subpackage="Cache.Zfcache" tests="11" assertions="17" failures="0" errors="0" time="2.736398">
        <testcase name="can_get_from_a_namespaced_class" class="Test_IoC_Annotation_Cache_ZF" file="/export/users/marcelog/src/sts/Ding/test/cache/zfcache/Test_IoC_Annotation_Cache_ZF.php" line="86" assertions="1" time="0.722536"/>
        <testcase name="can_singleton" class="Test_IoC_Annotation_Cache_ZF" file="/export/users/marcelog/src/sts/Ding/test/cache/zfcache/Test_IoC_Annotation_Cache_ZF.php" line="95" assertions="3" time="0.213869"/>
        <testcase name="can_prototype" class="Test_IoC_Annotation_Cache_ZF" file="/export/users/marcelog/src/sts/Ding/test/cache/zfcache/Test_IoC_Annotation_Cache_ZF.php" line="114" assertions="3" time="0.199213"/>
        <testcase name="can_rename" class="Test_IoC_Annotation_Cache_ZF" file="/export/users/marcelog/src/sts/Ding/test/cache/zfcache/Test_IoC_Annotation_Cache_ZF.php" line="133" assertions="1" time="0.188892"/>
        <testcase name="can_init_method" class="Test_IoC_Annotation_Cache_ZF" file="/export/users/marcelog/src/sts/Ding/test/cache/zfcache/Test_IoC_Annotation_Cache_ZF.php" line="143" assertions="1" time="0.199916"/>
        <testcase name="can_destroy_method" class="Test_IoC_Annotation_Cache_ZF" file="/export/users/marcelog/src/sts/Ding/test/cache/zfcache/Test_IoC_Annotation_Cache_ZF.php" line="153" assertions="1" time="0.190323"/>
        <testcase name="can_at_resource" class="Test_IoC_Annotation_Cache_ZF" file="/export/users/marcelog/src/sts/Ding/test/cache/zfcache/Test_IoC_Annotation_Cache_ZF.php" line="166" assertions="3" time="0.223529"/>
        <testcase name="can_at_required" class="Test_IoC_Annotation_Cache_ZF" file="/export/users/marcelog/src/sts/Ding/test/cache/zfcache/Test_IoC_Annotation_Cache_ZF.php" line="178" assertions="1" time="0.237098"/>
        <testcase name="cannot_at_required_missing_property" class="Test_IoC_Annotation_Cache_ZF" file="/export/users/marcelog/src/sts/Ding/test/cache/zfcache/Test_IoC_Annotation_Cache_ZF.php" line="189" assertions="1" time="0.169370"/>
        <testcase name="can_class_init_method" class="Test_IoC_Annotation_Cache_ZF" file="/export/users/marcelog/src/sts/Ding/test/cache/zfcache/Test_IoC_Annotation_Cache_ZF.php" line="197" assertions="1" time="0.188037"/>
        <testcase name="can_class_destroy_method" class="Test_IoC_Annotation_Cache_ZF" file="/export/users/marcelog/src/sts/Ding/test/cache/zfcache/Test_IoC_Annotation_Cache_ZF.php" line="207" assertions="1" time="0.203615"/>
      </testsuite><testsuite name="Test_IoC_Annotation_Cache_File" file="/export/users/marcelog/src/sts/Ding/test/cache/file/Test_IoC_Annotation_Cache_File.php" fullPackage="Test.Cache.File" category="Ding" package="Test" subpackage="Cache.File" tests="11" assertions="17" failures="0" errors="0" time="1.695061">
        <testcase name="can_get_from_a_namespaced_class" class="Test_IoC_Annotation_Cache_File" file="/export/users/marcelog/src/sts/Ding/test/cache/file/Test_IoC_Annotation_Cache_File.php" line="77" assertions="1" time="0.377366"/>
        <testcase name="can_singleton" class="Test_IoC_Annotation_Cache_File" file="/export/users/marcelog/src/sts/Ding/test/cache/file/Test_IoC_Annotation_Cache_File.php" line="86" assertions="3" time="0.139090"/>
        <testcase name="can_prototype" class="Test_IoC_Annotation_Cache_File" file="/export/users/marcelog/src/sts/Ding/test/cache/file/Test_IoC_Annotation_Cache_File.php" line="105" assertions="3" time="0.132559"/>
        <testcase name="can_rename" class="Test_IoC_Annotation_Cache_File" file="/export/users/marcelog/src/sts/Ding/test/cache/file/Test_IoC_Annotation_Cache_File.php" line="124" assertions="1" time="0.124254"/>
        <testcase name="can_init_method" class="Test_IoC_Annotation_Cache_File" file="/export/users/marcelog/src/sts/Ding/test/cache/file/Test_IoC_Annotation_Cache_File.php" line="134" assertions="1" time="0.122819"/>
        <testcase name="can_destroy_method" class="Test_IoC_Annotation_Cache_File" file="/export/users/marcelog/src/sts/Ding/test/cache/file/Test_IoC_Annotation_Cache_File.php" line="144" assertions="1" time="0.123208"/>
        <testcase name="can_at_resource" class="Test_IoC_Annotation_Cache_File" file="/export/users/marcelog/src/sts/Ding/test/cache/file/Test_IoC_Annotation_Cache_File.php" line="157" assertions="3" time="0.154625"/>
        <testcase name="can_at_required" class="Test_IoC_Annotation_Cache_File" file="/export/users/marcelog/src/sts/Ding/test/cache/file/Test_IoC_Annotation_Cache_File.php" line="169" assertions="1" time="0.167840"/>
        <testcase name="cannot_at_required_missing_property" class="Test_IoC_Annotation_Cache_File" file="/export/users/marcelog/src/sts/Ding/test/cache/file/Test_IoC_Annotation_Cache_File.php" line="180" assertions="1" time="0.106641"/>
        <testcase name="can_class_init_method" class="Test_IoC_Annotation_Cache_File" file="/export/users/marcelog/src/sts/Ding/test/cache/file/Test_IoC_Annotation_Cache_File.php" line="188" assertions="1" time="0.123327"/>
        <testcase name="can_class_destroy_method" class="Test_IoC_Annotation_Cache_File" file="/export/users/marcelog/src/sts/Ding/test/cache/file/Test_IoC_Annotation_Cache_File.php" line="198" assertions="1" time="0.123332"/>
      </testsuite><testsuite name="Test_IoC_Cache_File" file="/export/users/marcelog/src/sts/Ding/test/cache/file/Test_IoC_Cache_File.php" fullPackage="Test.Cache.File" category="Ding" package="Test" subpackage="Cache.File" tests="16" assertions="80" failures="0" errors="0" time="1.983160">
        <testcase name="can_remove" class="Test_IoC_Cache_File" file="/export/users/marcelog/src/sts/Ding/test/cache/file/Test_IoC_Cache_File.php" line="96" assertions="4" time="0.099156"/>
        <testcase name="cannot_if_not_directory" class="Test_IoC_Cache_File" file="/export/users/marcelog/src/sts/Ding/test/cache/file/Test_IoC_Cache_File.php" line="121" assertions="1" time="0.013692"/>
        <testcase name="can_init_method" class="Test_IoC_Cache_File" file="/export/users/marcelog/src/sts/Ding/test/cache/file/Test_IoC_Cache_File.php" line="151" assertions="1" time="0.113895"/>
        <testcase name="can_destroy_method" class="Test_IoC_Cache_File" file="/export/users/marcelog/src/sts/Ding/test/cache/file/Test_IoC_Cache_File.php" line="161" assertions="1" time="0.105302"/>
        <testcase name="can_constructor_args" class="Test_IoC_Cache_File" file="/export/users/marcelog/src/sts/Ding/test/cache/file/Test_IoC_Cache_File.php" line="174" assertions="16" time="0.180221"/>
        <testcase name="can_setter_args" class="Test_IoC_Cache_File" file="/export/users/marcelog/src/sts/Ding/test/cache/file/Test_IoC_Cache_File.php" line="200" assertions="16" time="0.160365"/>
        <testcase name="can_setter_args_cached" class="Test_IoC_Cache_File" file="/export/users/marcelog/src/sts/Ding/test/cache/file/Test_IoC_Cache_File.php" line="225" assertions="16" time="0.147586"/>
        <testcase name="can_singleton" class="Test_IoC_Cache_File" file="/export/users/marcelog/src/sts/Ding/test/cache/file/Test_IoC_Cache_File.php" line="250" assertions="3" time="0.120816"/>
        <testcase name="can_prototype" class="Test_IoC_Cache_File" file="/export/users/marcelog/src/sts/Ding/test/cache/file/Test_IoC_Cache_File.php" line="269" assertions="3" time="0.108095"/>
        <testcase name="can_import" class="Test_IoC_Cache_File" file="/export/users/marcelog/src/sts/Ding/test/cache/file/Test_IoC_Cache_File.php" line="288" assertions="2" time="0.114526"/>
        <testcase name="can_depends_on" class="Test_IoC_Cache_File" file="/export/users/marcelog/src/sts/Ding/test/cache/file/Test_IoC_Cache_File.php" line="299" assertions="3" time="0.137750"/>
        <testcase name="can_method_lookup" class="Test_IoC_Cache_File" file="/export/users/marcelog/src/sts/Ding/test/cache/file/Test_IoC_Cache_File.php" line="311" assertions="2" time="0.129926"/>
        <testcase name="can_multiple_dirs" class="Test_IoC_Cache_File" file="/export/users/marcelog/src/sts/Ding/test/cache/file/Test_IoC_Cache_File.php" line="322" assertions="2" time="0.127897"/>
        <testcase name="can_factory_method" class="Test_IoC_Cache_File" file="/export/users/marcelog/src/sts/Ding/test/cache/file/Test_IoC_Cache_File.php" line="346" assertions="4" time="0.110450"/>
        <testcase name="can_factory_bean" class="Test_IoC_Cache_File" file="/export/users/marcelog/src/sts/Ding/test/cache/file/Test_IoC_Cache_File.php" line="359" assertions="4" time="0.119670"/>
        <testcase name="can_cache_property_name_for_setter_driver" class="Test_IoC_Cache_File" file="/export/users/marcelog/src/sts/Ding/test/cache/file/Test_IoC_Cache_File.php" line="372" assertions="2" time="0.193813"/>
      </testsuite><testsuite name="Test_IoC_Cache_APC" file="/export/users/marcelog/src/sts/Ding/test/cache/apc/Test_IoC_Cache_APC.php" fullPackage="Test.Cache.Apc" category="Ding" package="Test" subpackage="Cache.Apc" tests="15" assertions="79" failures="0" errors="0" time="2.117683">
        <testcase name="can_remove" class="Test_IoC_Cache_APC" file="/export/users/marcelog/src/sts/Ding/test/cache/apc/Test_IoC_Cache_APC.php" line="93" assertions="4" time="0.094414"/>
        <testcase name="can_init_method" class="Test_IoC_Cache_APC" file="/export/users/marcelog/src/sts/Ding/test/cache/apc/Test_IoC_Cache_APC.php" line="116" assertions="1" time="0.108073"/>
        <testcase name="can_destroy_method" class="Test_IoC_Cache_APC" file="/export/users/marcelog/src/sts/Ding/test/cache/apc/Test_IoC_Cache_APC.php" line="126" assertions="1" time="0.107862"/>
        <testcase name="can_constructor_args" class="Test_IoC_Cache_APC" file="/export/users/marcelog/src/sts/Ding/test/cache/apc/Test_IoC_Cache_APC.php" line="139" assertions="16" time="0.183291"/>
        <testcase name="can_setter_args" class="Test_IoC_Cache_APC" file="/export/users/marcelog/src/sts/Ding/test/cache/apc/Test_IoC_Cache_APC.php" line="165" assertions="16" time="0.184556"/>
        <testcase name="can_setter_args_cached" class="Test_IoC_Cache_APC" file="/export/users/marcelog/src/sts/Ding/test/cache/apc/Test_IoC_Cache_APC.php" line="190" assertions="16" time="0.172149"/>
        <testcase name="can_singleton" class="Test_IoC_Cache_APC" file="/export/users/marcelog/src/sts/Ding/test/cache/apc/Test_IoC_Cache_APC.php" line="215" assertions="3" time="0.113995"/>
        <testcase name="can_prototype" class="Test_IoC_Cache_APC" file="/export/users/marcelog/src/sts/Ding/test/cache/apc/Test_IoC_Cache_APC.php" line="234" assertions="3" time="0.111241"/>
        <testcase name="can_import" class="Test_IoC_Cache_APC" file="/export/users/marcelog/src/sts/Ding/test/cache/apc/Test_IoC_Cache_APC.php" line="253" assertions="2" time="0.136657"/>
        <testcase name="can_depends_on" class="Test_IoC_Cache_APC" file="/export/users/marcelog/src/sts/Ding/test/cache/apc/Test_IoC_Cache_APC.php" line="264" assertions="3" time="0.140902"/>
        <testcase name="can_method_lookup" class="Test_IoC_Cache_APC" file="/export/users/marcelog/src/sts/Ding/test/cache/apc/Test_IoC_Cache_APC.php" line="276" assertions="2" time="0.141622"/>
        <testcase name="can_multiple_dirs" class="Test_IoC_Cache_APC" file="/export/users/marcelog/src/sts/Ding/test/cache/apc/Test_IoC_Cache_APC.php" line="287" assertions="2" time="0.139645"/>
        <testcase name="can_factory_method" class="Test_IoC_Cache_APC" file="/export/users/marcelog/src/sts/Ding/test/cache/apc/Test_IoC_Cache_APC.php" line="311" assertions="4" time="0.113067"/>
        <testcase name="can_factory_bean" class="Test_IoC_Cache_APC" file="/export/users/marcelog/src/sts/Ding/test/cache/apc/Test_IoC_Cache_APC.php" line="324" assertions="4" time="0.133056"/>
        <testcase name="can_cache_property_name_for_setter_driver" class="Test_IoC_Cache_APC" file="/export/users/marcelog/src/sts/Ding/test/cache/apc/Test_IoC_Cache_APC.php" line="337" assertions="2" time="0.237154"/>
      </testsuite><testsuite name="Test_IoC_Annotation" file="/export/users/marcelog/src/sts/Ding/test/cache/apc/Test_IoC_Annotation_Cache_APC.php" fullPackage="Test.Cache.Apc" category="Ding" package="Test" subpackage="Cache.Apc" tests="11" assertions="17" failures="0" errors="0" time="3.960400">
        <testcase name="can_get_from_a_namespaced_class" class="Test_IoC_Annotation" file="/export/users/marcelog/src/sts/Ding/test/cache/apc/Test_IoC_Annotation_Cache_APC.php" line="76" assertions="1" time="0.365340"/>
        <testcase name="can_singleton" class="Test_IoC_Annotation" file="/export/users/marcelog/src/sts/Ding/test/cache/apc/Test_IoC_Annotation_Cache_APC.php" line="85" assertions="3" time="0.362485"/>
        <testcase name="can_prototype" class="Test_IoC_Annotation" file="/export/users/marcelog/src/sts/Ding/test/cache/apc/Test_IoC_Annotation_Cache_APC.php" line="104" assertions="3" time="0.362909"/>
        <testcase name="can_rename" class="Test_IoC_Annotation" file="/export/users/marcelog/src/sts/Ding/test/cache/apc/Test_IoC_Annotation_Cache_APC.php" line="123" assertions="1" time="0.349673"/>
        <testcase name="can_init_method" class="Test_IoC_Annotation" file="/export/users/marcelog/src/sts/Ding/test/cache/apc/Test_IoC_Annotation_Cache_APC.php" line="133" assertions="1" time="0.345859"/>
        <testcase name="can_destroy_method" class="Test_IoC_Annotation" file="/export/users/marcelog/src/sts/Ding/test/cache/apc/Test_IoC_Annotation_Cache_APC.php" line="143" assertions="1" time="0.346610"/>
        <testcase name="can_at_resource" class="Test_IoC_Annotation" file="/export/users/marcelog/src/sts/Ding/test/cache/apc/Test_IoC_Annotation_Cache_APC.php" line="156" assertions="3" time="0.394058"/>
        <testcase name="can_at_required" class="Test_IoC_Annotation" file="/export/users/marcelog/src/sts/Ding/test/cache/apc/Test_IoC_Annotation_Cache_APC.php" line="168" assertions="1" time="0.417236"/>
        <testcase name="cannot_at_required_missing_property" class="Test_IoC_Annotation" file="/export/users/marcelog/src/sts/Ding/test/cache/apc/Test_IoC_Annotation_Cache_APC.php" line="179" assertions="1" time="0.323510"/>
        <testcase name="can_class_init_method" class="Test_IoC_Annotation" file="/export/users/marcelog/src/sts/Ding/test/cache/apc/Test_IoC_Annotation_Cache_APC.php" line="187" assertions="1" time="0.346516"/>
        <testcase name="can_class_destroy_method" class="Test_IoC_Annotation" file="/export/users/marcelog/src/sts/Ding/test/cache/apc/Test_IoC_Annotation_Cache_APC.php" line="197" assertions="1" time="0.346204"/>
      </testsuite><testsuite name="Test_IoC_Cache_Memcached" file="/export/users/marcelog/src/sts/Ding/test/cache/memcached/Test_IoC_Cache_Memcached.php" fullPackage="Test.Cache.Memcached" category="Ding" package="Test" subpackage="Cache.Memcached" tests="15" assertions="79" failures="0" errors="0" time="2.177959">
        <testcase name="can_remove" class="Test_IoC_Cache_Memcached" file="/export/users/marcelog/src/sts/Ding/test/cache/memcached/Test_IoC_Cache_Memcached.php" line="94" assertions="4" time="0.102351"/>
        <testcase name="can_init_method" class="Test_IoC_Cache_Memcached" file="/export/users/marcelog/src/sts/Ding/test/cache/memcached/Test_IoC_Cache_Memcached.php" line="118" assertions="1" time="0.113744"/>
        <testcase name="can_destroy_method" class="Test_IoC_Cache_Memcached" file="/export/users/marcelog/src/sts/Ding/test/cache/memcached/Test_IoC_Cache_Memcached.php" line="128" assertions="1" time="0.112627"/>
        <testcase name="can_constructor_args" class="Test_IoC_Cache_Memcached" file="/export/users/marcelog/src/sts/Ding/test/cache/memcached/Test_IoC_Cache_Memcached.php" line="141" assertions="16" time="0.187835"/>
        <testcase name="can_setter_args" class="Test_IoC_Cache_Memcached" file="/export/users/marcelog/src/sts/Ding/test/cache/memcached/Test_IoC_Cache_Memcached.php" line="167" assertions="16" time="0.189828"/>
        <testcase name="can_setter_args_cached" class="Test_IoC_Cache_Memcached" file="/export/users/marcelog/src/sts/Ding/test/cache/memcached/Test_IoC_Cache_Memcached.php" line="192" assertions="16" time="0.177255"/>
        <testcase name="can_singleton" class="Test_IoC_Cache_Memcached" file="/export/users/marcelog/src/sts/Ding/test/cache/memcached/Test_IoC_Cache_Memcached.php" line="217" assertions="3" time="0.118532"/>
        <testcase name="can_prototype" class="Test_IoC_Cache_Memcached" file="/export/users/marcelog/src/sts/Ding/test/cache/memcached/Test_IoC_Cache_Memcached.php" line="236" assertions="3" time="0.117666"/>
        <testcase name="can_import" class="Test_IoC_Cache_Memcached" file="/export/users/marcelog/src/sts/Ding/test/cache/memcached/Test_IoC_Cache_Memcached.php" line="255" assertions="2" time="0.138419"/>
        <testcase name="can_depends_on" class="Test_IoC_Cache_Memcached" file="/export/users/marcelog/src/sts/Ding/test/cache/memcached/Test_IoC_Cache_Memcached.php" line="266" assertions="3" time="0.146359"/>
        <testcase name="can_method_lookup" class="Test_IoC_Cache_Memcached" file="/export/users/marcelog/src/sts/Ding/test/cache/memcached/Test_IoC_Cache_Memcached.php" line="278" assertions="2" time="0.147575"/>
        <testcase name="can_multiple_dirs" class="Test_IoC_Cache_Memcached" file="/export/users/marcelog/src/sts/Ding/test/cache/memcached/Test_IoC_Cache_Memcached.php" line="289" assertions="2" time="0.127993"/>
        <testcase name="can_factory_method" class="Test_IoC_Cache_Memcached" file="/export/users/marcelog/src/sts/Ding/test/cache/memcached/Test_IoC_Cache_Memcached.php" line="313" assertions="4" time="0.118065"/>
        <testcase name="can_factory_bean" class="Test_IoC_Cache_Memcached" file="/export/users/marcelog/src/sts/Ding/test/cache/memcached/Test_IoC_Cache_Memcached.php" line="326" assertions="4" time="0.137136"/>
        <testcase name="can_cache_property_name_for_setter_driver" class="Test_IoC_Cache_Memcached" file="/export/users/marcelog/src/sts/Ding/test/cache/memcached/Test_IoC_Cache_Memcached.php" line="339" assertions="2" time="0.242574"/>
      </testsuite><testsuite name="Test_IoC_Annotation_Cache_Memcached" file="/export/users/marcelog/src/sts/Ding/test/cache/memcached/Test_IoC_Annotation_Cache_Memcached.php" fullPackage="Test.Cache.Memcached" category="Ding" package="Test" subpackage="Cache.Memcached" tests="11" assertions="17" failures="0" errors="0" time="1.690427">
        <testcase name="can_get_from_a_namespaced_class" class="Test_IoC_Annotation_Cache_Memcached" file="/export/users/marcelog/src/sts/Ding/test/cache/memcached/Test_IoC_Annotation_Cache_Memcached.php" line="77" assertions="1" time="0.378259"/>
        <testcase name="can_singleton" class="Test_IoC_Annotation_Cache_Memcached" file="/export/users/marcelog/src/sts/Ding/test/cache/memcached/Test_IoC_Annotation_Cache_Memcached.php" line="86" assertions="3" time="0.139721"/>
        <testcase name="can_prototype" class="Test_IoC_Annotation_Cache_Memcached" file="/export/users/marcelog/src/sts/Ding/test/cache/memcached/Test_IoC_Annotation_Cache_Memcached.php" line="105" assertions="3" time="0.132427"/>
        <testcase name="can_rename" class="Test_IoC_Annotation_Cache_Memcached" file="/export/users/marcelog/src/sts/Ding/test/cache/memcached/Test_IoC_Annotation_Cache_Memcached.php" line="124" assertions="1" time="0.122632"/>
        <testcase name="can_init_method" class="Test_IoC_Annotation_Cache_Memcached" file="/export/users/marcelog/src/sts/Ding/test/cache/memcached/Test_IoC_Annotation_Cache_Memcached.php" line="134" assertions="1" time="0.122915"/>
        <testcase name="can_destroy_method" class="Test_IoC_Annotation_Cache_Memcached" file="/export/users/marcelog/src/sts/Ding/test/cache/memcached/Test_IoC_Annotation_Cache_Memcached.php" line="144" assertions="1" time="0.122676"/>
        <testcase name="can_at_resource" class="Test_IoC_Annotation_Cache_Memcached" file="/export/users/marcelog/src/sts/Ding/test/cache/memcached/Test_IoC_Annotation_Cache_Memcached.php" line="157" assertions="3" time="0.153647"/>
        <testcase name="can_at_required" class="Test_IoC_Annotation_Cache_Memcached" file="/export/users/marcelog/src/sts/Ding/test/cache/memcached/Test_IoC_Annotation_Cache_Memcached.php" line="169" assertions="1" time="0.166752"/>
        <testcase name="cannot_at_required_missing_property" class="Test_IoC_Annotation_Cache_Memcached" file="/export/users/marcelog/src/sts/Ding/test/cache/memcached/Test_IoC_Annotation_Cache_Memcached.php" line="180" assertions="1" time="0.106276"/>
        <testcase name="can_class_init_method" class="Test_IoC_Annotation_Cache_Memcached" file="/export/users/marcelog/src/sts/Ding/test/cache/memcached/Test_IoC_Annotation_Cache_Memcached.php" line="188" assertions="1" time="0.122206"/>
        <testcase name="can_class_destroy_method" class="Test_IoC_Annotation_Cache_Memcached" file="/export/users/marcelog/src/sts/Ding/test/cache/memcached/Test_IoC_Annotation_Cache_Memcached.php" line="198" assertions="1" time="0.122916"/>
      </testsuite><testsuite name="Test_Cache_Locator" file="/export/users/marcelog/src/sts/Ding/test/cache/locator/Test_Cache_Locator.php" fullPackage="Test.Cache.Locator" category="Ding" package="Test" subpackage="Cache.Locator" tests="1" assertions="1" failures="0" errors="0" time="0.003093">
        <testcase name="cannot_get_invalid_cache" class="Test_Cache_Locator" file="/export/users/marcelog/src/sts/Ding/test/cache/locator/Test_Cache_Locator.php" line="52" assertions="1" time="0.003093"/>
      </testsuite><testsuite name="Test_XML_Filter" file="/export/users/marcelog/src/sts/Ding/test/filter/xml/Test_XML_Filter.php" fullPackage="Test.Filter.Xml" category="Ding" package="Test" subpackage="Filter.Xml" tests="3" assertions="14" failures="0" errors="0" time="0.397564">
        <testcase name="can_use_properties" class="Test_XML_Filter" file="/export/users/marcelog/src/sts/Ding/test/filter/xml/Test_XML_Filter.php" line="53" assertions="5" time="0.125906"/>
        <testcase name="can_use_properties_from_holder" class="Test_XML_Filter" file="/export/users/marcelog/src/sts/Ding/test/filter/xml/Test_XML_Filter.php" line="83" assertions="4" time="0.130908"/>
        <testcase name="can_use_properties_from_holder_string" class="Test_XML_Filter" file="/export/users/marcelog/src/sts/Ding/test/filter/xml/Test_XML_Filter.php" line="113" assertions="5" time="0.140750"/>
      </testsuite><testsuite name="Test_Signal" file="/export/users/marcelog/src/sts/Ding/test/signal/Test_Signal.php" fullPackage="Test.Signal" category="Ding" package="Test" subpackage="Signal" tests="3" assertions="2" failures="0" errors="0" time="0.460422">
        <testcase name="can_set_signal_handler" class="Test_Signal" file="/export/users/marcelog/src/sts/Ding/test/signal/Test_Signal.php" line="52" assertions="1" time="0.124342"/>
        <testcase name="can_set_annotated_signal_handler" class="Test_Signal" file="/export/users/marcelog/src/sts/Ding/test/signal/Test_Signal.php" line="73" assertions="1" time="0.260955"/>
        <testcase name="can_do_nothing_if_no_handlers" class="Test_Signal" file="/export/users/marcelog/src/sts/Ding/test/signal/Test_Signal.php" line="94" assertions="0" time="0.075125"/>
      </testsuite><testsuite name="Test_Shutdown" file="/export/users/marcelog/src/sts/Ding/test/shutdown/Test_Shutdown.php" fullPackage="Test.Shutdown" category="Ding" package="Test" subpackage="Shutdown" tests="5" assertions="4" failures="0" errors="0" time="0.469240">
        <testcase name="can_set_shutdown_handler" class="Test_Shutdown" file="/export/users/marcelog/src/sts/Ding/test/shutdown/Test_Shutdown.php" line="53" assertions="1" time="0.121107"/>
        <testcase name="can_call_shutdown" class="Test_Shutdown" file="/export/users/marcelog/src/sts/Ding/test/shutdown/Test_Shutdown.php" line="75" assertions="1" time="0.003601"/>
        <testcase name="can_set_annotated_shutdown_handler" class="Test_Shutdown" file="/export/users/marcelog/src/sts/Ding/test/shutdown/Test_Shutdown.php" line="83" assertions="1" time="0.259527"/>
        <testcase name="can_call_annotated_shutdown" class="Test_Shutdown" file="/export/users/marcelog/src/sts/Ding/test/shutdown/Test_Shutdown.php" line="105" assertions="1" time="0.003508"/>
        <testcase name="can_do_nothing_if_no_handlers" class="Test_Shutdown" file="/export/users/marcelog/src/sts/Ding/test/shutdown/Test_Shutdown.php" line="113" assertions="0" time="0.081497"/>
      </testsuite><testsuite name="Test_Error" file="/export/users/marcelog/src/sts/Ding/test/error/Test_Error.php" fullPackage="Test.Error" category="Ding" package="Test" subpackage="Error" tests="4" assertions="23" failures="0" errors="0" time="0.508779">
        <testcase name="can_set_error_handler" class="Test_Error" file="/export/users/marcelog/src/sts/Ding/test/error/Test_Error.php" line="52" assertions="6" time="0.147508"/>
        <testcase name="can_set_annotated_error_handler" class="Test_Error" file="/export/users/marcelog/src/sts/Ding/test/error/Test_Error.php" line="86" assertions="6" time="0.276904"/>
        <testcase name="can_do_nothing_if_no_handlers" class="Test_Error" file="/export/users/marcelog/src/sts/Ding/test/error/Test_Error.php" line="120" assertions="0" time="0.074746"/>
        <testcase name="can_discriminate_errors" class="Test_Error" file="/export/users/marcelog/src/sts/Ding/test/error/Test_Error.php" line="136" assertions="11" time="0.009621"/>
      </testsuite><testsuite name="Test_MessageSource_Aware" file="/export/users/marcelog/src/sts/Ding/test/aware/Test_MessageSource_Aware.php" fullPackage="Test.Aware" category="Ding" package="Test" subpackage="Aware" tests="1" assertions="1" failures="0" errors="0" time="1.167586">
        <testcase name="can_be_message_source_aware" class="Test_MessageSource_Aware" file="/export/users/marcelog/src/sts/Ding/test/aware/Test_MessageSource_Aware.php" line="70" assertions="1" time="1.167586"/>
      </testsuite><testsuite name="Test_Lifecycle_Aware" file="/export/users/marcelog/src/sts/Ding/test/aware/Test_Lifecycle_Aware.php" fullPackage="Test.Aware" category="Ding" package="Test" subpackage="Aware" tests="1" assertions="5" failures="0" errors="0" time="1.178081">
        <testcase name="can_be_lifecycle_aware" class="Test_Lifecycle_Aware" file="/export/users/marcelog/src/sts/Ding/test/aware/Test_Lifecycle_Aware.php" line="76" assertions="5" time="1.178081"/>
      </testsuite><testsuite name="Test_AspectManager_Aware" file="/export/users/marcelog/src/sts/Ding/test/aware/Test_AspectManager_Aware.php" fullPackage="Test.Aware" category="Ding" package="Test" subpackage="Aware" tests="1" assertions="1" failures="0" errors="0" time="1.163375">
        <testcase name="can_be_aspect_manager_aware" class="Test_AspectManager_Aware" file="/export/users/marcelog/src/sts/Ding/test/aware/Test_AspectManager_Aware.php" line="70" assertions="1" time="1.163375"/>
      </testsuite><testsuite name="Test_ResourceLoader_Aware" file="/export/users/marcelog/src/sts/Ding/test/aware/Test_ResourceLoader_Aware.php" fullPackage="Test.Aware" category="Ding" package="Test" subpackage="Aware" tests="1" assertions="1" failures="0" errors="0" time="1.161228">
        <testcase name="can_be_resource_loader_aware" class="Test_ResourceLoader_Aware" file="/export/users/marcelog/src/sts/Ding/test/aware/Test_ResourceLoader_Aware.php" line="70" assertions="1" time="1.161228"/>
      </testsuite><testsuite name="Test_Logger_Aware" file="/export/users/marcelog/src/sts/Ding/test/aware/Test_Logger_Aware.php" fullPackage="Test.Aware" category="Ding" package="Test" subpackage="Aware" tests="1" assertions="1" failures="0" errors="0" time="1.159198">
        <testcase name="can_be_logger_aware" class="Test_Logger_Aware" file="/export/users/marcelog/src/sts/Ding/test/aware/Test_Logger_Aware.php" line="69" assertions="1" time="1.159198"/>
      </testsuite><testsuite name="Test_BeanName_Aware" file="/export/users/marcelog/src/sts/Ding/test/aware/Test_BeanName_Aware.php" fullPackage="Test.Aware" category="Ding" package="Test" subpackage="Aware" tests="1" assertions="1" failures="0" errors="0" time="1.162534">
        <testcase name="can_be_bean_name_aware" class="Test_BeanName_Aware" file="/export/users/marcelog/src/sts/Ding/test/aware/Test_BeanName_Aware.php" line="70" assertions="1" time="1.162534"/>
      </testsuite><testsuite name="Test_Container_Aware" file="/export/users/marcelog/src/sts/Ding/test/aware/Test_Container_Aware.php" fullPackage="Test.Aware" category="Ding" package="Test" subpackage="Aware" tests="1" assertions="1" failures="0" errors="0" time="1.160779">
        <testcase name="can_be_container_aware" class="Test_Container_Aware" file="/export/users/marcelog/src/sts/Ding/test/aware/Test_Container_Aware.php" line="70" assertions="1" time="1.160779"/>
      </testsuite><testsuite name="Test_Reflection" file="/export/users/marcelog/src/sts/Ding/test/reflection/Test_Reflection.php" fullPackage="Test.Reflection" category="Ding" package="Test" subpackage="Reflection" tests="1" assertions="1" failures="0" errors="0" time="0.088842">
        <testcase name="can_return_nothing_if_no_annotations_driver" class="Test_Reflection" file="/export/users/marcelog/src/sts/Ding/test/reflection/Test_Reflection.php" line="70" assertions="1" time="0.088842"/>
      </testsuite><testsuite name="Test_Autoloader" file="/export/users/marcelog/src/sts/Ding/test/autoloader/Test_Autoloader.php" fullPackage="Test.Autoloader" category="Ding" package="Test" subpackage="Autoloader" tests="1" assertions="1" failures="0" errors="0" time="0.003681">
        <testcase name="can_register" class="Test_Autoloader" file="/export/users/marcelog/src/sts/Ding/test/autoloader/Test_Autoloader.php" line="53" assertions="1" time="0.003681"/>
      </testsuite><testsuite name="Test_URL_Resource" file="/export/users/marcelog/src/sts/Ding/test/resources-feature/Test_URL_Resource.php" fullPackage="Test.Resources" category="Ding" package="Test" subpackage="Resources" tests="6" assertions="10" failures="0" errors="0" time="1.805854">
        <testcase name="can_work_with_and_without_scheme" class="Test_URL_Resource" file="/export/users/marcelog/src/sts/Ding/test/resources-feature/Test_URL_Resource.php" line="62" assertions="5" time="0.894833"/>
        <testcase name="can_open" class="Test_URL_Resource" file="/export/users/marcelog/src/sts/Ding/test/resources-feature/Test_URL_Resource.php" line="75" assertions="1" time="0.893095"/>
        <testcase name="can_create_relative" class="Test_URL_Resource" file="/export/users/marcelog/src/sts/Ding/test/resources-feature/Test_URL_Resource.php" line="85" assertions="1" time="0.005267"/>
        <testcase name="cannot_open_invalid_file" class="Test_URL_Resource" file="/export/users/marcelog/src/sts/Ding/test/resources-feature/Test_URL_Resource.php" line="95" assertions="1" time="0.003762"/>
        <testcase name="cannot_open_invalid_url" class="Test_URL_Resource" file="/export/users/marcelog/src/sts/Ding/test/resources-feature/Test_URL_Resource.php" line="104" assertions="1" time="0.003735"/>
        <testcase name="cannot_check_exists_on_invalid_file" class="Test_URL_Resource" file="/export/users/marcelog/src/sts/Ding/test/resources-feature/Test_URL_Resource.php" line="112" assertions="1" time="0.005162"/>
      </testsuite><testsuite name="Test_IncludePath_Resource" file="/export/users/marcelog/src/sts/Ding/test/resources-feature/Test_IncludePath_Resource.php" fullPackage="Test.Resources" category="Ding" package="Test" subpackage="Resources" tests="1" assertions="6" failures="0" errors="0" time="0.008711">
        <testcase name="can_work_with_and_without_scheme" class="Test_IncludePath_Resource" file="/export/users/marcelog/src/sts/Ding/test/resources-feature/Test_IncludePath_Resource.php" line="62" assertions="6" time="0.008711"/>
      </testsuite><testsuite name="Test_Filesystem_Resource" file="/export/users/marcelog/src/sts/Ding/test/resources-feature/Test_Filesystem_Resource.php" fullPackage="Test.Resources" category="Ding" package="Test" subpackage="Resources" tests="5" assertions="18" failures="0" errors="0" time="0.159570">
        <testcase name="can_work_with_and_without_scheme" class="Test_Filesystem_Resource" file="/export/users/marcelog/src/sts/Ding/test/resources-feature/Test_Filesystem_Resource.php" line="63" assertions="8" time="0.008878"/>
        <testcase name="can_inject" class="Test_Filesystem_Resource" file="/export/users/marcelog/src/sts/Ding/test/resources-feature/Test_Filesystem_Resource.php" line="82" assertions="4" time="0.123932"/>
        <testcase name="can_open" class="Test_Filesystem_Resource" file="/export/users/marcelog/src/sts/Ding/test/resources-feature/Test_Filesystem_Resource.php" line="108" assertions="4" time="0.017377"/>
        <testcase name="can_create_relative" class="Test_Filesystem_Resource" file="/export/users/marcelog/src/sts/Ding/test/resources-feature/Test_Filesystem_Resource.php" line="123" assertions="1" time="0.005383"/>
        <testcase name="cannot_open_invalid_file" class="Test_Filesystem_Resource" file="/export/users/marcelog/src/sts/Ding/test/resources-feature/Test_Filesystem_Resource.php" line="133" assertions="1" time="0.004000"/>
      </testsuite><testsuite name="Test_i18n" file="/export/users/marcelog/src/sts/Ding/test/i18n/Test_i18n.php" fullPackage="Test.i18n" category="Ding" package="Test" subpackage="i18n" tests="2" assertions="2" failures="0" errors="0" time="0.210124">
        <testcase name="can_resolve_message_with_arguments" class="Test_i18n" file="/export/users/marcelog/src/sts/Ding/test/i18n/Test_i18n.php" line="66" assertions="1" time="0.105650"/>
        <testcase name="can_resolve_unknown_message_with_arguments" class="Test_i18n" file="/export/users/marcelog/src/sts/Ding/test/i18n/Test_i18n.php" line="79" assertions="1" time="0.104474"/>
      </testsuite><testsuite name="Test_Container" file="/export/users/marcelog/src/sts/Ding/test/container/Test_Container.php" fullPackage="Test.Container" category="Ding" package="Test" subpackage="Container" tests="6" assertions="5" failures="0" errors="0" time="1.805530">
        <testcase name="cannot_get_inexistant_pointcut" class="Test_Container" file="/export/users/marcelog/src/sts/Ding/test/container/Test_Container.php" line="74" assertions="1" time="0.122271"/>
        <testcase name="can_get_url_resource" class="Test_Container" file="/export/users/marcelog/src/sts/Ding/test/container/Test_Container.php" line="83" assertions="1" time="1.273277"/>
        <testcase name="can_get_resource_without_scheme" class="Test_Container" file="/export/users/marcelog/src/sts/Ding/test/container/Test_Container.php" line="94" assertions="2" time="0.096922"/>
        <testcase name="can_serialize" class="Test_Container" file="/export/users/marcelog/src/sts/Ding/test/container/Test_Container.php" line="105" assertions="0" time="0.092649"/>
        <testcase name="cannot_instantiate_abstract_bean" class="Test_Container" file="/export/users/marcelog/src/sts/Ding/test/container/Test_Container.php" line="115" assertions="1" time="0.103711"/>
        <testcase name="can_get_cached_aliased_bean" class="Test_Container" file="/export/users/marcelog/src/sts/Ding/test/container/Test_Container.php" line="124" assertions="0" time="0.116700"/>
      </testsuite></testsuites>
