<?xml version="1.0"?>
<testsuites><testsuite name="Test_TCP_Client" file="/export/users/marcelog/src/sts/Ding/test/tcp/Test_TCP_Client.php" fullPackage="Test.Tcp" category="Ding" package="Test" subpackage="Tcp" tests="6" assertions="6" failures="0" errors="0" time="20.838975">
        <testcase name="cannot_bind" class="Test_TCP_Client" file="/export/users/marcelog/src/sts/Ding/test/tcp/Test_TCP_Client.php" line="71" assertions="1" time="0.063935"/>
        <testcase name="cannot_connect" class="Test_TCP_Client" file="/export/users/marcelog/src/sts/Ding/test/tcp/Test_TCP_Client.php" line="82" assertions="1" time="0.061199"/>
        <testcase name="can_timeout_on_connect" class="Test_TCP_Client" file="/export/users/marcelog/src/sts/Ding/test/tcp/Test_TCP_Client.php" line="92" assertions="1" time="10.168156"/>
        <testcase name="can_connect_and_receive_nonblocking" class="Test_TCP_Client" file="/export/users/marcelog/src/sts/Ding/test/tcp/Test_TCP_Client.php" line="107" assertions="1" time="0.232763"/>
        <testcase name="can_connect_and_receive_blocking" class="Test_TCP_Client" file="/export/users/marcelog/src/sts/Ding/test/tcp/Test_TCP_Client.php" line="120" assertions="1" time="0.227550"/>
        <testcase name="can_timeout_on_starving_reading" class="Test_TCP_Client" file="/export/users/marcelog/src/sts/Ding/test/tcp/Test_TCP_Client.php" line="134" assertions="1" time="10.085372"/>
      </testsuite><testsuite name="Test_TCP_Server" file="/export/users/marcelog/src/sts/Ding/test/tcp/Test_TCP_Server.php" fullPackage="Test.Tcp" category="Ding" package="Test" subpackage="Tcp" tests="5" assertions="4" failures="0" errors="0" time="61.020265">
        <testcase name="can_open" class="Test_TCP_Server" file="/export/users/marcelog/src/sts/Ding/test/tcp/Test_TCP_Server.php" line="71" assertions="0" time="0.083018"/>
        <testcase name="cannot_bind" class="Test_TCP_Server" file="/export/users/marcelog/src/sts/Ding/test/tcp/Test_TCP_Server.php" line="83" assertions="1" time="0.081780"/>
        <testcase name="can_accept_connection_and_receive_data" class="Test_TCP_Server" file="/export/users/marcelog/src/sts/Ding/test/tcp/Test_TCP_Server.php" line="94" assertions="1" time="5.304160"/>
        <testcase name="can_accept_connection_and_send_data" class="Test_TCP_Server" file="/export/users/marcelog/src/sts/Ding/test/tcp/Test_TCP_Server.php" line="110" assertions="1" time="5.246133"/>
        <testcase name="can_timeout_on_starving_reading" class="Test_TCP_Server" file="/export/users/marcelog/src/sts/Ding/test/tcp/Test_TCP_Server.php" line="126" assertions="1" time="50.305174"/>
      </testsuite><testsuite name="Test_XML_Cache" file="/export/users/marcelog/src/sts/Ding/test/aop/cache/Test_Cache_AOP.php" fullPackage="Test.Aop.Cache" category="Ding" package="Test" subpackage="Aop.Cache" tests="2" assertions="4" failures="0" errors="0" time="0.101109">
        <testcase name="can_cache_pointcut" class="Test_XML_Cache" file="/export/users/marcelog/src/sts/Ding/test/aop/cache/Test_Cache_AOP.php" line="75" assertions="2" time="0.048720"/>
        <testcase name="can_return_cached_pointcut" class="Test_XML_Cache" file="/export/users/marcelog/src/sts/Ding/test/aop/cache/Test_Cache_AOP.php" line="89" assertions="2" time="0.052389"/>
      </testsuite><testsuite name="Test_Dispatcher" file="/export/users/marcelog/src/sts/Ding/test/aop/dispatcher/Test_Dispatcher.php" fullPackage="Test.Aop.Dispatcher" category="Ding" package="Test" subpackage="Aop.Dispatcher" tests="2" assertions="5" failures="0" errors="0" time="0.131821">
        <testcase name="can_properly_set_method_invocation" class="Test_Dispatcher" file="/export/users/marcelog/src/sts/Ding/test/aop/dispatcher/Test_Dispatcher.php" line="69" assertions="4" time="0.073435"/>
        <testcase name="can_throw_exception_when_no_exception_interceptors" class="Test_Dispatcher" file="/export/users/marcelog/src/sts/Ding/test/aop/dispatcher/Test_Dispatcher.php" line="86" assertions="1" time="0.058386"/>
      </testsuite><testsuite name="Test_XML_AOP" file="/export/users/marcelog/src/sts/Ding/test/aop/xml/Test_XML_AOP.php" fullPackage="Test.Aop.Xml" category="Ding" package="Test" subpackage="Aop.Xml" tests="7" assertions="12" failures="0" errors="0" time="0.450793">
        <testcase name="can_intercept_exception_from_bean_aop" class="Test_XML_AOP" file="/export/users/marcelog/src/sts/Ding/test/aop/xml/Test_XML_AOP.php" line="69" assertions="1" time="0.069027"/>
        <testcase name="can_intercept_and_proceed_exception_from_bean_aop" class="Test_XML_AOP" file="/export/users/marcelog/src/sts/Ding/test/aop/xml/Test_XML_AOP.php" line="80" assertions="1" time="0.059397"/>
        <testcase name="cannot_invalid_aspect_type" class="Test_XML_AOP" file="/export/users/marcelog/src/sts/Ding/test/aop/xml/Test_XML_AOP.php" line="91" assertions="1" time="0.045548"/>
        <testcase name="can_intercept_method_from_bean_aop" class="Test_XML_AOP" file="/export/users/marcelog/src/sts/Ding/test/aop/xml/Test_XML_AOP.php" line="100" assertions="1" time="0.061628"/>
        <testcase name="can_intercept_multiple_methods_from_bean_aop" class="Test_XML_AOP" file="/export/users/marcelog/src/sts/Ding/test/aop/xml/Test_XML_AOP.php" line="110" assertions="2" time="0.077205"/>
        <testcase name="can_define_global_aspects" class="Test_XML_AOP" file="/export/users/marcelog/src/sts/Ding/test/aop/xml/Test_XML_AOP.php" line="121" assertions="4" time="0.073691"/>
        <testcase name="can_define_global_pointcuts" class="Test_XML_AOP" file="/export/users/marcelog/src/sts/Ding/test/aop/xml/Test_XML_AOP.php" line="135" assertions="2" time="0.064297"/>
      </testsuite><testsuite name="Test_YAML_AOP" file="/export/users/marcelog/src/sts/Ding/test/aop/yaml/Test_YAML_AOP.php" fullPackage="Test.Aop.Yaml" category="Ding" package="Test" subpackage="Aop.Yaml" tests="6" assertions="11" failures="0" errors="0" time="0.400230">
        <testcase name="can_intercept_exception_from_bean_aop" class="Test_YAML_AOP" file="/export/users/marcelog/src/sts/Ding/test/aop/yaml/Test_YAML_AOP.php" line="69" assertions="1" time="0.071638"/>
        <testcase name="cannot_invalid_aspect_type" class="Test_YAML_AOP" file="/export/users/marcelog/src/sts/Ding/test/aop/yaml/Test_YAML_AOP.php" line="80" assertions="1" time="0.062417"/>
        <testcase name="can_intercept_method_from_bean_aop" class="Test_YAML_AOP" file="/export/users/marcelog/src/sts/Ding/test/aop/yaml/Test_YAML_AOP.php" line="89" assertions="1" time="0.066298"/>
        <testcase name="can_intercept_multiple_methods_from_bean_aop" class="Test_YAML_AOP" file="/export/users/marcelog/src/sts/Ding/test/aop/yaml/Test_YAML_AOP.php" line="99" assertions="2" time="0.062099"/>
        <testcase name="can_define_global_aspects" class="Test_YAML_AOP" file="/export/users/marcelog/src/sts/Ding/test/aop/yaml/Test_YAML_AOP.php" line="110" assertions="4" time="0.074847"/>
        <testcase name="can_define_global_pointcuts" class="Test_YAML_AOP" file="/export/users/marcelog/src/sts/Ding/test/aop/yaml/Test_YAML_AOP.php" line="124" assertions="2" time="0.062931"/>
      </testsuite><testsuite name="Test_Annotation_AOP" file="/export/users/marcelog/src/sts/Ding/test/aop/annotation/Test_Annotation_AOP.php" fullPackage="Test.Aop.Annotation" category="Ding" package="Test" subpackage="Aop.Annotation" tests="2" assertions="2" failures="0" errors="0" time="0.461867">
        <testcase name="can_intercept_method" class="Test_Annotation_AOP" file="/export/users/marcelog/src/sts/Ding/test/aop/annotation/Test_Annotation_AOP.php" line="70" assertions="1" time="0.235273"/>
        <testcase name="can_intercept_exception" class="Test_Annotation_AOP" file="/export/users/marcelog/src/sts/Ding/test/aop/annotation/Test_Annotation_AOP.php" line="80" assertions="1" time="0.226594"/>
      </testsuite><testsuite name="Test_Proxy" file="/export/users/marcelog/src/sts/Ding/test/aop/proxy/Test_Proxy.php" fullPackage="Test.Aop.Proxy" category="Ding" package="Test" subpackage="Aop.Proxy" tests="2" assertions="9" failures="0" errors="0" time="0.530169">
        <testcase name="can_intercept_protected_method" class="Test_Proxy" file="/export/users/marcelog/src/sts/Ding/test/aop/proxy/Test_Proxy.php" line="70" assertions="2" time="0.268819"/>
        <testcase name="can_honor_default_values" class="Test_Proxy" file="/export/users/marcelog/src/sts/Ding/test/aop/proxy/Test_Proxy.php" line="82" assertions="7" time="0.261350"/>
      </testsuite><testsuite name="Test_HttpViewResolver" file="/export/users/marcelog/src/sts/Ding/test/mvc/Test_HttpViewResolver.php" fullPackage="Test.mvc" category="Ding" package="Test" subpackage="mvc" tests="2" assertions="4" failures="0" errors="0" time="0.121166">
        <testcase name="can_resolve" class="Test_HttpViewResolver" file="/export/users/marcelog/src/sts/Ding/test/mvc/Test_HttpViewResolver.php" line="67" assertions="2" time="0.063256"/>
        <testcase name="can_resolve_with_slash_at_the_end" class="Test_HttpViewResolver" file="/export/users/marcelog/src/sts/Ding/test/mvc/Test_HttpViewResolver.php" line="82" assertions="2" time="0.057910"/>
      </testsuite><testsuite name="Test_HttpFrontController" file="/export/users/marcelog/src/sts/Ding/test/mvc/Test_HttpFrontController.php" fullPackage="Test.mvc" category="Ding" package="Test" subpackage="mvc" tests="12" assertions="12" failures="0" errors="0" time="2.088547">
        <testcase name="can_accept_get_arguments" class="Test_HttpFrontController" file="/export/users/marcelog/src/sts/Ding/test/mvc/Test_HttpFrontController.php" line="86" assertions="2" time="0.213099"/>
        <testcase name="can_accept_post_arguments" class="Test_HttpFrontController" file="/export/users/marcelog/src/sts/Ding/test/mvc/Test_HttpFrontController.php" line="99" assertions="2" time="0.212707"/>
        <testcase name="can_forward" class="Test_HttpFrontController" file="/export/users/marcelog/src/sts/Ding/test/mvc/Test_HttpFrontController.php" line="115" assertions="1" time="0.231752"/>
        <testcase name="can_redirect" class="Test_HttpFrontController" file="/export/users/marcelog/src/sts/Ding/test/mvc/Test_HttpFrontController.php" line="129" assertions="0" time="0.116717"/>
        <testcase name="can_dispatch_and_render_default_action" class="Test_HttpFrontController" file="/export/users/marcelog/src/sts/Ding/test/mvc/Test_HttpFrontController.php" line="140" assertions="1" time="0.221835"/>
        <testcase name="can_dispatch_and_render" class="Test_HttpFrontController" file="/export/users/marcelog/src/sts/Ding/test/mvc/Test_HttpFrontController.php" line="154" assertions="1" time="0.211627"/>
        <testcase name="can_dispatch_and_render_twig" class="Test_HttpFrontController" file="/export/users/marcelog/src/sts/Ding/test/mvc/Test_HttpFrontController.php" line="168" assertions="1" time="0.211009"/>
        <testcase name="can_dispatch_and_render_smarty" class="Test_HttpFrontController" file="/export/users/marcelog/src/sts/Ding/test/mvc/Test_HttpFrontController.php" line="182" assertions="1" time="0.150235"/>
        <testcase name="can_dispatch_and_render_exceptions" class="Test_HttpFrontController" file="/export/users/marcelog/src/sts/Ding/test/mvc/Test_HttpFrontController.php" line="213" assertions="1" time="0.211548"/>
        <testcase name="cannot_handle_uncatched_exceptions" class="Test_HttpFrontController" file="/export/users/marcelog/src/sts/Ding/test/mvc/Test_HttpFrontController.php" line="228" assertions="1" time="0.128539"/>
        <testcase name="cannot_handle_invalid_base_url" class="Test_HttpFrontController" file="/export/users/marcelog/src/sts/Ding/test/mvc/Test_HttpFrontController.php" line="240" assertions="1" time="0.111484"/>
        <testcase name="can_handle_uncatched_exceptions_with_no_exception_mapper" class="Test_HttpFrontController" file="/export/users/marcelog/src/sts/Ding/test/mvc/Test_HttpFrontController.php" line="251" assertions="0" time="0.067995"/>
      </testsuite><testsuite name="Test_HttpDispatcher" file="/export/users/marcelog/src/sts/Ding/test/mvc/Test_HttpDispatcher.php" fullPackage="Test.mvc" category="Ding" package="Test" subpackage="mvc" tests="6" assertions="10" failures="0" errors="0" time="1.241628">
        <testcase name="can_dispatch" class="Test_HttpDispatcher" file="/export/users/marcelog/src/sts/Ding/test/mvc/Test_HttpDispatcher.php" line="67" assertions="2" time="0.070271"/>
        <testcase name="can_dispatch_to_main" class="Test_HttpDispatcher" file="/export/users/marcelog/src/sts/Ding/test/mvc/Test_HttpDispatcher.php" line="81" assertions="2" time="0.073815"/>
        <testcase name="can_dispatch_without_begin_slash" class="Test_HttpDispatcher" file="/export/users/marcelog/src/sts/Ding/test/mvc/Test_HttpDispatcher.php" line="95" assertions="2" time="0.074914"/>
        <testcase name="cannot_dispatch_to_invalid_action" class="Test_HttpDispatcher" file="/export/users/marcelog/src/sts/Ding/test/mvc/Test_HttpDispatcher.php" line="110" assertions="1" time="0.068023"/>
        <testcase name="cannot_dispatch_to_invalid_controller" class="Test_HttpDispatcher" file="/export/users/marcelog/src/sts/Ding/test/mvc/Test_HttpDispatcher.php" line="123" assertions="1" time="0.076148"/>
        <testcase name="can_dispatch_with_annotations" class="Test_HttpDispatcher" file="/export/users/marcelog/src/sts/Ding/test/mvc/Test_HttpDispatcher.php" line="135" assertions="2" time="0.878457"/>
      </testsuite><testsuite name="Test_HttpView" file="/export/users/marcelog/src/sts/Ding/test/mvc/Test_HttpView.php" fullPackage="Test.mvc" category="Ding" package="Test" subpackage="mvc" tests="1" assertions="1" failures="0" errors="0" time="0.072924">
        <testcase name="can_render" class="Test_HttpView" file="/export/users/marcelog/src/sts/Ding/test/mvc/Test_HttpView.php" line="67" assertions="1" time="0.072924"/>
      </testsuite><testsuite name="Test_ModelAndView" file="/export/users/marcelog/src/sts/Ding/test/mvc/Test_ModelAndView.php" fullPackage="Test.mvc" category="Ding" package="Test" subpackage="mvc" tests="3" assertions="3" failures="0" errors="0" time="0.016889">
        <testcase name="can_get_set_model" class="Test_ModelAndView" file="/export/users/marcelog/src/sts/Ding/test/mvc/Test_ModelAndView.php" line="53" assertions="1" time="0.004846"/>
        <testcase name="can_redirect_mav" class="Test_ModelAndView" file="/export/users/marcelog/src/sts/Ding/test/mvc/Test_ModelAndView.php" line="64" assertions="1" time="0.006570"/>
        <testcase name="can_forward_mav" class="Test_ModelAndView" file="/export/users/marcelog/src/sts/Ding/test/mvc/Test_ModelAndView.php" line="75" assertions="1" time="0.005473"/>
      </testsuite><testsuite name="Test_Syslog" file="/export/users/marcelog/src/sts/Ding/test/syslog/Test_Syslog.php" fullPackage="Test.Syslog" category="Ding" package="Test" subpackage="Syslog" tests="1" assertions="0" failures="0" errors="0" time="0.056464">
        <testcase name="can_use_syslog" class="Test_Syslog" file="/export/users/marcelog/src/sts/Ding/test/syslog/Test_Syslog.php" line="51" assertions="0" time="0.056464"/>
      </testsuite><testsuite name="Test_Timer" file="/export/users/marcelog/src/sts/Ding/test/timer/Test_Timer.php" fullPackage="Test.Timer" category="Ding" package="Test" subpackage="Timer" tests="1" assertions="1" failures="0" errors="0" time="4.825403">
        <testcase name="can_use_timer" class="Test_Timer" file="/export/users/marcelog/src/sts/Ding/test/timer/Test_Timer.php" line="52" assertions="1" time="4.825403"/>
      </testsuite><testsuite name="Test_HttpSession" file="/export/users/marcelog/src/sts/Ding/test/httpsession/Test_HttpSession.php" fullPackage="Test.Httpsession" category="Ding" package="Test" subpackage="Httpsession" tests="3" assertions="2" failures="0" errors="0" time="0.011976">
        <testcase name="can_use_session" class="Test_HttpSession" file="/export/users/marcelog/src/sts/Ding/test/httpsession/Test_HttpSession.php" line="50" assertions="0" time="0.002663"/>
        <testcase name="can_return_false_on_invalid_attribute" class="Test_HttpSession" file="/export/users/marcelog/src/sts/Ding/test/httpsession/Test_HttpSession.php" line="59" assertions="1" time="0.004100"/>
        <testcase name="can_use_attributes" class="Test_HttpSession" file="/export/users/marcelog/src/sts/Ding/test/httpsession/Test_HttpSession.php" line="68" assertions="1" time="0.005213"/>
      </testsuite><testsuite name="Test_XML_IoC" file="/export/users/marcelog/src/sts/Ding/test/ioc/xml/Test_XML_IoC.php" fullPackage="Test.Ioc.Xml" category="Ding" package="Test" subpackage="Ioc.Xml" tests="17" assertions="71" failures="0" errors="0" time="1.000595">
        <testcase name="cannot_read_beans_file" class="Test_XML_IoC" file="/export/users/marcelog/src/sts/Ding/test/ioc/xml/Test_XML_IoC.php" line="71" assertions="1" time="0.037686"/>
        <testcase name="cannot_parse_beans_file" class="Test_XML_IoC" file="/export/users/marcelog/src/sts/Ding/test/ioc/xml/Test_XML_IoC.php" line="93" assertions="1" time="0.038607"/>
        <testcase name="cannot_unknown_bean" class="Test_XML_IoC" file="/export/users/marcelog/src/sts/Ding/test/ioc/xml/Test_XML_IoC.php" line="116" assertions="1" time="0.045482"/>
        <testcase name="cannot_invalid_scope" class="Test_XML_IoC" file="/export/users/marcelog/src/sts/Ding/test/ioc/xml/Test_XML_IoC.php" line="126" assertions="1" time="0.044721"/>
        <testcase name="can_init_method" class="Test_XML_IoC" file="/export/users/marcelog/src/sts/Ding/test/ioc/xml/Test_XML_IoC.php" line="135" assertions="1" time="0.050398"/>
        <testcase name="can_destroy_method" class="Test_XML_IoC" file="/export/users/marcelog/src/sts/Ding/test/ioc/xml/Test_XML_IoC.php" line="145" assertions="1" time="0.049654"/>
        <testcase name="can_constructor_args" class="Test_XML_IoC" file="/export/users/marcelog/src/sts/Ding/test/ioc/xml/Test_XML_IoC.php" line="158" assertions="16" time="0.078891"/>
        <testcase name="can_setter_args" class="Test_XML_IoC" file="/export/users/marcelog/src/sts/Ding/test/ioc/xml/Test_XML_IoC.php" line="184" assertions="16" time="0.077466"/>
        <testcase name="can_singleton" class="Test_XML_IoC" file="/export/users/marcelog/src/sts/Ding/test/ioc/xml/Test_XML_IoC.php" line="209" assertions="3" time="0.050488"/>
        <testcase name="can_prototype" class="Test_XML_IoC" file="/export/users/marcelog/src/sts/Ding/test/ioc/xml/Test_XML_IoC.php" line="228" assertions="3" time="0.058916"/>
        <testcase name="can_import" class="Test_XML_IoC" file="/export/users/marcelog/src/sts/Ding/test/ioc/xml/Test_XML_IoC.php" line="247" assertions="2" time="0.054901"/>
        <testcase name="can_depends_on" class="Test_XML_IoC" file="/export/users/marcelog/src/sts/Ding/test/ioc/xml/Test_XML_IoC.php" line="258" assertions="3" time="0.058196"/>
        <testcase name="can_method_lookup" class="Test_XML_IoC" file="/export/users/marcelog/src/sts/Ding/test/ioc/xml/Test_XML_IoC.php" line="270" assertions="2" time="0.066749"/>
        <testcase name="can_multiple_dirs" class="Test_XML_IoC" file="/export/users/marcelog/src/sts/Ding/test/ioc/xml/Test_XML_IoC.php" line="281" assertions="2" time="0.056140"/>
        <testcase name="can_factory_method" class="Test_XML_IoC" file="/export/users/marcelog/src/sts/Ding/test/ioc/xml/Test_XML_IoC.php" line="305" assertions="8" time="0.070620"/>
        <testcase name="can_factory_bean" class="Test_XML_IoC" file="/export/users/marcelog/src/sts/Ding/test/ioc/xml/Test_XML_IoC.php" line="323" assertions="8" time="0.065872"/>
        <testcase name="can_cache_property_name_for_setter_driver" class="Test_XML_IoC" file="/export/users/marcelog/src/sts/Ding/test/ioc/xml/Test_XML_IoC.php" line="341" assertions="2" time="0.095808"/>
      </testsuite><testsuite name="Test_YAML_IoC" file="/export/users/marcelog/src/sts/Ding/test/ioc/yaml/Test_YAML_IoC.php" fullPackage="Test.Ioc.Yaml" category="Ding" package="Test" subpackage="Ioc.Yaml" tests="17" assertions="70" failures="0" errors="0" time="1.007273">
        <testcase name="cannot_read_beans_file" class="Test_YAML_IoC" file="/export/users/marcelog/src/sts/Ding/test/ioc/yaml/Test_YAML_IoC.php" line="70" assertions="1" time="0.036964"/>
        <testcase name="cannot_invalid_scope" class="Test_YAML_IoC" file="/export/users/marcelog/src/sts/Ding/test/ioc/yaml/Test_YAML_IoC.php" line="92" assertions="1" time="0.049806"/>
        <testcase name="cannot_unknown_bean" class="Test_YAML_IoC" file="/export/users/marcelog/src/sts/Ding/test/ioc/yaml/Test_YAML_IoC.php" line="102" assertions="1" time="0.048632"/>
        <testcase name="cannot_parse_beans_file" class="Test_YAML_IoC" file="/export/users/marcelog/src/sts/Ding/test/ioc/yaml/Test_YAML_IoC.php" line="112" assertions="1" time="0.037519"/>
        <testcase name="can_constructor_args" class="Test_YAML_IoC" file="/export/users/marcelog/src/sts/Ding/test/ioc/yaml/Test_YAML_IoC.php" line="133" assertions="16" time="0.074974"/>
        <testcase name="can_init_method" class="Test_YAML_IoC" file="/export/users/marcelog/src/sts/Ding/test/ioc/yaml/Test_YAML_IoC.php" line="158" assertions="1" time="0.050996"/>
        <testcase name="can_destroy_method" class="Test_YAML_IoC" file="/export/users/marcelog/src/sts/Ding/test/ioc/yaml/Test_YAML_IoC.php" line="168" assertions="1" time="0.048791"/>
        <testcase name="can_setter_args" class="Test_YAML_IoC" file="/export/users/marcelog/src/sts/Ding/test/ioc/yaml/Test_YAML_IoC.php" line="181" assertions="15" time="0.080153"/>
        <testcase name="can_singleton" class="Test_YAML_IoC" file="/export/users/marcelog/src/sts/Ding/test/ioc/yaml/Test_YAML_IoC.php" line="205" assertions="3" time="0.050356"/>
        <testcase name="can_prototype" class="Test_YAML_IoC" file="/export/users/marcelog/src/sts/Ding/test/ioc/yaml/Test_YAML_IoC.php" line="224" assertions="3" time="0.058078"/>
        <testcase name="can_import" class="Test_YAML_IoC" file="/export/users/marcelog/src/sts/Ding/test/ioc/yaml/Test_YAML_IoC.php" line="243" assertions="2" time="0.058004"/>
        <testcase name="can_depends_on" class="Test_YAML_IoC" file="/export/users/marcelog/src/sts/Ding/test/ioc/yaml/Test_YAML_IoC.php" line="254" assertions="3" time="0.064131"/>
        <testcase name="can_multiple_dirs" class="Test_YAML_IoC" file="/export/users/marcelog/src/sts/Ding/test/ioc/yaml/Test_YAML_IoC.php" line="266" assertions="2" time="0.058510"/>
        <testcase name="can_method_lookup" class="Test_YAML_IoC" file="/export/users/marcelog/src/sts/Ding/test/ioc/yaml/Test_YAML_IoC.php" line="290" assertions="2" time="0.063884"/>
        <testcase name="can_factory_method" class="Test_YAML_IoC" file="/export/users/marcelog/src/sts/Ding/test/ioc/yaml/Test_YAML_IoC.php" line="301" assertions="8" time="0.059480"/>
        <testcase name="can_factory_bean" class="Test_YAML_IoC" file="/export/users/marcelog/src/sts/Ding/test/ioc/yaml/Test_YAML_IoC.php" line="319" assertions="8" time="0.068101"/>
        <testcase name="can_cache_property_name_for_setter_driver" class="Test_YAML_IoC" file="/export/users/marcelog/src/sts/Ding/test/ioc/yaml/Test_YAML_IoC.php" line="337" assertions="2" time="0.098895"/>
      </testsuite><testsuite name="Test_Annotation_IoC" file="/export/users/marcelog/src/sts/Ding/test/ioc/annotation/Test_Annotation_IoC.php" fullPackage="Test.Ioc.Annotation" category="Ding" package="Test" subpackage="Ioc.Annotation" tests="12" assertions="18" failures="0" errors="0" time="3.232260">
        <testcase name="can_get_class_with_underscore" class="Test_Annotation_IoC" file="/export/users/marcelog/src/sts/Ding/test/ioc/annotation/Test_Annotation_IoC.php" line="69" assertions="1" time="0.255897"/>
        <testcase name="can_get_from_a_namespaced_class" class="Test_Annotation_IoC" file="/export/users/marcelog/src/sts/Ding/test/ioc/annotation/Test_Annotation_IoC.php" line="79" assertions="1" time="0.260330"/>
        <testcase name="can_singleton" class="Test_Annotation_IoC" file="/export/users/marcelog/src/sts/Ding/test/ioc/annotation/Test_Annotation_IoC.php" line="88" assertions="3" time="0.271483"/>
        <testcase name="can_prototype" class="Test_Annotation_IoC" file="/export/users/marcelog/src/sts/Ding/test/ioc/annotation/Test_Annotation_IoC.php" line="107" assertions="3" time="0.262857"/>
        <testcase name="can_rename" class="Test_Annotation_IoC" file="/export/users/marcelog/src/sts/Ding/test/ioc/annotation/Test_Annotation_IoC.php" line="126" assertions="1" time="0.280597"/>
        <testcase name="can_init_method" class="Test_Annotation_IoC" file="/export/users/marcelog/src/sts/Ding/test/ioc/annotation/Test_Annotation_IoC.php" line="136" assertions="1" time="0.267104"/>
        <testcase name="can_destroy_method" class="Test_Annotation_IoC" file="/export/users/marcelog/src/sts/Ding/test/ioc/annotation/Test_Annotation_IoC.php" line="146" assertions="1" time="0.256451"/>
        <testcase name="can_at_resource" class="Test_Annotation_IoC" file="/export/users/marcelog/src/sts/Ding/test/ioc/annotation/Test_Annotation_IoC.php" line="159" assertions="3" time="0.289414"/>
        <testcase name="can_at_required" class="Test_Annotation_IoC" file="/export/users/marcelog/src/sts/Ding/test/ioc/annotation/Test_Annotation_IoC.php" line="171" assertions="1" time="0.285685"/>
        <testcase name="cannot_at_required_missing_property" class="Test_Annotation_IoC" file="/export/users/marcelog/src/sts/Ding/test/ioc/annotation/Test_Annotation_IoC.php" line="182" assertions="1" time="0.270915"/>
        <testcase name="can_class_init_method" class="Test_Annotation_IoC" file="/export/users/marcelog/src/sts/Ding/test/ioc/annotation/Test_Annotation_IoC.php" line="190" assertions="1" time="0.273900"/>
        <testcase name="can_class_destroy_method" class="Test_Annotation_IoC" file="/export/users/marcelog/src/sts/Ding/test/ioc/annotation/Test_Annotation_IoC.php" line="200" assertions="1" time="0.257627"/>
      </testsuite><testsuite name="Test_Cache_Dummy" file="/export/users/marcelog/src/sts/Ding/test/cache/dummy/Test_Cache_Dummy.php" fullPackage="Test.Cache.Dummy" category="Ding" package="Test" subpackage="Cache.Dummy" tests="1" assertions="0" failures="0" errors="0" time="0.045377">
        <testcase name="can_remove" class="Test_Cache_Dummy" file="/export/users/marcelog/src/sts/Ding/test/cache/dummy/Test_Cache_Dummy.php" line="95" assertions="0" time="0.045377"/>
      </testsuite><testsuite name="Test_IoC_Cache_ZF" file="/export/users/marcelog/src/sts/Ding/test/cache/zfcache/Test_IoC_Cache_ZF.php" fullPackage="Test.Cache.Zfcache" category="Ding" package="Test" subpackage="Cache.Zfcache" tests="15" assertions="78" failures="0" errors="0" time="1.367840">
        <testcase name="can_remove" class="Test_IoC_Cache_ZF" file="/export/users/marcelog/src/sts/Ding/test/cache/zfcache/Test_IoC_Cache_ZF.php" line="101" assertions="3" time="0.073359"/>
        <testcase name="can_init_method" class="Test_IoC_Cache_ZF" file="/export/users/marcelog/src/sts/Ding/test/cache/zfcache/Test_IoC_Cache_ZF.php" line="124" assertions="1" time="0.078098"/>
        <testcase name="can_destroy_method" class="Test_IoC_Cache_ZF" file="/export/users/marcelog/src/sts/Ding/test/cache/zfcache/Test_IoC_Cache_ZF.php" line="134" assertions="1" time="0.077251"/>
        <testcase name="can_constructor_args" class="Test_IoC_Cache_ZF" file="/export/users/marcelog/src/sts/Ding/test/cache/zfcache/Test_IoC_Cache_ZF.php" line="147" assertions="16" time="0.119191"/>
        <testcase name="can_setter_args" class="Test_IoC_Cache_ZF" file="/export/users/marcelog/src/sts/Ding/test/cache/zfcache/Test_IoC_Cache_ZF.php" line="173" assertions="16" time="0.125215"/>
        <testcase name="can_setter_args_cached" class="Test_IoC_Cache_ZF" file="/export/users/marcelog/src/sts/Ding/test/cache/zfcache/Test_IoC_Cache_ZF.php" line="198" assertions="16" time="0.113351"/>
        <testcase name="can_singleton" class="Test_IoC_Cache_ZF" file="/export/users/marcelog/src/sts/Ding/test/cache/zfcache/Test_IoC_Cache_ZF.php" line="223" assertions="3" time="0.072516"/>
        <testcase name="can_prototype" class="Test_IoC_Cache_ZF" file="/export/users/marcelog/src/sts/Ding/test/cache/zfcache/Test_IoC_Cache_ZF.php" line="242" assertions="3" time="0.075045"/>
        <testcase name="can_import" class="Test_IoC_Cache_ZF" file="/export/users/marcelog/src/sts/Ding/test/cache/zfcache/Test_IoC_Cache_ZF.php" line="261" assertions="2" time="0.080327"/>
        <testcase name="can_depends_on" class="Test_IoC_Cache_ZF" file="/export/users/marcelog/src/sts/Ding/test/cache/zfcache/Test_IoC_Cache_ZF.php" line="272" assertions="3" time="0.091963"/>
        <testcase name="can_method_lookup" class="Test_IoC_Cache_ZF" file="/export/users/marcelog/src/sts/Ding/test/cache/zfcache/Test_IoC_Cache_ZF.php" line="284" assertions="2" time="0.100701"/>
        <testcase name="can_multiple_dirs" class="Test_IoC_Cache_ZF" file="/export/users/marcelog/src/sts/Ding/test/cache/zfcache/Test_IoC_Cache_ZF.php" line="295" assertions="2" time="0.056652"/>
        <testcase name="can_factory_method" class="Test_IoC_Cache_ZF" file="/export/users/marcelog/src/sts/Ding/test/cache/zfcache/Test_IoC_Cache_ZF.php" line="319" assertions="4" time="0.077414"/>
        <testcase name="can_factory_bean" class="Test_IoC_Cache_ZF" file="/export/users/marcelog/src/sts/Ding/test/cache/zfcache/Test_IoC_Cache_ZF.php" line="332" assertions="4" time="0.087232"/>
        <testcase name="can_cache_property_name_for_setter_driver" class="Test_IoC_Cache_ZF" file="/export/users/marcelog/src/sts/Ding/test/cache/zfcache/Test_IoC_Cache_ZF.php" line="345" assertions="2" time="0.139525"/>
      </testsuite><testsuite name="Test_IoC_Annotation_Cache_ZF" file="/export/users/marcelog/src/sts/Ding/test/cache/zfcache/Test_IoC_Annotation_Cache_ZF.php" fullPackage="Test.Cache.Zfcache" category="Ding" package="Test" subpackage="Cache.Zfcache" tests="11" assertions="17" failures="0" errors="0" time="1.561132">
        <testcase name="can_get_from_a_namespaced_class" class="Test_IoC_Annotation_Cache_ZF" file="/export/users/marcelog/src/sts/Ding/test/cache/zfcache/Test_IoC_Annotation_Cache_ZF.php" line="86" assertions="1" time="0.447558"/>
        <testcase name="can_singleton" class="Test_IoC_Annotation_Cache_ZF" file="/export/users/marcelog/src/sts/Ding/test/cache/zfcache/Test_IoC_Annotation_Cache_ZF.php" line="95" assertions="3" time="0.105963"/>
        <testcase name="can_prototype" class="Test_IoC_Annotation_Cache_ZF" file="/export/users/marcelog/src/sts/Ding/test/cache/zfcache/Test_IoC_Annotation_Cache_ZF.php" line="114" assertions="3" time="0.112269"/>
        <testcase name="can_rename" class="Test_IoC_Annotation_Cache_ZF" file="/export/users/marcelog/src/sts/Ding/test/cache/zfcache/Test_IoC_Annotation_Cache_ZF.php" line="133" assertions="1" time="0.113134"/>
        <testcase name="can_init_method" class="Test_IoC_Annotation_Cache_ZF" file="/export/users/marcelog/src/sts/Ding/test/cache/zfcache/Test_IoC_Annotation_Cache_ZF.php" line="143" assertions="1" time="0.110708"/>
        <testcase name="can_destroy_method" class="Test_IoC_Annotation_Cache_ZF" file="/export/users/marcelog/src/sts/Ding/test/cache/zfcache/Test_IoC_Annotation_Cache_ZF.php" line="153" assertions="1" time="0.114362"/>
        <testcase name="can_at_resource" class="Test_IoC_Annotation_Cache_ZF" file="/export/users/marcelog/src/sts/Ding/test/cache/zfcache/Test_IoC_Annotation_Cache_ZF.php" line="166" assertions="3" time="0.117455"/>
        <testcase name="can_at_required" class="Test_IoC_Annotation_Cache_ZF" file="/export/users/marcelog/src/sts/Ding/test/cache/zfcache/Test_IoC_Annotation_Cache_ZF.php" line="178" assertions="1" time="0.122204"/>
        <testcase name="cannot_at_required_missing_property" class="Test_IoC_Annotation_Cache_ZF" file="/export/users/marcelog/src/sts/Ding/test/cache/zfcache/Test_IoC_Annotation_Cache_ZF.php" line="189" assertions="1" time="0.094019"/>
        <testcase name="can_class_init_method" class="Test_IoC_Annotation_Cache_ZF" file="/export/users/marcelog/src/sts/Ding/test/cache/zfcache/Test_IoC_Annotation_Cache_ZF.php" line="197" assertions="1" time="0.110241"/>
        <testcase name="can_class_destroy_method" class="Test_IoC_Annotation_Cache_ZF" file="/export/users/marcelog/src/sts/Ding/test/cache/zfcache/Test_IoC_Annotation_Cache_ZF.php" line="207" assertions="1" time="0.113219"/>
      </testsuite><testsuite name="Test_IoC_Annotation_Cache_File" file="/export/users/marcelog/src/sts/Ding/test/cache/file/Test_IoC_Annotation_Cache_File.php" fullPackage="Test.Cache.File" category="Ding" package="Test" subpackage="Cache.File" tests="11" assertions="17" failures="0" errors="0" time="0.975023">
        <testcase name="can_get_from_a_namespaced_class" class="Test_IoC_Annotation_Cache_File" file="/export/users/marcelog/src/sts/Ding/test/cache/file/Test_IoC_Annotation_Cache_File.php" line="77" assertions="1" time="0.305350"/>
        <testcase name="can_singleton" class="Test_IoC_Annotation_Cache_File" file="/export/users/marcelog/src/sts/Ding/test/cache/file/Test_IoC_Annotation_Cache_File.php" line="86" assertions="3" time="0.060416"/>
        <testcase name="can_prototype" class="Test_IoC_Annotation_Cache_File" file="/export/users/marcelog/src/sts/Ding/test/cache/file/Test_IoC_Annotation_Cache_File.php" line="105" assertions="3" time="0.068898"/>
        <testcase name="can_rename" class="Test_IoC_Annotation_Cache_File" file="/export/users/marcelog/src/sts/Ding/test/cache/file/Test_IoC_Annotation_Cache_File.php" line="124" assertions="1" time="0.064131"/>
        <testcase name="can_init_method" class="Test_IoC_Annotation_Cache_File" file="/export/users/marcelog/src/sts/Ding/test/cache/file/Test_IoC_Annotation_Cache_File.php" line="134" assertions="1" time="0.064024"/>
        <testcase name="can_destroy_method" class="Test_IoC_Annotation_Cache_File" file="/export/users/marcelog/src/sts/Ding/test/cache/file/Test_IoC_Annotation_Cache_File.php" line="144" assertions="1" time="0.062290"/>
        <testcase name="can_at_resource" class="Test_IoC_Annotation_Cache_File" file="/export/users/marcelog/src/sts/Ding/test/cache/file/Test_IoC_Annotation_Cache_File.php" line="157" assertions="3" time="0.098638"/>
        <testcase name="can_at_required" class="Test_IoC_Annotation_Cache_File" file="/export/users/marcelog/src/sts/Ding/test/cache/file/Test_IoC_Annotation_Cache_File.php" line="169" assertions="1" time="0.072607"/>
        <testcase name="cannot_at_required_missing_property" class="Test_IoC_Annotation_Cache_File" file="/export/users/marcelog/src/sts/Ding/test/cache/file/Test_IoC_Annotation_Cache_File.php" line="180" assertions="1" time="0.051081"/>
        <testcase name="can_class_init_method" class="Test_IoC_Annotation_Cache_File" file="/export/users/marcelog/src/sts/Ding/test/cache/file/Test_IoC_Annotation_Cache_File.php" line="188" assertions="1" time="0.068327"/>
        <testcase name="can_class_destroy_method" class="Test_IoC_Annotation_Cache_File" file="/export/users/marcelog/src/sts/Ding/test/cache/file/Test_IoC_Annotation_Cache_File.php" line="198" assertions="1" time="0.059261"/>
      </testsuite><testsuite name="Test_IoC_Cache_File" file="/export/users/marcelog/src/sts/Ding/test/cache/file/Test_IoC_Cache_File.php" fullPackage="Test.Cache.File" category="Ding" package="Test" subpackage="Cache.File" tests="16" assertions="80" failures="0" errors="0" time="0.929508">
        <testcase name="can_remove" class="Test_IoC_Cache_File" file="/export/users/marcelog/src/sts/Ding/test/cache/file/Test_IoC_Cache_File.php" line="96" assertions="4" time="0.055013"/>
        <testcase name="cannot_if_not_directory" class="Test_IoC_Cache_File" file="/export/users/marcelog/src/sts/Ding/test/cache/file/Test_IoC_Cache_File.php" line="121" assertions="1" time="0.016710"/>
        <testcase name="can_init_method" class="Test_IoC_Cache_File" file="/export/users/marcelog/src/sts/Ding/test/cache/file/Test_IoC_Cache_File.php" line="151" assertions="1" time="0.050200"/>
        <testcase name="can_destroy_method" class="Test_IoC_Cache_File" file="/export/users/marcelog/src/sts/Ding/test/cache/file/Test_IoC_Cache_File.php" line="161" assertions="1" time="0.048706"/>
        <testcase name="can_constructor_args" class="Test_IoC_Cache_File" file="/export/users/marcelog/src/sts/Ding/test/cache/file/Test_IoC_Cache_File.php" line="174" assertions="16" time="0.079367"/>
        <testcase name="can_setter_args" class="Test_IoC_Cache_File" file="/export/users/marcelog/src/sts/Ding/test/cache/file/Test_IoC_Cache_File.php" line="200" assertions="16" time="0.075244"/>
        <testcase name="can_setter_args_cached" class="Test_IoC_Cache_File" file="/export/users/marcelog/src/sts/Ding/test/cache/file/Test_IoC_Cache_File.php" line="225" assertions="16" time="0.073791"/>
        <testcase name="can_singleton" class="Test_IoC_Cache_File" file="/export/users/marcelog/src/sts/Ding/test/cache/file/Test_IoC_Cache_File.php" line="250" assertions="3" time="0.047590"/>
        <testcase name="can_prototype" class="Test_IoC_Cache_File" file="/export/users/marcelog/src/sts/Ding/test/cache/file/Test_IoC_Cache_File.php" line="269" assertions="3" time="0.051078"/>
        <testcase name="can_import" class="Test_IoC_Cache_File" file="/export/users/marcelog/src/sts/Ding/test/cache/file/Test_IoC_Cache_File.php" line="288" assertions="2" time="0.056001"/>
        <testcase name="can_depends_on" class="Test_IoC_Cache_File" file="/export/users/marcelog/src/sts/Ding/test/cache/file/Test_IoC_Cache_File.php" line="299" assertions="3" time="0.057295"/>
        <testcase name="can_method_lookup" class="Test_IoC_Cache_File" file="/export/users/marcelog/src/sts/Ding/test/cache/file/Test_IoC_Cache_File.php" line="311" assertions="2" time="0.061442"/>
        <testcase name="can_multiple_dirs" class="Test_IoC_Cache_File" file="/export/users/marcelog/src/sts/Ding/test/cache/file/Test_IoC_Cache_File.php" line="322" assertions="2" time="0.056739"/>
        <testcase name="can_factory_method" class="Test_IoC_Cache_File" file="/export/users/marcelog/src/sts/Ding/test/cache/file/Test_IoC_Cache_File.php" line="346" assertions="4" time="0.051900"/>
        <testcase name="can_factory_bean" class="Test_IoC_Cache_File" file="/export/users/marcelog/src/sts/Ding/test/cache/file/Test_IoC_Cache_File.php" line="359" assertions="4" time="0.056983"/>
        <testcase name="can_cache_property_name_for_setter_driver" class="Test_IoC_Cache_File" file="/export/users/marcelog/src/sts/Ding/test/cache/file/Test_IoC_Cache_File.php" line="372" assertions="2" time="0.091449"/>
      </testsuite><testsuite name="Test_IoC_Cache_APC" file="/export/users/marcelog/src/sts/Ding/test/cache/apc/Test_IoC_Cache_APC.php" fullPackage="Test.Cache.Apc" category="Ding" package="Test" subpackage="Cache.Apc" tests="15" assertions="79" failures="0" errors="0" time="1.057134">
        <testcase name="can_remove" class="Test_IoC_Cache_APC" file="/export/users/marcelog/src/sts/Ding/test/cache/apc/Test_IoC_Cache_APC.php" line="93" assertions="4" time="0.050278"/>
        <testcase name="can_init_method" class="Test_IoC_Cache_APC" file="/export/users/marcelog/src/sts/Ding/test/cache/apc/Test_IoC_Cache_APC.php" line="116" assertions="1" time="0.074636"/>
        <testcase name="can_destroy_method" class="Test_IoC_Cache_APC" file="/export/users/marcelog/src/sts/Ding/test/cache/apc/Test_IoC_Cache_APC.php" line="126" assertions="1" time="0.053819"/>
        <testcase name="can_constructor_args" class="Test_IoC_Cache_APC" file="/export/users/marcelog/src/sts/Ding/test/cache/apc/Test_IoC_Cache_APC.php" line="139" assertions="16" time="0.090356"/>
        <testcase name="can_setter_args" class="Test_IoC_Cache_APC" file="/export/users/marcelog/src/sts/Ding/test/cache/apc/Test_IoC_Cache_APC.php" line="165" assertions="16" time="0.086470"/>
        <testcase name="can_setter_args_cached" class="Test_IoC_Cache_APC" file="/export/users/marcelog/src/sts/Ding/test/cache/apc/Test_IoC_Cache_APC.php" line="190" assertions="16" time="0.098581"/>
        <testcase name="can_singleton" class="Test_IoC_Cache_APC" file="/export/users/marcelog/src/sts/Ding/test/cache/apc/Test_IoC_Cache_APC.php" line="215" assertions="3" time="0.052953"/>
        <testcase name="can_prototype" class="Test_IoC_Cache_APC" file="/export/users/marcelog/src/sts/Ding/test/cache/apc/Test_IoC_Cache_APC.php" line="234" assertions="3" time="0.055293"/>
        <testcase name="can_import" class="Test_IoC_Cache_APC" file="/export/users/marcelog/src/sts/Ding/test/cache/apc/Test_IoC_Cache_APC.php" line="253" assertions="2" time="0.066655"/>
        <testcase name="can_depends_on" class="Test_IoC_Cache_APC" file="/export/users/marcelog/src/sts/Ding/test/cache/apc/Test_IoC_Cache_APC.php" line="264" assertions="3" time="0.060995"/>
        <testcase name="can_method_lookup" class="Test_IoC_Cache_APC" file="/export/users/marcelog/src/sts/Ding/test/cache/apc/Test_IoC_Cache_APC.php" line="276" assertions="2" time="0.075374"/>
        <testcase name="can_multiple_dirs" class="Test_IoC_Cache_APC" file="/export/users/marcelog/src/sts/Ding/test/cache/apc/Test_IoC_Cache_APC.php" line="287" assertions="2" time="0.056789"/>
        <testcase name="can_factory_method" class="Test_IoC_Cache_APC" file="/export/users/marcelog/src/sts/Ding/test/cache/apc/Test_IoC_Cache_APC.php" line="311" assertions="4" time="0.062200"/>
        <testcase name="can_factory_bean" class="Test_IoC_Cache_APC" file="/export/users/marcelog/src/sts/Ding/test/cache/apc/Test_IoC_Cache_APC.php" line="324" assertions="4" time="0.069394"/>
        <testcase name="can_cache_property_name_for_setter_driver" class="Test_IoC_Cache_APC" file="/export/users/marcelog/src/sts/Ding/test/cache/apc/Test_IoC_Cache_APC.php" line="337" assertions="2" time="0.103341"/>
      </testsuite><testsuite name="Test_IoC_Annotation" file="/export/users/marcelog/src/sts/Ding/test/cache/apc/Test_IoC_Annotation_Cache_APC.php" fullPackage="Test.Cache.Apc" category="Ding" package="Test" subpackage="Cache.Apc" tests="11" assertions="17" failures="0" errors="0" time="2.991992">
        <testcase name="can_get_from_a_namespaced_class" class="Test_IoC_Annotation" file="/export/users/marcelog/src/sts/Ding/test/cache/apc/Test_IoC_Annotation_Cache_APC.php" line="76" assertions="1" time="0.290656"/>
        <testcase name="can_singleton" class="Test_IoC_Annotation" file="/export/users/marcelog/src/sts/Ding/test/cache/apc/Test_IoC_Annotation_Cache_APC.php" line="85" assertions="3" time="0.289852"/>
        <testcase name="can_prototype" class="Test_IoC_Annotation" file="/export/users/marcelog/src/sts/Ding/test/cache/apc/Test_IoC_Annotation_Cache_APC.php" line="104" assertions="3" time="0.271867"/>
        <testcase name="can_rename" class="Test_IoC_Annotation" file="/export/users/marcelog/src/sts/Ding/test/cache/apc/Test_IoC_Annotation_Cache_APC.php" line="123" assertions="1" time="0.257947"/>
        <testcase name="can_init_method" class="Test_IoC_Annotation" file="/export/users/marcelog/src/sts/Ding/test/cache/apc/Test_IoC_Annotation_Cache_APC.php" line="133" assertions="1" time="0.257408"/>
        <testcase name="can_destroy_method" class="Test_IoC_Annotation" file="/export/users/marcelog/src/sts/Ding/test/cache/apc/Test_IoC_Annotation_Cache_APC.php" line="143" assertions="1" time="0.261124"/>
        <testcase name="can_at_resource" class="Test_IoC_Annotation" file="/export/users/marcelog/src/sts/Ding/test/cache/apc/Test_IoC_Annotation_Cache_APC.php" line="156" assertions="3" time="0.278962"/>
        <testcase name="can_at_required" class="Test_IoC_Annotation" file="/export/users/marcelog/src/sts/Ding/test/cache/apc/Test_IoC_Annotation_Cache_APC.php" line="168" assertions="1" time="0.283753"/>
        <testcase name="cannot_at_required_missing_property" class="Test_IoC_Annotation" file="/export/users/marcelog/src/sts/Ding/test/cache/apc/Test_IoC_Annotation_Cache_APC.php" line="179" assertions="1" time="0.274506"/>
        <testcase name="can_class_init_method" class="Test_IoC_Annotation" file="/export/users/marcelog/src/sts/Ding/test/cache/apc/Test_IoC_Annotation_Cache_APC.php" line="187" assertions="1" time="0.265198"/>
        <testcase name="can_class_destroy_method" class="Test_IoC_Annotation" file="/export/users/marcelog/src/sts/Ding/test/cache/apc/Test_IoC_Annotation_Cache_APC.php" line="197" assertions="1" time="0.260719"/>
      </testsuite><testsuite name="Test_IoC_Cache_Memcached" file="/export/users/marcelog/src/sts/Ding/test/cache/memcached/Test_IoC_Cache_Memcached.php" fullPackage="Test.Cache.Memcached" category="Ding" package="Test" subpackage="Cache.Memcached" tests="15" assertions="79" failures="0" errors="0" time="1.115488">
        <testcase name="can_remove" class="Test_IoC_Cache_Memcached" file="/export/users/marcelog/src/sts/Ding/test/cache/memcached/Test_IoC_Cache_Memcached.php" line="94" assertions="4" time="0.058362"/>
        <testcase name="can_init_method" class="Test_IoC_Cache_Memcached" file="/export/users/marcelog/src/sts/Ding/test/cache/memcached/Test_IoC_Cache_Memcached.php" line="118" assertions="1" time="0.057998"/>
        <testcase name="can_destroy_method" class="Test_IoC_Cache_Memcached" file="/export/users/marcelog/src/sts/Ding/test/cache/memcached/Test_IoC_Cache_Memcached.php" line="128" assertions="1" time="0.058457"/>
        <testcase name="can_constructor_args" class="Test_IoC_Cache_Memcached" file="/export/users/marcelog/src/sts/Ding/test/cache/memcached/Test_IoC_Cache_Memcached.php" line="141" assertions="16" time="0.090770"/>
        <testcase name="can_setter_args" class="Test_IoC_Cache_Memcached" file="/export/users/marcelog/src/sts/Ding/test/cache/memcached/Test_IoC_Cache_Memcached.php" line="167" assertions="16" time="0.095675"/>
        <testcase name="can_setter_args_cached" class="Test_IoC_Cache_Memcached" file="/export/users/marcelog/src/sts/Ding/test/cache/memcached/Test_IoC_Cache_Memcached.php" line="192" assertions="16" time="0.106374"/>
        <testcase name="can_singleton" class="Test_IoC_Cache_Memcached" file="/export/users/marcelog/src/sts/Ding/test/cache/memcached/Test_IoC_Cache_Memcached.php" line="217" assertions="3" time="0.059209"/>
        <testcase name="can_prototype" class="Test_IoC_Cache_Memcached" file="/export/users/marcelog/src/sts/Ding/test/cache/memcached/Test_IoC_Cache_Memcached.php" line="236" assertions="3" time="0.059329"/>
        <testcase name="can_import" class="Test_IoC_Cache_Memcached" file="/export/users/marcelog/src/sts/Ding/test/cache/memcached/Test_IoC_Cache_Memcached.php" line="255" assertions="2" time="0.075845"/>
        <testcase name="can_depends_on" class="Test_IoC_Cache_Memcached" file="/export/users/marcelog/src/sts/Ding/test/cache/memcached/Test_IoC_Cache_Memcached.php" line="266" assertions="3" time="0.075546"/>
        <testcase name="can_method_lookup" class="Test_IoC_Cache_Memcached" file="/export/users/marcelog/src/sts/Ding/test/cache/memcached/Test_IoC_Cache_Memcached.php" line="278" assertions="2" time="0.083426"/>
        <testcase name="can_multiple_dirs" class="Test_IoC_Cache_Memcached" file="/export/users/marcelog/src/sts/Ding/test/cache/memcached/Test_IoC_Cache_Memcached.php" line="289" assertions="2" time="0.057732"/>
        <testcase name="can_factory_method" class="Test_IoC_Cache_Memcached" file="/export/users/marcelog/src/sts/Ding/test/cache/memcached/Test_IoC_Cache_Memcached.php" line="313" assertions="4" time="0.060276"/>
        <testcase name="can_factory_bean" class="Test_IoC_Cache_Memcached" file="/export/users/marcelog/src/sts/Ding/test/cache/memcached/Test_IoC_Cache_Memcached.php" line="326" assertions="4" time="0.068417"/>
        <testcase name="can_cache_property_name_for_setter_driver" class="Test_IoC_Cache_Memcached" file="/export/users/marcelog/src/sts/Ding/test/cache/memcached/Test_IoC_Cache_Memcached.php" line="339" assertions="2" time="0.108072"/>
      </testsuite><testsuite name="Test_IoC_Annotation_Cache_Memcached" file="/export/users/marcelog/src/sts/Ding/test/cache/memcached/Test_IoC_Annotation_Cache_Memcached.php" fullPackage="Test.Cache.Memcached" category="Ding" package="Test" subpackage="Cache.Memcached" tests="11" assertions="17" failures="0" errors="0" time="0.982632">
        <testcase name="can_get_from_a_namespaced_class" class="Test_IoC_Annotation_Cache_Memcached" file="/export/users/marcelog/src/sts/Ding/test/cache/memcached/Test_IoC_Annotation_Cache_Memcached.php" line="77" assertions="1" time="0.282098"/>
        <testcase name="can_singleton" class="Test_IoC_Annotation_Cache_Memcached" file="/export/users/marcelog/src/sts/Ding/test/cache/memcached/Test_IoC_Annotation_Cache_Memcached.php" line="86" assertions="3" time="0.082505"/>
        <testcase name="can_prototype" class="Test_IoC_Annotation_Cache_Memcached" file="/export/users/marcelog/src/sts/Ding/test/cache/memcached/Test_IoC_Annotation_Cache_Memcached.php" line="105" assertions="3" time="0.067136"/>
        <testcase name="can_rename" class="Test_IoC_Annotation_Cache_Memcached" file="/export/users/marcelog/src/sts/Ding/test/cache/memcached/Test_IoC_Annotation_Cache_Memcached.php" line="124" assertions="1" time="0.088196"/>
        <testcase name="can_init_method" class="Test_IoC_Annotation_Cache_Memcached" file="/export/users/marcelog/src/sts/Ding/test/cache/memcached/Test_IoC_Annotation_Cache_Memcached.php" line="134" assertions="1" time="0.059230"/>
        <testcase name="can_destroy_method" class="Test_IoC_Annotation_Cache_Memcached" file="/export/users/marcelog/src/sts/Ding/test/cache/memcached/Test_IoC_Annotation_Cache_Memcached.php" line="144" assertions="1" time="0.066033"/>
        <testcase name="can_at_resource" class="Test_IoC_Annotation_Cache_Memcached" file="/export/users/marcelog/src/sts/Ding/test/cache/memcached/Test_IoC_Annotation_Cache_Memcached.php" line="157" assertions="3" time="0.069845"/>
        <testcase name="can_at_required" class="Test_IoC_Annotation_Cache_Memcached" file="/export/users/marcelog/src/sts/Ding/test/cache/memcached/Test_IoC_Annotation_Cache_Memcached.php" line="169" assertions="1" time="0.085297"/>
        <testcase name="cannot_at_required_missing_property" class="Test_IoC_Annotation_Cache_Memcached" file="/export/users/marcelog/src/sts/Ding/test/cache/memcached/Test_IoC_Annotation_Cache_Memcached.php" line="180" assertions="1" time="0.055566"/>
        <testcase name="can_class_init_method" class="Test_IoC_Annotation_Cache_Memcached" file="/export/users/marcelog/src/sts/Ding/test/cache/memcached/Test_IoC_Annotation_Cache_Memcached.php" line="188" assertions="1" time="0.063869"/>
        <testcase name="can_class_destroy_method" class="Test_IoC_Annotation_Cache_Memcached" file="/export/users/marcelog/src/sts/Ding/test/cache/memcached/Test_IoC_Annotation_Cache_Memcached.php" line="198" assertions="1" time="0.062857"/>
      </testsuite><testsuite name="Test_Cache_Locator" file="/export/users/marcelog/src/sts/Ding/test/cache/locator/Test_Cache_Locator.php" fullPackage="Test.Cache.Locator" category="Ding" package="Test" subpackage="Cache.Locator" tests="1" assertions="1" failures="0" errors="0" time="0.003524">
        <testcase name="cannot_get_invalid_cache" class="Test_Cache_Locator" file="/export/users/marcelog/src/sts/Ding/test/cache/locator/Test_Cache_Locator.php" line="52" assertions="1" time="0.003524"/>
      </testsuite><testsuite name="Test_XML_Filter" file="/export/users/marcelog/src/sts/Ding/test/filter/xml/Test_XML_Filter.php" fullPackage="Test.Filter.Xml" category="Ding" package="Test" subpackage="Filter.Xml" tests="3" assertions="12" failures="0" errors="0" time="0.219140">
        <testcase name="can_use_properties" class="Test_XML_Filter" file="/export/users/marcelog/src/sts/Ding/test/filter/xml/Test_XML_Filter.php" line="53" assertions="4" time="0.071843"/>
        <testcase name="can_use_properties_from_holder" class="Test_XML_Filter" file="/export/users/marcelog/src/sts/Ding/test/filter/xml/Test_XML_Filter.php" line="81" assertions="4" time="0.073622"/>
        <testcase name="can_use_properties_from_holder_string" class="Test_XML_Filter" file="/export/users/marcelog/src/sts/Ding/test/filter/xml/Test_XML_Filter.php" line="110" assertions="4" time="0.073675"/>
      </testsuite><testsuite name="Test_Timezone" file="/export/users/marcelog/src/sts/Ding/test/timezone/Test_Timezone.php" fullPackage="Test.Timezone" category="Ding" package="Test" subpackage="Timezone" tests="1" assertions="3" failures="0" errors="0" time="0.070792">
        <testcase name="can_set_timezone" class="Test_Timezone" file="/export/users/marcelog/src/sts/Ding/test/timezone/Test_Timezone.php" line="51" assertions="3" time="0.070792"/>
      </testsuite><testsuite name="Test_Signal" file="/export/users/marcelog/src/sts/Ding/test/signal/Test_Signal.php" fullPackage="Test.Signal" category="Ding" package="Test" subpackage="Signal" tests="3" assertions="2" failures="0" errors="0" time="0.299470">
        <testcase name="can_set_signal_handler" class="Test_Signal" file="/export/users/marcelog/src/sts/Ding/test/signal/Test_Signal.php" line="52" assertions="1" time="0.056134"/>
        <testcase name="can_set_annotated_signal_handler" class="Test_Signal" file="/export/users/marcelog/src/sts/Ding/test/signal/Test_Signal.php" line="73" assertions="1" time="0.205831"/>
        <testcase name="can_do_nothing_if_no_handlers" class="Test_Signal" file="/export/users/marcelog/src/sts/Ding/test/signal/Test_Signal.php" line="94" assertions="0" time="0.037505"/>
      </testsuite><testsuite name="Test_Shutdown" file="/export/users/marcelog/src/sts/Ding/test/shutdown/Test_Shutdown.php" fullPackage="Test.Shutdown" category="Ding" package="Test" subpackage="Shutdown" tests="5" assertions="4" failures="0" errors="0" time="0.334901">
        <testcase name="can_set_shutdown_handler" class="Test_Shutdown" file="/export/users/marcelog/src/sts/Ding/test/shutdown/Test_Shutdown.php" line="53" assertions="1" time="0.066431"/>
        <testcase name="can_call_shutdown" class="Test_Shutdown" file="/export/users/marcelog/src/sts/Ding/test/shutdown/Test_Shutdown.php" line="75" assertions="1" time="0.012398"/>
        <testcase name="can_set_annotated_shutdown_handler" class="Test_Shutdown" file="/export/users/marcelog/src/sts/Ding/test/shutdown/Test_Shutdown.php" line="83" assertions="1" time="0.217992"/>
        <testcase name="can_call_annotated_shutdown" class="Test_Shutdown" file="/export/users/marcelog/src/sts/Ding/test/shutdown/Test_Shutdown.php" line="105" assertions="1" time="0.003656"/>
        <testcase name="can_do_nothing_if_no_handlers" class="Test_Shutdown" file="/export/users/marcelog/src/sts/Ding/test/shutdown/Test_Shutdown.php" line="113" assertions="0" time="0.034424"/>
      </testsuite><testsuite name="Test_Error" file="/export/users/marcelog/src/sts/Ding/test/error/Test_Error.php" fullPackage="Test.Error" category="Ding" package="Test" subpackage="Error" tests="4" assertions="23" failures="0" errors="0" time="0.326350">
        <testcase name="can_set_error_handler" class="Test_Error" file="/export/users/marcelog/src/sts/Ding/test/error/Test_Error.php" line="52" assertions="6" time="0.061064"/>
        <testcase name="can_set_annotated_error_handler" class="Test_Error" file="/export/users/marcelog/src/sts/Ding/test/error/Test_Error.php" line="86" assertions="6" time="0.220133"/>
        <testcase name="can_do_nothing_if_no_handlers" class="Test_Error" file="/export/users/marcelog/src/sts/Ding/test/error/Test_Error.php" line="120" assertions="0" time="0.034855"/>
        <testcase name="can_discriminate_errors" class="Test_Error" file="/export/users/marcelog/src/sts/Ding/test/error/Test_Error.php" line="136" assertions="11" time="0.010298"/>
      </testsuite><testsuite name="Test_MessageSource_Aware" file="/export/users/marcelog/src/sts/Ding/test/aware/Test_MessageSource_Aware.php" fullPackage="Test.Aware" category="Ding" package="Test" subpackage="Aware" tests="1" assertions="1" failures="0" errors="0" time="1.142510">
        <testcase name="can_be_message_source_aware" class="Test_MessageSource_Aware" file="/export/users/marcelog/src/sts/Ding/test/aware/Test_MessageSource_Aware.php" line="70" assertions="1" time="1.142510"/>
      </testsuite><testsuite name="Test_Lifecycle_Aware" file="/export/users/marcelog/src/sts/Ding/test/aware/Test_Lifecycle_Aware.php" fullPackage="Test.Aware" category="Ding" package="Test" subpackage="Aware" tests="1" assertions="5" failures="0" errors="0" time="1.103838">
        <testcase name="can_be_lifecycle_aware" class="Test_Lifecycle_Aware" file="/export/users/marcelog/src/sts/Ding/test/aware/Test_Lifecycle_Aware.php" line="76" assertions="5" time="1.103838"/>
      </testsuite><testsuite name="Test_AspectManager_Aware" file="/export/users/marcelog/src/sts/Ding/test/aware/Test_AspectManager_Aware.php" fullPackage="Test.Aware" category="Ding" package="Test" subpackage="Aware" tests="1" assertions="1" failures="0" errors="0" time="1.102405">
        <testcase name="can_be_aspect_manager_aware" class="Test_AspectManager_Aware" file="/export/users/marcelog/src/sts/Ding/test/aware/Test_AspectManager_Aware.php" line="70" assertions="1" time="1.102405"/>
      </testsuite><testsuite name="Test_ResourceLoader_Aware" file="/export/users/marcelog/src/sts/Ding/test/aware/Test_ResourceLoader_Aware.php" fullPackage="Test.Aware" category="Ding" package="Test" subpackage="Aware" tests="1" assertions="1" failures="0" errors="0" time="1.110272">
        <testcase name="can_be_resource_loader_aware" class="Test_ResourceLoader_Aware" file="/export/users/marcelog/src/sts/Ding/test/aware/Test_ResourceLoader_Aware.php" line="70" assertions="1" time="1.110272"/>
      </testsuite><testsuite name="Test_Logger_Aware" file="/export/users/marcelog/src/sts/Ding/test/aware/Test_Logger_Aware.php" fullPackage="Test.Aware" category="Ding" package="Test" subpackage="Aware" tests="1" assertions="1" failures="0" errors="0" time="1.088135">
        <testcase name="can_be_logger_aware" class="Test_Logger_Aware" file="/export/users/marcelog/src/sts/Ding/test/aware/Test_Logger_Aware.php" line="69" assertions="1" time="1.088135"/>
      </testsuite><testsuite name="Test_BeanName_Aware" file="/export/users/marcelog/src/sts/Ding/test/aware/Test_BeanName_Aware.php" fullPackage="Test.Aware" category="Ding" package="Test" subpackage="Aware" tests="1" assertions="1" failures="0" errors="0" time="1.099117">
        <testcase name="can_be_bean_name_aware" class="Test_BeanName_Aware" file="/export/users/marcelog/src/sts/Ding/test/aware/Test_BeanName_Aware.php" line="70" assertions="1" time="1.099117"/>
      </testsuite><testsuite name="Test_Container_Aware" file="/export/users/marcelog/src/sts/Ding/test/aware/Test_Container_Aware.php" fullPackage="Test.Aware" category="Ding" package="Test" subpackage="Aware" tests="1" assertions="1" failures="0" errors="0" time="1.114949">
        <testcase name="can_be_container_aware" class="Test_Container_Aware" file="/export/users/marcelog/src/sts/Ding/test/aware/Test_Container_Aware.php" line="70" assertions="1" time="1.114949"/>
      </testsuite><testsuite name="Test_Reflection" file="/export/users/marcelog/src/sts/Ding/test/reflection/Test_Reflection.php" fullPackage="Test.Reflection" category="Ding" package="Test" subpackage="Reflection" tests="1" assertions="1" failures="0" errors="0" time="0.048229">
        <testcase name="can_return_nothing_if_no_annotations_driver" class="Test_Reflection" file="/export/users/marcelog/src/sts/Ding/test/reflection/Test_Reflection.php" line="70" assertions="1" time="0.048229"/>
      </testsuite><testsuite name="Test_Autoloader" file="/export/users/marcelog/src/sts/Ding/test/autoloader/Test_Autoloader.php" fullPackage="Test.Autoloader" category="Ding" package="Test" subpackage="Autoloader" tests="1" assertions="1" failures="0" errors="0" time="0.004300">
        <testcase name="can_register" class="Test_Autoloader" file="/export/users/marcelog/src/sts/Ding/test/autoloader/Test_Autoloader.php" line="53" assertions="1" time="0.004300"/>
      </testsuite><testsuite name="Test_Logger" file="/export/users/marcelog/src/sts/Ding/test/logger/Test_Logger.php" fullPackage="Test.Logger" category="Ding" package="Test" subpackage="Logger" tests="1" assertions="2" failures="0" errors="0" time="0.003727">
        <testcase name="can_use_dummy_logger" class="Test_Logger" file="/export/users/marcelog/src/sts/Ding/test/logger/Test_Logger.php" line="51" assertions="2" time="0.003727"/>
      </testsuite><testsuite name="Test_URL_Resource" file="/export/users/marcelog/src/sts/Ding/test/resources-feature/Test_URL_Resource.php" fullPackage="Test.Resources" category="Ding" package="Test" subpackage="Resources" tests="6" assertions="10" failures="0" errors="0" time="0.770361">
        <testcase name="can_work_with_and_without_scheme" class="Test_URL_Resource" file="/export/users/marcelog/src/sts/Ding/test/resources-feature/Test_URL_Resource.php" line="62" assertions="5" time="0.395076"/>
        <testcase name="can_open" class="Test_URL_Resource" file="/export/users/marcelog/src/sts/Ding/test/resources-feature/Test_URL_Resource.php" line="75" assertions="1" time="0.353536"/>
        <testcase name="can_create_relative" class="Test_URL_Resource" file="/export/users/marcelog/src/sts/Ding/test/resources-feature/Test_URL_Resource.php" line="85" assertions="1" time="0.005955"/>
        <testcase name="cannot_open_invalid_file" class="Test_URL_Resource" file="/export/users/marcelog/src/sts/Ding/test/resources-feature/Test_URL_Resource.php" line="95" assertions="1" time="0.004344"/>
        <testcase name="cannot_open_invalid_url" class="Test_URL_Resource" file="/export/users/marcelog/src/sts/Ding/test/resources-feature/Test_URL_Resource.php" line="104" assertions="1" time="0.004334"/>
        <testcase name="cannot_check_exists_on_invalid_file" class="Test_URL_Resource" file="/export/users/marcelog/src/sts/Ding/test/resources-feature/Test_URL_Resource.php" line="112" assertions="1" time="0.007116"/>
      </testsuite><testsuite name="Test_IncludePath_Resource" file="/export/users/marcelog/src/sts/Ding/test/resources-feature/Test_IncludePath_Resource.php" fullPackage="Test.Resources" category="Ding" package="Test" subpackage="Resources" tests="1" assertions="6" failures="0" errors="0" time="0.009561">
        <testcase name="can_work_with_and_without_scheme" class="Test_IncludePath_Resource" file="/export/users/marcelog/src/sts/Ding/test/resources-feature/Test_IncludePath_Resource.php" line="62" assertions="6" time="0.009561"/>
      </testsuite><testsuite name="Test_Filesystem_Resource" file="/export/users/marcelog/src/sts/Ding/test/resources-feature/Test_Filesystem_Resource.php" fullPackage="Test.Resources" category="Ding" package="Test" subpackage="Resources" tests="5" assertions="18" failures="0" errors="0" time="0.093059">
        <testcase name="can_work_with_and_without_scheme" class="Test_Filesystem_Resource" file="/export/users/marcelog/src/sts/Ding/test/resources-feature/Test_Filesystem_Resource.php" line="63" assertions="8" time="0.009271"/>
        <testcase name="can_inject" class="Test_Filesystem_Resource" file="/export/users/marcelog/src/sts/Ding/test/resources-feature/Test_Filesystem_Resource.php" line="82" assertions="4" time="0.065909"/>
        <testcase name="can_open" class="Test_Filesystem_Resource" file="/export/users/marcelog/src/sts/Ding/test/resources-feature/Test_Filesystem_Resource.php" line="108" assertions="4" time="0.007422"/>
        <testcase name="can_create_relative" class="Test_Filesystem_Resource" file="/export/users/marcelog/src/sts/Ding/test/resources-feature/Test_Filesystem_Resource.php" line="123" assertions="1" time="0.005801"/>
        <testcase name="cannot_open_invalid_file" class="Test_Filesystem_Resource" file="/export/users/marcelog/src/sts/Ding/test/resources-feature/Test_Filesystem_Resource.php" line="133" assertions="1" time="0.004656"/>
      </testsuite><testsuite name="Test_i18n" file="/export/users/marcelog/src/sts/Ding/test/i18n/Test_i18n.php" fullPackage="Test.i18n" category="Ding" package="Test" subpackage="i18n" tests="2" assertions="2" failures="0" errors="0" time="0.118944">
        <testcase name="can_resolve_message_with_arguments" class="Test_i18n" file="/export/users/marcelog/src/sts/Ding/test/i18n/Test_i18n.php" line="66" assertions="1" time="0.061068"/>
        <testcase name="can_resolve_unknown_message_with_arguments" class="Test_i18n" file="/export/users/marcelog/src/sts/Ding/test/i18n/Test_i18n.php" line="79" assertions="1" time="0.057876"/>
      </testsuite><testsuite name="Test_Container" file="/export/users/marcelog/src/sts/Ding/test/container/Test_Container.php" fullPackage="Test.Container" category="Ding" package="Test" subpackage="Container" tests="4" assertions="4" failures="0" errors="0" time="0.610353">
        <testcase name="cannot_get_inexistant_pointcut" class="Test_Container" file="/export/users/marcelog/src/sts/Ding/test/container/Test_Container.php" line="74" assertions="1" time="0.057293"/>
        <testcase name="can_get_url_resource" class="Test_Container" file="/export/users/marcelog/src/sts/Ding/test/container/Test_Container.php" line="83" assertions="1" time="0.444320"/>
        <testcase name="can_get_resource_without_scheme" class="Test_Container" file="/export/users/marcelog/src/sts/Ding/test/container/Test_Container.php" line="94" assertions="2" time="0.053838"/>
        <testcase name="can_serialize" class="Test_Container" file="/export/users/marcelog/src/sts/Ding/test/container/Test_Container.php" line="105" assertions="0" time="0.054902"/>
      </testsuite></testsuites>
